
**** Clean-only build of configuration Debug for project lab_9 ****

"C:\\ti\\ccs1031\\ccs\\utils\\bin\\gmake" -k -j 8 clean -O 
 
DEL /F  "lab_9.hex"  "lab_9.out" 
DEL /F "Lab6_main.obj" "Timer.obj" "adc.obj" "button.obj" "extended_simple_mission_main.obj" "lcd.obj" "main.obj" "mission_helper.obj" "movement.obj" "open_interface.obj" "ping.obj" "tm4c123gh6pm_startup_ccs.obj" "uart.obj" 
DEL /F "Lab6_main.d" "Timer.d" "adc.d" "button.d" "extended_simple_mission_main.d" "lcd.d" "main.d" "mission_helper.d" "movement.d" "open_interface.d" "ping.d" "tm4c123gh6pm_startup_ccs.d" "uart.d" 
Could Not Find C:\Users\dsr\Downloads\288Lab\288Lab-master\lab_9\Debug\lab_9.hex
Finished clean
 

**** Build Finished ****

**** Build of configuration Debug for project lab_9 ****

"C:\\ti\\ccs1031\\ccs\\utils\\bin\\gmake" -k -j 8 all -O 
 
Building file: "../Lab6_main.c"
Invoking: Arm Compiler
"C:/ti/ccs1031/ccs/tools/compiler/ti-cgt-arm_20.2.4.LTS/bin/armcl" -mv7M4 --code_state=16 --float_support=FPv4SPD16 -me --include_path="C:/ti/TivaWare_C_Series-2.1.4.178" --include_path="C:/Users/dsr/Downloads/288Lab/288Lab-master/lab_9" --include_path="C:/ti/ccs1031/ccs/tools/compiler/ti-cgt-arm_20.2.4.LTS/include" --define=ccs="ccs" --define=PART_TM4C123GH6PM -g --gcc --diag_warning=225 --diag_wrap=off --display_error_number --abi=eabi --preproc_with_compile --preproc_dependency="Lab6_main.d_raw"  "../Lab6_main.c"
Finished building: "../Lab6_main.c"
 
Building file: "../Timer.c"
Invoking: Arm Compiler
"C:/ti/ccs1031/ccs/tools/compiler/ti-cgt-arm_20.2.4.LTS/bin/armcl" -mv7M4 --code_state=16 --float_support=FPv4SPD16 -me --include_path="C:/ti/TivaWare_C_Series-2.1.4.178" --include_path="C:/Users/dsr/Downloads/288Lab/288Lab-master/lab_9" --include_path="C:/ti/ccs1031/ccs/tools/compiler/ti-cgt-arm_20.2.4.LTS/include" --define=ccs="ccs" --define=PART_TM4C123GH6PM -g --gcc --diag_warning=225 --diag_wrap=off --display_error_number --abi=eabi --preproc_with_compile --preproc_dependency="Timer.d_raw"  "../Timer.c"
Finished building: "../Timer.c"
 
Building file: "../adc.c"
Invoking: Arm Compiler
"C:/ti/ccs1031/ccs/tools/compiler/ti-cgt-arm_20.2.4.LTS/bin/armcl" -mv7M4 --code_state=16 --float_support=FPv4SPD16 -me --include_path="C:/ti/TivaWare_C_Series-2.1.4.178" --include_path="C:/Users/dsr/Downloads/288Lab/288Lab-master/lab_9" --include_path="C:/ti/ccs1031/ccs/tools/compiler/ti-cgt-arm_20.2.4.LTS/include" --define=ccs="ccs" --define=PART_TM4C123GH6PM -g --gcc --diag_warning=225 --diag_wrap=off --display_error_number --abi=eabi --preproc_with_compile --preproc_dependency="adc.d_raw"  "../adc.c"
Finished building: "../adc.c"
 
Building file: "../button.c"
Invoking: Arm Compiler
"C:/ti/ccs1031/ccs/tools/compiler/ti-cgt-arm_20.2.4.LTS/bin/armcl" -mv7M4 --code_state=16 --float_support=FPv4SPD16 -me --include_path="C:/ti/TivaWare_C_Series-2.1.4.178" --include_path="C:/Users/dsr/Downloads/288Lab/288Lab-master/lab_9" --include_path="C:/ti/ccs1031/ccs/tools/compiler/ti-cgt-arm_20.2.4.LTS/include" --define=ccs="ccs" --define=PART_TM4C123GH6PM -g --gcc --diag_warning=225 --diag_wrap=off --display_error_number --abi=eabi --preproc_with_compile --preproc_dependency="button.d_raw"  "../button.c"
"../button.c", line 88: warning #225-D: function "IntRegister" declared implicitly
Finished building: "../button.c"
 
Building file: "../lcd.c"
Invoking: Arm Compiler
"C:/ti/ccs1031/ccs/tools/compiler/ti-cgt-arm_20.2.4.LTS/bin/armcl" -mv7M4 --code_state=16 --float_support=FPv4SPD16 -me --include_path="C:/ti/TivaWare_C_Series-2.1.4.178" --include_path="C:/Users/dsr/Downloads/288Lab/288Lab-master/lab_9" --include_path="C:/ti/ccs1031/ccs/tools/compiler/ti-cgt-arm_20.2.4.LTS/include" --define=ccs="ccs" --define=PART_TM4C123GH6PM -g --gcc --diag_warning=225 --diag_wrap=off --display_error_number --abi=eabi --preproc_with_compile --preproc_dependency="lcd.d_raw"  "../lcd.c"
Finished building: "../lcd.c"
 
Building file: "../ping.c"
Invoking: Arm Compiler
"C:/ti/ccs1031/ccs/tools/compiler/ti-cgt-arm_20.2.4.LTS/bin/armcl" -mv7M4 --code_state=16 --float_support=FPv4SPD16 -me --include_path="C:/ti/TivaWare_C_Series-2.1.4.178" --include_path="C:/Users/dsr/Downloads/288Lab/288Lab-master/lab_9" --include_path="C:/ti/ccs1031/ccs/tools/compiler/ti-cgt-arm_20.2.4.LTS/include" --define=ccs="ccs" --define=PART_TM4C123GH6PM -g --gcc --diag_warning=225 --diag_wrap=off --display_error_number --abi=eabi --preproc_with_compile --preproc_dependency="ping.d_raw"  "../ping.c"
 
>> Compilation failure
subdir_rules.mk:9: recipe for target 'ping.obj' failed
"../ping.c", line 25: error #19: extra text after expected end of number
"../ping.c", line 26: error #110: expression preceding parentheses of apparent call must have (pointer-to-) function type
"../ping.c", line 31: error #20: identifier "TIMER3B_Handler" is undefined
"../ping.c", line 51: warning #225-D: function "send_pulse" declared implicitly
"../ping.c", line 75: warning #161-D: declaration is incompatible with previous "send_pulse" (declared at line 51)
"../ping.c", line 83: warning #225-D: function "waitMicros" declared implicitly
"../ping.c", line 88: error #19: extra text after expected end of number
4 errors detected in the compilation of "../ping.c".
gmake: *** [ping.obj] Error 1
Building file: "../main.c"
Invoking: Arm Compiler
"C:/ti/ccs1031/ccs/tools/compiler/ti-cgt-arm_20.2.4.LTS/bin/armcl" -mv7M4 --code_state=16 --float_support=FPv4SPD16 -me --include_path="C:/ti/TivaWare_C_Series-2.1.4.178" --include_path="C:/Users/dsr/Downloads/288Lab/288Lab-master/lab_9" --include_path="C:/ti/ccs1031/ccs/tools/compiler/ti-cgt-arm_20.2.4.LTS/include" --define=ccs="ccs" --define=PART_TM4C123GH6PM -g --gcc --diag_warning=225 --diag_wrap=off --display_error_number --abi=eabi --preproc_with_compile --preproc_dependency="main.d_raw"  "../main.c"
"../main.c", line 14: warning #552-D: variable "ping_distance" was set but never used
Finished building: "../main.c"
 
Building file: "../tm4c123gh6pm_startup_ccs.c"
Invoking: Arm Compiler
"C:/ti/ccs1031/ccs/tools/compiler/ti-cgt-arm_20.2.4.LTS/bin/armcl" -mv7M4 --code_state=16 --float_support=FPv4SPD16 -me --include_path="C:/ti/TivaWare_C_Series-2.1.4.178" --include_path="C:/Users/dsr/Downloads/288Lab/288Lab-master/lab_9" --include_path="C:/ti/ccs1031/ccs/tools/compiler/ti-cgt-arm_20.2.4.LTS/include" --define=ccs="ccs" --define=PART_TM4C123GH6PM -g --gcc --diag_warning=225 --diag_wrap=off --display_error_number --abi=eabi --preproc_with_compile --preproc_dependency="tm4c123gh6pm_startup_ccs.d_raw"  "../tm4c123gh6pm_startup_ccs.c"
Finished building: "../tm4c123gh6pm_startup_ccs.c"
 
Building file: "../mission_helper.c"
Invoking: Arm Compiler
"C:/ti/ccs1031/ccs/tools/compiler/ti-cgt-arm_20.2.4.LTS/bin/armcl" -mv7M4 --code_state=16 --float_support=FPv4SPD16 -me --include_path="C:/ti/TivaWare_C_Series-2.1.4.178" --include_path="C:/Users/dsr/Downloads/288Lab/288Lab-master/lab_9" --include_path="C:/ti/ccs1031/ccs/tools/compiler/ti-cgt-arm_20.2.4.LTS/include" --define=ccs="ccs" --define=PART_TM4C123GH6PM -g --gcc --diag_warning=225 --diag_wrap=off --display_error_number --abi=eabi --preproc_with_compile --preproc_dependency="mission_helper.d_raw"  "../mission_helper.c"
Finished building: "../mission_helper.c"
 
Building file: "../extended_simple_mission_main.c"
Invoking: Arm Compiler
"C:/ti/ccs1031/ccs/tools/compiler/ti-cgt-arm_20.2.4.LTS/bin/armcl" -mv7M4 --code_state=16 --float_support=FPv4SPD16 -me --include_path="C:/ti/TivaWare_C_Series-2.1.4.178" --include_path="C:/Users/dsr/Downloads/288Lab/288Lab-master/lab_9" --include_path="C:/ti/ccs1031/ccs/tools/compiler/ti-cgt-arm_20.2.4.LTS/include" --define=ccs="ccs" --define=PART_TM4C123GH6PM -g --gcc --diag_warning=225 --diag_wrap=off --display_error_number --abi=eabi --preproc_with_compile --preproc_dependency="extended_simple_mission_main.d_raw"  "../extended_simple_mission_main.c"
"../extended_simple_mission_main.c", line 52: warning #552-D: variable "prev_dist" was set but never used
Finished building: "../extended_simple_mission_main.c"
 
Building file: "../movement.c"
Invoking: Arm Compiler
"C:/ti/ccs1031/ccs/tools/compiler/ti-cgt-arm_20.2.4.LTS/bin/armcl" -mv7M4 --code_state=16 --float_support=FPv4SPD16 -me --include_path="C:/ti/TivaWare_C_Series-2.1.4.178" --include_path="C:/Users/dsr/Downloads/288Lab/288Lab-master/lab_9" --include_path="C:/ti/ccs1031/ccs/tools/compiler/ti-cgt-arm_20.2.4.LTS/include" --define=ccs="ccs" --define=PART_TM4C123GH6PM -g --gcc --diag_warning=225 --diag_wrap=off --display_error_number --abi=eabi --preproc_with_compile --preproc_dependency="movement.d_raw"  "../movement.c"
"../movement.c", line 154: warning #179-D: variable "sum" was declared but never referenced
"../movement.c", line 156: warning #179-D: variable "horizontal_dist" was declared but never referenced
Finished building: "../movement.c"
 
Building file: "../uart.c"
Invoking: Arm Compiler
"C:/ti/ccs1031/ccs/tools/compiler/ti-cgt-arm_20.2.4.LTS/bin/armcl" -mv7M4 --code_state=16 --float_support=FPv4SPD16 -me --include_path="C:/ti/TivaWare_C_Series-2.1.4.178" --include_path="C:/Users/dsr/Downloads/288Lab/288Lab-master/lab_9" --include_path="C:/ti/ccs1031/ccs/tools/compiler/ti-cgt-arm_20.2.4.LTS/include" --define=ccs="ccs" --define=PART_TM4C123GH6PM -g --gcc --diag_warning=225 --diag_wrap=off --display_error_number --abi=eabi --preproc_with_compile --preproc_dependency="uart.d_raw"  "../uart.c"
Finished building: "../uart.c"
 
Building file: "../open_interface.c"
Invoking: Arm Compiler
"C:/ti/ccs1031/ccs/tools/compiler/ti-cgt-arm_20.2.4.LTS/bin/armcl" -mv7M4 --code_state=16 --float_support=FPv4SPD16 -me --include_path="C:/ti/TivaWare_C_Series-2.1.4.178" --include_path="C:/Users/dsr/Downloads/288Lab/288Lab-master/lab_9" --include_path="C:/ti/ccs1031/ccs/tools/compiler/ti-cgt-arm_20.2.4.LTS/include" --define=ccs="ccs" --define=PART_TM4C123GH6PM -g --gcc --diag_warning=225 --diag_wrap=off --display_error_number --abi=eabi --preproc_with_compile --preproc_dependency="open_interface.d_raw"  "../open_interface.c"
"../open_interface.c", line 356: warning #179-D: variable "charging_state" was declared but never referenced
Finished building: "../open_interface.c"
 
gmake: Target 'all' not remade because of errors.

**** Build Finished ****

**** Build of configuration Debug for project lab_9 ****

"C:\\ti\\ccs1031\\ccs\\utils\\bin\\gmake" -k -j 8 all -O 
 
Building file: "../ping.c"
Invoking: Arm Compiler
"C:/ti/ccs1031/ccs/tools/compiler/ti-cgt-arm_20.2.4.LTS/bin/armcl" -mv7M4 --code_state=16 --float_support=FPv4SPD16 -me --include_path="C:/ti/TivaWare_C_Series-2.1.4.178" --include_path="C:/Users/dsr/Downloads/288Lab/288Lab-master/lab_9" --include_path="C:/ti/ccs1031/ccs/tools/compiler/ti-cgt-arm_20.2.4.LTS/include" --define=ccs="ccs" --define=PART_TM4C123GH6PM -g --gcc --diag_warning=225 --diag_wrap=off --display_error_number --abi=eabi --preproc_with_compile --preproc_dependency="ping.d_raw"  "../ping.c"
 
>> Compilation failure
subdir_rules.mk:9: recipe for target 'ping.obj' failed
"../ping.c", line 25: error #19: extra text after expected end of number
"../ping.c", line 26: error #110: expression preceding parentheses of apparent call must have (pointer-to-) function type
"../ping.c", line 31: error #20: identifier "TIMER3B_Handler" is undefined
"../ping.c", line 51: warning #225-D: function "send_pulse" declared implicitly
"../ping.c", line 75: warning #161-D: declaration is incompatible with previous "send_pulse" (declared at line 51)
"../ping.c", line 83: warning #225-D: function "waitMicros" declared implicitly
"../ping.c", line 88: error #19: extra text after expected end of number
4 errors detected in the compilation of "../ping.c".
gmake: *** [ping.obj] Error 1
gmake: Target 'all' not remade because of errors.

**** Build Finished ****

**** Build of configuration Debug for project lab_9 ****

"C:\\ti\\ccs1031\\ccs\\utils\\bin\\gmake" -k -j 8 all -O 
 
Building file: "../ping.c"
Invoking: Arm Compiler
"C:/ti/ccs1031/ccs/tools/compiler/ti-cgt-arm_20.2.4.LTS/bin/armcl" -mv7M4 --code_state=16 --float_support=FPv4SPD16 -me --include_path="C:/ti/TivaWare_C_Series-2.1.4.178" --include_path="C:/Users/dsr/Downloads/288Lab/288Lab-master/lab_9" --include_path="C:/ti/ccs1031/ccs/tools/compiler/ti-cgt-arm_20.2.4.LTS/include" --define=ccs="ccs" --define=PART_TM4C123GH6PM -g --gcc --diag_warning=225 --diag_wrap=off --display_error_number --abi=eabi --preproc_with_compile --preproc_dependency="ping.d_raw"  "../ping.c"
 
>> Compilation failure
subdir_rules.mk:9: recipe for target 'ping.obj' failed
"../ping.c", line 25: error #19: extra text after expected end of number
"../ping.c", line 26: error #110: expression preceding parentheses of apparent call must have (pointer-to-) function type
"../ping.c", line 31: error #20: identifier "TIMER3B_Handler" is undefined
"../ping.c", line 51: warning #225-D: function "send_pulse" declared implicitly
"../ping.c", line 75: warning #161-D: declaration is incompatible with previous "send_pulse" (declared at line 51)
"../ping.c", line 83: warning #225-D: function "waitMicros" declared implicitly
"../ping.c", line 88: error #19: extra text after expected end of number
4 errors detected in the compilation of "../ping.c".
gmake: *** [ping.obj] Error 1
gmake: Target 'all' not remade because of errors.

**** Build Finished ****

**** Build of configuration Debug for project lab_9 ****

"C:\\ti\\ccs1031\\ccs\\utils\\bin\\gmake" -k -j 8 all -O 
 
Building file: "../ping.c"
Invoking: Arm Compiler
"C:/ti/ccs1031/ccs/tools/compiler/ti-cgt-arm_20.2.4.LTS/bin/armcl" -mv7M4 --code_state=16 --float_support=FPv4SPD16 -me --include_path="C:/ti/TivaWare_C_Series-2.1.4.178" --include_path="C:/Users/dsr/Downloads/288Lab/288Lab-master/lab_9" --include_path="C:/ti/ccs1031/ccs/tools/compiler/ti-cgt-arm_20.2.4.LTS/include" --define=ccs="ccs" --define=PART_TM4C123GH6PM -g --gcc --diag_warning=225 --diag_wrap=off --display_error_number --abi=eabi --preproc_with_compile --preproc_dependency="ping.d_raw"  "../ping.c"
 
>> Compilation failure
subdir_rules.mk:9: recipe for target 'ping.obj' failed
"../ping.c", line 25: error #19: extra text after expected end of number
"../ping.c", line 26: error #110: expression preceding parentheses of apparent call must have (pointer-to-) function type
"../ping.c", line 31: error #20: identifier "TIMER3B_Handler" is undefined
"../ping.c", line 51: warning #225-D: function "send_pulse" declared implicitly
"../ping.c", line 75: warning #161-D: declaration is incompatible with previous "send_pulse" (declared at line 51)
"../ping.c", line 83: warning #225-D: function "waitMicros" declared implicitly
"../ping.c", line 88: error #19: extra text after expected end of number
4 errors detected in the compilation of "../ping.c".
gmake: *** [ping.obj] Error 1
gmake: Target 'all' not remade because of errors.

**** Build Finished ****

**** Build of configuration Debug for project lab_9 ****

"C:\\ti\\ccs1031\\ccs\\utils\\bin\\gmake" -k -j 8 all -O 
 
Building file: "../ping.c"
Invoking: Arm Compiler
"C:/ti/ccs1031/ccs/tools/compiler/ti-cgt-arm_20.2.4.LTS/bin/armcl" -mv7M4 --code_state=16 --float_support=FPv4SPD16 -me --include_path="C:/ti/TivaWare_C_Series-2.1.4.178" --include_path="C:/Users/dsr/Downloads/288Lab/288Lab-master/lab_9" --include_path="C:/ti/ccs1031/ccs/tools/compiler/ti-cgt-arm_20.2.4.LTS/include" --define=ccs="ccs" --define=PART_TM4C123GH6PM -g --gcc --diag_warning=225 --diag_wrap=off --display_error_number --abi=eabi --preproc_with_compile --preproc_dependency="ping.d_raw"  "../ping.c"
 
>> Compilation failure
subdir_rules.mk:9: recipe for target 'ping.obj' failed
"../ping.c", line 25: error #19: extra text after expected end of number
"../ping.c", line 26: error #110: expression preceding parentheses of apparent call must have (pointer-to-) function type
"../ping.c", line 31: error #20: identifier "TIMER3B_Handler" is undefined
"../ping.c", line 51: warning #225-D: function "send_pulse" declared implicitly
"../ping.c", line 75: warning #161-D: declaration is incompatible with previous "send_pulse" (declared at line 51)
"../ping.c", line 83: warning #225-D: function "waitMicros" declared implicitly
"../ping.c", line 88: error #19: extra text after expected end of number
4 errors detected in the compilation of "../ping.c".
gmake: *** [ping.obj] Error 1
gmake: Target 'all' not remade because of errors.

**** Build Finished ****

**** Build of configuration Debug for project lab_9 ****

"C:\\ti\\ccs1031\\ccs\\utils\\bin\\gmake" -k -j 8 all -O 
 
Building file: "../ping.c"
Invoking: Arm Compiler
"C:/ti/ccs1031/ccs/tools/compiler/ti-cgt-arm_20.2.4.LTS/bin/armcl" -mv7M4 --code_state=16 --float_support=FPv4SPD16 -me --include_path="C:/ti/TivaWare_C_Series-2.1.4.178" --include_path="C:/Users/dsr/Downloads/288Lab/288Lab-master/lab_9" --include_path="C:/ti/ccs1031/ccs/tools/compiler/ti-cgt-arm_20.2.4.LTS/include" --define=ccs="ccs" --define=PART_TM4C123GH6PM -g --gcc --diag_warning=225 --diag_wrap=off --display_error_number --abi=eabi --preproc_with_compile --preproc_dependency="ping.d_raw"  "../ping.c"
 
>> Compilation failure
subdir_rules.mk:9: recipe for target 'ping.obj' failed
"../ping.c", line 26: error #19: extra text after expected end of number
"../ping.c", line 27: error #110: expression preceding parentheses of apparent call must have (pointer-to-) function type
"../ping.c", line 32: error #20: identifier "TIMER3B_Handler" is undefined
"../ping.c", line 84: warning #225-D: function "waitMicros" declared implicitly
"../ping.c", line 89: error #19: extra text after expected end of number
4 errors detected in the compilation of "../ping.c".
gmake: *** [ping.obj] Error 1
gmake: Target 'all' not remade because of errors.

**** Build Finished ****

**** Build of configuration Debug for project lab_9 ****

"C:\\ti\\ccs1031\\ccs\\utils\\bin\\gmake" -k -j 8 all -O 
 
Building file: "../ping.c"
Invoking: Arm Compiler
"C:/ti/ccs1031/ccs/tools/compiler/ti-cgt-arm_20.2.4.LTS/bin/armcl" -mv7M4 --code_state=16 --float_support=FPv4SPD16 -me --include_path="C:/ti/TivaWare_C_Series-2.1.4.178" --include_path="C:/Users/dsr/Downloads/288Lab/288Lab-master/lab_9" --include_path="C:/ti/ccs1031/ccs/tools/compiler/ti-cgt-arm_20.2.4.LTS/include" --define=ccs="ccs" --define=PART_TM4C123GH6PM -g --gcc --diag_warning=225 --diag_wrap=off --display_error_number --abi=eabi --preproc_with_compile --preproc_dependency="ping.d_raw"  "../ping.c"
 
>> Compilation failure
subdir_rules.mk:9: recipe for target 'ping.obj' failed
"../ping.c", line 27: error #110: expression preceding parentheses of apparent call must have (pointer-to-) function type
"../ping.c", line 32: error #20: identifier "TIMER3B_Handler" is undefined
"../ping.c", line 84: warning #225-D: function "waitMicros" declared implicitly
"../ping.c", line 89: error #19: extra text after expected end of number
3 errors detected in the compilation of "../ping.c".
gmake: *** [ping.obj] Error 1
gmake: Target 'all' not remade because of errors.

**** Build Finished ****

**** Build of configuration Debug for project lab_9 ****

"C:\\ti\\ccs1031\\ccs\\utils\\bin\\gmake" -k -j 8 all -O 
 
Building file: "../ping.c"
Invoking: Arm Compiler
"C:/ti/ccs1031/ccs/tools/compiler/ti-cgt-arm_20.2.4.LTS/bin/armcl" -mv7M4 --code_state=16 --float_support=FPv4SPD16 -me --include_path="C:/ti/TivaWare_C_Series-2.1.4.178" --include_path="C:/Users/dsr/Downloads/288Lab/288Lab-master/lab_9" --include_path="C:/ti/ccs1031/ccs/tools/compiler/ti-cgt-arm_20.2.4.LTS/include" --define=ccs="ccs" --define=PART_TM4C123GH6PM -g --gcc --diag_warning=225 --diag_wrap=off --display_error_number --abi=eabi --preproc_with_compile --preproc_dependency="ping.d_raw"  "../ping.c"
 
>> Compilation failure
subdir_rules.mk:9: recipe for target 'ping.obj' failed
"../ping.c", line 27: error #110: expression preceding parentheses of apparent call must have (pointer-to-) function type
"../ping.c", line 84: warning #225-D: function "waitMicros" declared implicitly
"../ping.c", line 89: error #19: extra text after expected end of number
2 errors detected in the compilation of "../ping.c".
gmake: *** [ping.obj] Error 1
gmake: Target 'all' not remade because of errors.

**** Build Finished ****

**** Build of configuration Debug for project lab_9 ****

"C:\\ti\\ccs1031\\ccs\\utils\\bin\\gmake" -k -j 8 all -O 
 
Building file: "../ping.c"
Invoking: Arm Compiler
"C:/ti/ccs1031/ccs/tools/compiler/ti-cgt-arm_20.2.4.LTS/bin/armcl" -mv7M4 --code_state=16 --float_support=FPv4SPD16 -me --include_path="C:/ti/TivaWare_C_Series-2.1.4.178" --include_path="C:/Users/dsr/Downloads/288Lab/288Lab-master/lab_9" --include_path="C:/ti/ccs1031/ccs/tools/compiler/ti-cgt-arm_20.2.4.LTS/include" --define=ccs="ccs" --define=PART_TM4C123GH6PM -g --gcc --diag_warning=225 --diag_wrap=off --display_error_number --abi=eabi --preproc_with_compile --preproc_dependency="ping.d_raw"  "../ping.c"
 
>> Compilation failure
subdir_rules.mk:9: recipe for target 'ping.obj' failed
"../ping.c", line 27: error #110: expression preceding parentheses of apparent call must have (pointer-to-) function type
"../ping.c", line 84: warning #225-D: function "waitMicros" declared implicitly
"../ping.c", line 89: error #19: extra text after expected end of number
2 errors detected in the compilation of "../ping.c".
gmake: *** [ping.obj] Error 1
Building file: "../main.c"
Invoking: Arm Compiler
"C:/ti/ccs1031/ccs/tools/compiler/ti-cgt-arm_20.2.4.LTS/bin/armcl" -mv7M4 --code_state=16 --float_support=FPv4SPD16 -me --include_path="C:/ti/TivaWare_C_Series-2.1.4.178" --include_path="C:/Users/dsr/Downloads/288Lab/288Lab-master/lab_9" --include_path="C:/ti/ccs1031/ccs/tools/compiler/ti-cgt-arm_20.2.4.LTS/include" --define=ccs="ccs" --define=PART_TM4C123GH6PM -g --gcc --diag_warning=225 --diag_wrap=off --display_error_number --abi=eabi --preproc_with_compile --preproc_dependency="main.d_raw"  "../main.c"
"../main.c", line 14: warning #552-D: variable "ping_distance" was set but never used
Finished building: "../main.c"
 
gmake: Target 'all' not remade because of errors.

**** Build Finished ****

**** Build of configuration Debug for project lab_9 ****

"C:\\ti\\ccs1031\\ccs\\utils\\bin\\gmake" -k -j 8 all -O 
 
Building file: "../ping.c"
Invoking: Arm Compiler
"C:/ti/ccs1031/ccs/tools/compiler/ti-cgt-arm_20.2.4.LTS/bin/armcl" -mv7M4 --code_state=16 --float_support=FPv4SPD16 -me --include_path="C:/ti/TivaWare_C_Series-2.1.4.178" --include_path="C:/Users/dsr/Downloads/288Lab/288Lab-master/lab_9" --include_path="C:/ti/ccs1031/ccs/tools/compiler/ti-cgt-arm_20.2.4.LTS/include" --define=ccs="ccs" --define=PART_TM4C123GH6PM -g --gcc --diag_warning=225 --diag_wrap=off --display_error_number --abi=eabi --preproc_with_compile --preproc_dependency="ping.d_raw"  "../ping.c"
 
>> Compilation failure
subdir_rules.mk:9: recipe for target 'ping.obj' failed
"../ping.c", line 27: error #110: expression preceding parentheses of apparent call must have (pointer-to-) function type
"../ping.c", line 84: warning #225-D: function "waitMicros" declared implicitly
1 error detected in the compilation of "../ping.c".
gmake: *** [ping.obj] Error 1
gmake: Target 'all' not remade because of errors.

**** Build Finished ****

**** Build of configuration Debug for project lab_9 ****

"C:\\ti\\ccs1031\\ccs\\utils\\bin\\gmake" -k -j 8 all -O 
 
Building file: "../ping.c"
Invoking: Arm Compiler
"C:/ti/ccs1031/ccs/tools/compiler/ti-cgt-arm_20.2.4.LTS/bin/armcl" -mv7M4 --code_state=16 --float_support=FPv4SPD16 -me --include_path="C:/ti/TivaWare_C_Series-2.1.4.178" --include_path="C:/Users/dsr/Downloads/288Lab/288Lab-master/lab_9" --include_path="C:/ti/ccs1031/ccs/tools/compiler/ti-cgt-arm_20.2.4.LTS/include" --define=ccs="ccs" --define=PART_TM4C123GH6PM -g --gcc --diag_warning=225 --diag_wrap=off --display_error_number --abi=eabi --preproc_with_compile --preproc_dependency="ping.d_raw"  "../ping.c"
"../ping.c", line 84: warning #225-D: function "waitMicros" declared implicitly
Finished building: "../ping.c"
 
Building target: "lab_9.out"
Invoking: Arm Linker
"C:/ti/ccs1031/ccs/tools/compiler/ti-cgt-arm_20.2.4.LTS/bin/armcl" -mv7M4 --code_state=16 --float_support=FPv4SPD16 -me --define=ccs="ccs" --define=PART_TM4C123GH6PM -g --gcc --diag_warning=225 --diag_wrap=off --display_error_number --abi=eabi -z -m"lab_9.map" --heap_size=1024 --stack_size=2048 -i"C:/ti/ccs1031/ccs/tools/compiler/ti-cgt-arm_20.2.4.LTS/lib" -i"C:/ti/ccs1031/ccs/tools/compiler/ti-cgt-arm_20.2.4.LTS/include" --reread_libs --diag_wrap=off --display_error_number --warn_sections --xml_link_info="lab_9_linkInfo.xml" --rom_model -o "lab_9.out" "./Lab6_main.obj" "./Timer.obj" "./adc.obj" "./button.obj" "./extended_simple_mission_main.obj" "./lcd.obj" "./main.obj" "./mission_helper.obj" "./movement.obj" "./open_interface.obj" "./ping.obj" "./tm4c123gh6pm_startup_ccs.obj" "./uart.obj" "../libcybotScan.lib" "../libcybotUART.lib" "../tm4c123gh6pm.cmd" "../dvt/libcybotScan.lib"  -l"C:/ti/TivaWare_C_Series-2.1.4.178/driverlib/ccs/Debug/driverlib.lib" -llibc.a 
<Linking>
error #10056: symbol "TIMER3B_Handler" redefined: first defined in "./ping.obj"; redefined in "../libcybotScan.lib<ping.obj>"
error #10056: symbol "ping_init" redefined: first defined in "./ping.obj"; redefined in "../libcybotScan.lib<ping.obj>"
 
 undefined  first referenced
  symbol        in file     
 ---------  ----------------
 waitMicros ./ping.obj      
 
error #10234-D: unresolved symbols remain
error #10010: errors encountered during linking; "lab_9.out" not built
 
>> Compilation failure
makefile:159: recipe for target 'lab_9.out' failed
gmake[1]: *** [lab_9.out] Error 1
makefile:155: recipe for target 'all' failed
gmake: *** [all] Error 2

**** Build Finished ****

**** Build of configuration Debug for project lab_9 ****

"C:\\ti\\ccs1031\\ccs\\utils\\bin\\gmake" -k -j 8 all -O 
 
Building file: "../ping.c"
Invoking: Arm Compiler
"C:/ti/ccs1031/ccs/tools/compiler/ti-cgt-arm_20.2.4.LTS/bin/armcl" -mv7M4 --code_state=16 --float_support=FPv4SPD16 -me --include_path="C:/ti/TivaWare_C_Series-2.1.4.178" --include_path="C:/Users/dsr/Downloads/288Lab/288Lab-master/lab_9" --include_path="C:/ti/ccs1031/ccs/tools/compiler/ti-cgt-arm_20.2.4.LTS/include" --define=ccs="ccs" --define=PART_TM4C123GH6PM -g --gcc --diag_warning=225 --diag_wrap=off --display_error_number --abi=eabi --preproc_with_compile --preproc_dependency="ping.d_raw"  "../ping.c"
 
>> Compilation failure
subdir_rules.mk:9: recipe for target 'ping.obj' failed
"../ping.c", line 32: error #20: identifier "TIMER3B_Handler" is undefined
"../ping.c", line 84: warning #225-D: function "waitMicros" declared implicitly
1 error detected in the compilation of "../ping.c".
gmake: *** [ping.obj] Error 1
gmake: Target 'all' not remade because of errors.

**** Build Finished ****

**** Build of configuration Debug for project lab_9 ****

"C:\\ti\\ccs1031\\ccs\\utils\\bin\\gmake" -k -j 8 all -O 
 
Building file: "../ping.c"
Invoking: Arm Compiler
"C:/ti/ccs1031/ccs/tools/compiler/ti-cgt-arm_20.2.4.LTS/bin/armcl" -mv7M4 --code_state=16 --float_support=FPv4SPD16 -me --include_path="C:/ti/TivaWare_C_Series-2.1.4.178" --include_path="C:/Users/dsr/Downloads/288Lab/288Lab-master/lab_9" --include_path="C:/ti/ccs1031/ccs/tools/compiler/ti-cgt-arm_20.2.4.LTS/include" --define=ccs="ccs" --define=PART_TM4C123GH6PM -g --gcc --diag_warning=225 --diag_wrap=off --display_error_number --abi=eabi --preproc_with_compile --preproc_dependency="ping.d_raw"  "../ping.c"
"../ping.c", line 32: warning #225-D: function "TIMER3B_Handler" declared implicitly
"../ping.c", line 32: warning #169-D: argument of type "int" is incompatible with parameter of type "void (*)(void)"
"../ping.c", line 84: warning #225-D: function "waitMicros" declared implicitly
"../ping.c", line 96: warning #161-D: declaration is incompatible with previous "TIMER3B_Handler" (declared at line 32)
Finished building: "../ping.c"
 
Building target: "lab_9.out"
Invoking: Arm Linker
"C:/ti/ccs1031/ccs/tools/compiler/ti-cgt-arm_20.2.4.LTS/bin/armcl" -mv7M4 --code_state=16 --float_support=FPv4SPD16 -me --define=ccs="ccs" --define=PART_TM4C123GH6PM -g --gcc --diag_warning=225 --diag_wrap=off --display_error_number --abi=eabi -z -m"lab_9.map" --heap_size=1024 --stack_size=2048 -i"C:/ti/ccs1031/ccs/tools/compiler/ti-cgt-arm_20.2.4.LTS/lib" -i"C:/ti/ccs1031/ccs/tools/compiler/ti-cgt-arm_20.2.4.LTS/include" --reread_libs --diag_wrap=off --display_error_number --warn_sections --xml_link_info="lab_9_linkInfo.xml" --rom_model -o "lab_9.out" "./Lab6_main.obj" "./Timer.obj" "./adc.obj" "./button.obj" "./extended_simple_mission_main.obj" "./lcd.obj" "./main.obj" "./mission_helper.obj" "./movement.obj" "./open_interface.obj" "./ping.obj" "./tm4c123gh6pm_startup_ccs.obj" "./uart.obj" "../libcybotScan.lib" "../libcybotUART.lib" "../tm4c123gh6pm.cmd" "../dvt/libcybotScan.lib"  -l"C:/ti/TivaWare_C_Series-2.1.4.178/driverlib/ccs/Debug/driverlib.lib" -llibc.a 
<Linking>
error #10056: symbol "TIMER3B_Handler" redefined: first defined in "./ping.obj"; redefined in "../libcybotScan.lib<ping.obj>"
error #10056: symbol "ping_init" redefined: first defined in "./ping.obj"; redefined in "../libcybotScan.lib<ping.obj>"
 
 undefined  first referenced
  symbol        in file     
 ---------  ----------------
 waitMicros ./ping.obj      
 
error #10234-D: unresolved symbols remain
error #10010: errors encountered during linking; "lab_9.out" not built
 
>> Compilation failure
makefile:159: recipe for target 'lab_9.out' failed
gmake[1]: *** [lab_9.out] Error 1
makefile:155: recipe for target 'all' failed
gmake: *** [all] Error 2

**** Build Finished ****

**** Build of configuration Debug for project lab_9 ****

"C:\\ti\\ccs1031\\ccs\\utils\\bin\\gmake" -k -j 8 all -O 
 
Building target: "lab_9.out"
Invoking: Arm Linker
"C:/ti/ccs1031/ccs/tools/compiler/ti-cgt-arm_20.2.4.LTS/bin/armcl" -mv7M4 --code_state=16 --float_support=FPv4SPD16 -me --define=ccs="ccs" --define=PART_TM4C123GH6PM -g --gcc --diag_warning=225 --diag_wrap=off --display_error_number --abi=eabi -z -m"lab_9.map" --heap_size=1024 --stack_size=2048 -i"C:/ti/ccs1031/ccs/tools/compiler/ti-cgt-arm_20.2.4.LTS/lib" -i"C:/ti/ccs1031/ccs/tools/compiler/ti-cgt-arm_20.2.4.LTS/include" --reread_libs --diag_wrap=off --display_error_number --warn_sections --xml_link_info="lab_9_linkInfo.xml" --rom_model -o "lab_9.out" "./Lab6_main.obj" "./Timer.obj" "./adc.obj" "./button.obj" "./extended_simple_mission_main.obj" "./lcd.obj" "./main.obj" "./mission_helper.obj" "./movement.obj" "./open_interface.obj" "./ping.obj" "./tm4c123gh6pm_startup_ccs.obj" "./uart.obj" "../libcybotScan.lib" "../libcybotUART.lib" "../tm4c123gh6pm.cmd" "../dvt/libcybotScan.lib"  -l"C:/ti/TivaWare_C_Series-2.1.4.178/driverlib/ccs/Debug/driverlib.lib" -llibc.a 
<Linking>
error #10056: symbol "TIMER3B_Handler" redefined: first defined in "./ping.obj"; redefined in "../libcybotScan.lib<ping.obj>"
error #10056: symbol "ping_init" redefined: first defined in "./ping.obj"; redefined in "../libcybotScan.lib<ping.obj>"
 
 undefined  first referenced
  symbol        in file     
 ---------  ----------------
 waitMicros ./ping.obj      
 
error #10234-D: unresolved symbols remain
error #10010: errors encountered during linking; "lab_9.out" not built
 
>> Compilation failure
makefile:159: recipe for target 'lab_9.out' failed
gmake[1]: *** [lab_9.out] Error 1
makefile:155: recipe for target 'all' failed
gmake: *** [all] Error 2

**** Build Finished ****

**** Build of configuration Debug for project lab_9 ****

"C:\\ti\\ccs1031\\ccs\\utils\\bin\\gmake" -k -j 8 all -O 
 
Building file: "../ping.c"
Invoking: Arm Compiler
"C:/ti/ccs1031/ccs/tools/compiler/ti-cgt-arm_20.2.4.LTS/bin/armcl" -mv7M4 --code_state=16 --float_support=FPv4SPD16 -me --include_path="C:/ti/TivaWare_C_Series-2.1.4.178" --include_path="C:/Users/dsr/Downloads/288Lab/288Lab-master/lab_9" --include_path="C:/ti/ccs1031/ccs/tools/compiler/ti-cgt-arm_20.2.4.LTS/include" --define=ccs="ccs" --define=PART_TM4C123GH6PM -g --gcc --diag_warning=225 --diag_wrap=off --display_error_number --abi=eabi --preproc_with_compile --preproc_dependency="ping.d_raw"  "../ping.c"
"../ping.c", line 32: warning #225-D: function "TIMER3B_Handler" declared implicitly
"../ping.c", line 32: warning #169-D: argument of type "int" is incompatible with parameter of type "void (*)(void)"
"../ping.c", line 84: warning #225-D: function "waitMicros" declared implicitly
"../ping.c", line 96: warning #161-D: declaration is incompatible with previous "TIMER3B_Handler" (declared at line 32)
Finished building: "../ping.c"
 
Building target: "lab_9.out"
Invoking: Arm Linker
"C:/ti/ccs1031/ccs/tools/compiler/ti-cgt-arm_20.2.4.LTS/bin/armcl" -mv7M4 --code_state=16 --float_support=FPv4SPD16 -me --define=ccs="ccs" --define=PART_TM4C123GH6PM -g --gcc --diag_warning=225 --diag_wrap=off --display_error_number --abi=eabi -z -m"lab_9.map" --heap_size=1024 --stack_size=2048 -i"C:/ti/ccs1031/ccs/tools/compiler/ti-cgt-arm_20.2.4.LTS/lib" -i"C:/ti/ccs1031/ccs/tools/compiler/ti-cgt-arm_20.2.4.LTS/include" --reread_libs --diag_wrap=off --display_error_number --warn_sections --xml_link_info="lab_9_linkInfo.xml" --rom_model -o "lab_9.out" "./Lab6_main.obj" "./Timer.obj" "./adc.obj" "./button.obj" "./extended_simple_mission_main.obj" "./lcd.obj" "./main.obj" "./mission_helper.obj" "./movement.obj" "./open_interface.obj" "./ping.obj" "./tm4c123gh6pm_startup_ccs.obj" "./uart.obj" "../libcybotScan.lib" "../libcybotUART.lib" "../tm4c123gh6pm.cmd" "../dvt/libcybotScan.lib"  -l"C:/ti/TivaWare_C_Series-2.1.4.178/driverlib/ccs/Debug/driverlib.lib" -llibc.a 
<Linking>
error #10056: symbol "TIMER3B_Handler" redefined: first defined in "./ping.obj"; redefined in "../libcybotScan.lib<ping.obj>"
error #10056: symbol "ping_init" redefined: first defined in "./ping.obj"; redefined in "../libcybotScan.lib<ping.obj>"
 
 undefined  first referenced
  symbol        in file     
 ---------  ----------------
 waitMicros ./ping.obj      
 
error #10234-D: unresolved symbols remain
error #10010: errors encountered during linking; "lab_9.out" not built
 
>> Compilation failure
makefile:159: recipe for target 'lab_9.out' failed
gmake[1]: *** [lab_9.out] Error 1
makefile:155: recipe for target 'all' failed
gmake: *** [all] Error 2

**** Build Finished ****

**** Build of configuration Debug for project lab_9 ****

"C:\\ti\\ccs1031\\ccs\\utils\\bin\\gmake" -k -j 8 all -O 
 
Building file: "../main.c"
Invoking: Arm Compiler
"C:/ti/ccs1031/ccs/tools/compiler/ti-cgt-arm_20.2.4.LTS/bin/armcl" -mv7M4 --code_state=16 --float_support=FPv4SPD16 -me --include_path="C:/ti/TivaWare_C_Series-2.1.4.178" --include_path="C:/Users/dsr/Downloads/288Lab/288Lab-master/lab_9" --include_path="C:/ti/ccs1031/ccs/tools/compiler/ti-cgt-arm_20.2.4.LTS/include" --define=ccs="ccs" --define=PART_TM4C123GH6PM -g --gcc --diag_warning=225 --diag_wrap=off --display_error_number --abi=eabi --preproc_with_compile --preproc_dependency="main.d_raw"  "../main.c"
"../main.c", line 14: warning #552-D: variable "ping_distance" was set but never used
Finished building: "../main.c"
 
Building file: "../ping.c"
Invoking: Arm Compiler
"C:/ti/ccs1031/ccs/tools/compiler/ti-cgt-arm_20.2.4.LTS/bin/armcl" -mv7M4 --code_state=16 --float_support=FPv4SPD16 -me --include_path="C:/ti/TivaWare_C_Series-2.1.4.178" --include_path="C:/Users/dsr/Downloads/288Lab/288Lab-master/lab_9" --include_path="C:/ti/ccs1031/ccs/tools/compiler/ti-cgt-arm_20.2.4.LTS/include" --define=ccs="ccs" --define=PART_TM4C123GH6PM -g --gcc --diag_warning=225 --diag_wrap=off --display_error_number --abi=eabi --preproc_with_compile --preproc_dependency="ping.d_raw"  "../ping.c"
"../ping.c", line 32: warning #225-D: function "TIMER3B_Handler" declared implicitly
"../ping.c", line 32: warning #169-D: argument of type "int" is incompatible with parameter of type "void (*)(void)"
"../ping.c", line 84: warning #225-D: function "waitMicros" declared implicitly
"../ping.c", line 96: warning #161-D: declaration is incompatible with previous "TIMER3B_Handler" (declared at line 32)
Finished building: "../ping.c"
 
Building target: "lab_9.out"
Invoking: Arm Linker
"C:/ti/ccs1031/ccs/tools/compiler/ti-cgt-arm_20.2.4.LTS/bin/armcl" -mv7M4 --code_state=16 --float_support=FPv4SPD16 -me --define=ccs="ccs" --define=PART_TM4C123GH6PM -g --gcc --diag_warning=225 --diag_wrap=off --display_error_number --abi=eabi -z -m"lab_9.map" --heap_size=1024 --stack_size=2048 -i"C:/ti/ccs1031/ccs/tools/compiler/ti-cgt-arm_20.2.4.LTS/lib" -i"C:/ti/ccs1031/ccs/tools/compiler/ti-cgt-arm_20.2.4.LTS/include" --reread_libs --diag_wrap=off --display_error_number --warn_sections --xml_link_info="lab_9_linkInfo.xml" --rom_model -o "lab_9.out" "./Lab6_main.obj" "./Timer.obj" "./adc.obj" "./button.obj" "./extended_simple_mission_main.obj" "./lcd.obj" "./main.obj" "./mission_helper.obj" "./movement.obj" "./open_interface.obj" "./ping.obj" "./tm4c123gh6pm_startup_ccs.obj" "./uart.obj" "../libcybotScan.lib" "../libcybotUART.lib" "../tm4c123gh6pm.cmd" "../dvt/libcybotScan.lib"  -l"C:/ti/TivaWare_C_Series-2.1.4.178/driverlib/ccs/Debug/driverlib.lib" -llibc.a 
<Linking>
error #10056: symbol "TIMER3B_Handler" redefined: first defined in "./ping.obj"; redefined in "../libcybotScan.lib<ping.obj>"
error #10056: symbol "ping_init" redefined: first defined in "./ping.obj"; redefined in "../libcybotScan.lib<ping.obj>"
 
 undefined  first referenced
  symbol        in file     
 ---------  ----------------
 waitMicros ./ping.obj      
 
error #10234-D: unresolved symbols remain
error #10010: errors encountered during linking; "lab_9.out" not built
 
>> Compilation failure
makefile:159: recipe for target 'lab_9.out' failed
gmake[1]: *** [lab_9.out] Error 1
makefile:155: recipe for target 'all' failed
gmake: *** [all] Error 2

**** Build Finished ****

**** Build of configuration Debug for project lab_9 ****

"C:\\ti\\ccs1031\\ccs\\utils\\bin\\gmake" -k -j 8 all -O 
 
Building file: "../ping.c"
Invoking: Arm Compiler
"C:/ti/ccs1031/ccs/tools/compiler/ti-cgt-arm_20.2.4.LTS/bin/armcl" -mv7M4 --code_state=16 --float_support=FPv4SPD16 -me --include_path="C:/ti/TivaWare_C_Series-2.1.4.178" --include_path="C:/Users/dsr/Downloads/288Lab/288Lab-master/lab_9" --include_path="C:/ti/ccs1031/ccs/tools/compiler/ti-cgt-arm_20.2.4.LTS/include" --define=ccs="ccs" --define=PART_TM4C123GH6PM -g --gcc --diag_warning=225 --diag_wrap=off --display_error_number --abi=eabi --preproc_with_compile --preproc_dependency="ping.d_raw"  "../ping.c"
"../ping.c", line 32: warning #225-D: function "TIMER3B_Handler" declared implicitly
"../ping.c", line 32: warning #169-D: argument of type "int" is incompatible with parameter of type "void (*)(void)"
"../ping.c", line 84: warning #225-D: function "waitMicros" declared implicitly
Finished building: "../ping.c"
 
Building target: "lab_9.out"
Invoking: Arm Linker
"C:/ti/ccs1031/ccs/tools/compiler/ti-cgt-arm_20.2.4.LTS/bin/armcl" -mv7M4 --code_state=16 --float_support=FPv4SPD16 -me --define=ccs="ccs" --define=PART_TM4C123GH6PM -g --gcc --diag_warning=225 --diag_wrap=off --display_error_number --abi=eabi -z -m"lab_9.map" --heap_size=1024 --stack_size=2048 -i"C:/ti/ccs1031/ccs/tools/compiler/ti-cgt-arm_20.2.4.LTS/lib" -i"C:/ti/ccs1031/ccs/tools/compiler/ti-cgt-arm_20.2.4.LTS/include" --reread_libs --diag_wrap=off --display_error_number --warn_sections --xml_link_info="lab_9_linkInfo.xml" --rom_model -o "lab_9.out" "./Lab6_main.obj" "./Timer.obj" "./adc.obj" "./button.obj" "./extended_simple_mission_main.obj" "./lcd.obj" "./main.obj" "./mission_helper.obj" "./movement.obj" "./open_interface.obj" "./ping.obj" "./tm4c123gh6pm_startup_ccs.obj" "./uart.obj" "../libcybotScan.lib" "../libcybotUART.lib" "../tm4c123gh6pm.cmd" "../dvt/libcybotScan.lib"  -l"C:/ti/TivaWare_C_Series-2.1.4.178/driverlib/ccs/Debug/driverlib.lib" -llibc.a 
<Linking>
error #10056: symbol "ping_init" redefined: first defined in "./ping.obj"; redefined in "../libcybotScan.lib<ping.obj>"
 
 undefined  first referenced
  symbol        in file     
 ---------  ----------------
 waitMicros ./ping.obj      
 
error #10234-D: unresolved symbols remain
error #10010: errors encountered during linking; "lab_9.out" not built
 
>> Compilation failure
makefile:159: recipe for target 'lab_9.out' failed
gmake[1]: *** [lab_9.out] Error 1
makefile:155: recipe for target 'all' failed
gmake: *** [all] Error 2

**** Build Finished ****

**** Build of configuration Debug for project lab_9 ****

"C:\\ti\\ccs1031\\ccs\\utils\\bin\\gmake" -k -j 8 all -O 
 
Building file: "../ping.c"
Invoking: Arm Compiler
"C:/ti/ccs1031/ccs/tools/compiler/ti-cgt-arm_20.2.4.LTS/bin/armcl" -mv7M4 --code_state=16 --float_support=FPv4SPD16 -me --include_path="C:/ti/TivaWare_C_Series-2.1.4.178" --include_path="C:/Users/dsr/Downloads/288Lab/288Lab-master/lab_9" --include_path="C:/ti/ccs1031/ccs/tools/compiler/ti-cgt-arm_20.2.4.LTS/include" --define=ccs="ccs" --define=PART_TM4C123GH6PM -g --gcc --diag_warning=225 --diag_wrap=off --display_error_number --abi=eabi --preproc_with_compile --preproc_dependency="ping.d_raw"  "../ping.c"
"../ping.c", line 32: warning #225-D: function "TIMER3B_Handler" declared implicitly
"../ping.c", line 32: warning #169-D: argument of type "int" is incompatible with parameter of type "void (*)(void)"
"../ping.c", line 84: warning #225-D: function "waitMicros" declared implicitly
Finished building: "../ping.c"
 
Building target: "lab_9.out"
Invoking: Arm Linker
"C:/ti/ccs1031/ccs/tools/compiler/ti-cgt-arm_20.2.4.LTS/bin/armcl" -mv7M4 --code_state=16 --float_support=FPv4SPD16 -me --define=ccs="ccs" --define=PART_TM4C123GH6PM -g --gcc --diag_warning=225 --diag_wrap=off --display_error_number --abi=eabi -z -m"lab_9.map" --heap_size=1024 --stack_size=2048 -i"C:/ti/ccs1031/ccs/tools/compiler/ti-cgt-arm_20.2.4.LTS/lib" -i"C:/ti/ccs1031/ccs/tools/compiler/ti-cgt-arm_20.2.4.LTS/include" --reread_libs --diag_wrap=off --display_error_number --warn_sections --xml_link_info="lab_9_linkInfo.xml" --rom_model -o "lab_9.out" "./Lab6_main.obj" "./Timer.obj" "./adc.obj" "./button.obj" "./extended_simple_mission_main.obj" "./lcd.obj" "./main.obj" "./mission_helper.obj" "./movement.obj" "./open_interface.obj" "./ping.obj" "./tm4c123gh6pm_startup_ccs.obj" "./uart.obj" "../libcybotScan.lib" "../libcybotUART.lib" "../tm4c123gh6pm.cmd" "../dvt/libcybotScan.lib"  -l"C:/ti/TivaWare_C_Series-2.1.4.178/driverlib/ccs/Debug/driverlib.lib" -llibc.a 
<Linking>
error #10056: symbol "ping_init" redefined: first defined in "./ping.obj"; redefined in "../libcybotScan.lib<ping.obj>"
 
 undefined  first referenced
  symbol        in file     
 ---------  ----------------
 waitMicros ./ping.obj      
 
error #10234-D: unresolved symbols remain
error #10010: errors encountered during linking; "lab_9.out" not built
 
>> Compilation failure
makefile:159: recipe for target 'lab_9.out' failed
gmake[1]: *** [lab_9.out] Error 1
makefile:155: recipe for target 'all' failed
gmake: *** [all] Error 2

**** Build Finished ****

**** Build of configuration Debug for project lab_9 ****

"C:\\ti\\ccs1031\\ccs\\utils\\bin\\gmake" -k -j 8 all -O 
 
Building file: "../main.c"
Invoking: Arm Compiler
"C:/ti/ccs1031/ccs/tools/compiler/ti-cgt-arm_20.2.4.LTS/bin/armcl" -mv7M4 --code_state=16 --float_support=FPv4SPD16 -me --include_path="C:/ti/TivaWare_C_Series-2.1.4.178" --include_path="C:/Users/dsr/Downloads/288Lab/288Lab-master/lab_9" --include_path="C:/ti/ccs1031/ccs/tools/compiler/ti-cgt-arm_20.2.4.LTS/include" --define=ccs="ccs" --define=PART_TM4C123GH6PM -g --gcc --diag_warning=225 --diag_wrap=off --display_error_number --abi=eabi --preproc_with_compile --preproc_dependency="main.d_raw"  "../main.c"
"../main.c", line 14: warning #552-D: variable "ping_distance" was set but never used
Finished building: "../main.c"
 
Building file: "../ping.c"
Invoking: Arm Compiler
"C:/ti/ccs1031/ccs/tools/compiler/ti-cgt-arm_20.2.4.LTS/bin/armcl" -mv7M4 --code_state=16 --float_support=FPv4SPD16 -me --include_path="C:/ti/TivaWare_C_Series-2.1.4.178" --include_path="C:/Users/dsr/Downloads/288Lab/288Lab-master/lab_9" --include_path="C:/ti/ccs1031/ccs/tools/compiler/ti-cgt-arm_20.2.4.LTS/include" --define=ccs="ccs" --define=PART_TM4C123GH6PM -g --gcc --diag_warning=225 --diag_wrap=off --display_error_number --abi=eabi --preproc_with_compile --preproc_dependency="ping.d_raw"  "../ping.c"
"../ping.c", line 32: warning #225-D: function "TIMER3B_Handler" declared implicitly
"../ping.c", line 32: warning #169-D: argument of type "int" is incompatible with parameter of type "void (*)(void)"
Finished building: "../ping.c"
 
Building target: "lab_9.out"
Invoking: Arm Linker
"C:/ti/ccs1031/ccs/tools/compiler/ti-cgt-arm_20.2.4.LTS/bin/armcl" -mv7M4 --code_state=16 --float_support=FPv4SPD16 -me --define=ccs="ccs" --define=PART_TM4C123GH6PM -g --gcc --diag_warning=225 --diag_wrap=off --display_error_number --abi=eabi -z -m"lab_9.map" --heap_size=1024 --stack_size=2048 -i"C:/ti/ccs1031/ccs/tools/compiler/ti-cgt-arm_20.2.4.LTS/lib" -i"C:/ti/ccs1031/ccs/tools/compiler/ti-cgt-arm_20.2.4.LTS/include" --reread_libs --diag_wrap=off --display_error_number --warn_sections --xml_link_info="lab_9_linkInfo.xml" --rom_model -o "lab_9.out" "./Lab6_main.obj" "./Timer.obj" "./adc.obj" "./button.obj" "./extended_simple_mission_main.obj" "./lcd.obj" "./main.obj" "./mission_helper.obj" "./movement.obj" "./open_interface.obj" "./ping.obj" "./tm4c123gh6pm_startup_ccs.obj" "./uart.obj" "../libcybotScan.lib" "../libcybotUART.lib" "../tm4c123gh6pm.cmd" "../dvt/libcybotScan.lib"  -l"C:/ti/TivaWare_C_Series-2.1.4.178/driverlib/ccs/Debug/driverlib.lib" -llibc.a 
<Linking>
error #10056: symbol "ping_init" redefined: first defined in "./ping.obj"; redefined in "../libcybotScan.lib<ping.obj>"
error #10010: errors encountered during linking; "lab_9.out" not built
 
>> Compilation failure
makefile:159: recipe for target 'lab_9.out' failed
gmake[1]: *** [lab_9.out] Error 1
makefile:155: recipe for target 'all' failed
gmake: *** [all] Error 2

**** Build Finished ****

**** Build of configuration Debug for project lab_9 ****

"C:\\ti\\ccs1031\\ccs\\utils\\bin\\gmake" -k -j 8 all -O 
 
Building file: "../ping.c"
Invoking: Arm Compiler
"C:/ti/ccs1031/ccs/tools/compiler/ti-cgt-arm_20.2.4.LTS/bin/armcl" -mv7M4 --code_state=16 --float_support=FPv4SPD16 -me --include_path="C:/ti/TivaWare_C_Series-2.1.4.178" --include_path="C:/Users/dsr/Downloads/288Lab/288Lab-master/lab_9" --include_path="C:/ti/ccs1031/ccs/tools/compiler/ti-cgt-arm_20.2.4.LTS/include" --define=ccs="ccs" --define=PART_TM4C123GH6PM -g --gcc --diag_warning=225 --diag_wrap=off --display_error_number --abi=eabi --preproc_with_compile --preproc_dependency="ping.d_raw"  "../ping.c"
 
>> Compilation failure
subdir_rules.mk:9: recipe for target 'ping.obj' failed
"../ping.c", line 32: error #20: identifier "TIMER3B_Handler" is undefined
1 error detected in the compilation of "../ping.c".
gmake: *** [ping.obj] Error 1
gmake: Target 'all' not remade because of errors.

**** Build Finished ****

**** Build of configuration Debug for project lab_9 ****

"C:\\ti\\ccs1031\\ccs\\utils\\bin\\gmake" -k -j 8 all -O 
 
Building file: "../main.c"
Invoking: Arm Compiler
"C:/ti/ccs1031/ccs/tools/compiler/ti-cgt-arm_20.2.4.LTS/bin/armcl" -mv7M4 --code_state=16 --float_support=FPv4SPD16 -me --include_path="C:/ti/TivaWare_C_Series-2.1.4.178" --include_path="C:/Users/dsr/Downloads/288Lab/288Lab-master/lab_9" --include_path="C:/ti/ccs1031/ccs/tools/compiler/ti-cgt-arm_20.2.4.LTS/include" --define=ccs="ccs" --define=PART_TM4C123GH6PM -g --gcc --diag_warning=225 --diag_wrap=off --display_error_number --abi=eabi --preproc_with_compile --preproc_dependency="main.d_raw"  "../main.c"
"../main.c", line 14: warning #552-D: variable "ping_distance" was set but never used
Finished building: "../main.c"
 
Building file: "../ping.c"
Invoking: Arm Compiler
"C:/ti/ccs1031/ccs/tools/compiler/ti-cgt-arm_20.2.4.LTS/bin/armcl" -mv7M4 --code_state=16 --float_support=FPv4SPD16 -me --include_path="C:/ti/TivaWare_C_Series-2.1.4.178" --include_path="C:/Users/dsr/Downloads/288Lab/288Lab-master/lab_9" --include_path="C:/ti/ccs1031/ccs/tools/compiler/ti-cgt-arm_20.2.4.LTS/include" --define=ccs="ccs" --define=PART_TM4C123GH6PM -g --gcc --diag_warning=225 --diag_wrap=off --display_error_number --abi=eabi --preproc_with_compile --preproc_dependency="ping.d_raw"  "../ping.c"
Finished building: "../ping.c"
 
Building target: "lab_9.out"
Invoking: Arm Linker
"C:/ti/ccs1031/ccs/tools/compiler/ti-cgt-arm_20.2.4.LTS/bin/armcl" -mv7M4 --code_state=16 --float_support=FPv4SPD16 -me --define=ccs="ccs" --define=PART_TM4C123GH6PM -g --gcc --diag_warning=225 --diag_wrap=off --display_error_number --abi=eabi -z -m"lab_9.map" --heap_size=1024 --stack_size=2048 -i"C:/ti/ccs1031/ccs/tools/compiler/ti-cgt-arm_20.2.4.LTS/lib" -i"C:/ti/ccs1031/ccs/tools/compiler/ti-cgt-arm_20.2.4.LTS/include" --reread_libs --diag_wrap=off --display_error_number --warn_sections --xml_link_info="lab_9_linkInfo.xml" --rom_model -o "lab_9.out" "./Lab6_main.obj" "./Timer.obj" "./adc.obj" "./button.obj" "./extended_simple_mission_main.obj" "./lcd.obj" "./main.obj" "./mission_helper.obj" "./movement.obj" "./open_interface.obj" "./ping.obj" "./tm4c123gh6pm_startup_ccs.obj" "./uart.obj" "../libcybotScan.lib" "../libcybotUART.lib" "../tm4c123gh6pm.cmd" "../dvt/libcybotScan.lib"  -l"C:/ti/TivaWare_C_Series-2.1.4.178/driverlib/ccs/Debug/driverlib.lib" -llibc.a 
<Linking>
error #10056: symbol "TIMER3B_Handler" redefined: first defined in "./ping.obj"; redefined in "../libcybotScan.lib<ping.obj>"
error #10056: symbol "ping_init" redefined: first defined in "./ping.obj"; redefined in "../libcybotScan.lib<ping.obj>"
error #10010: errors encountered during linking; "lab_9.out" not built
 
>> Compilation failure
makefile:159: recipe for target 'lab_9.out' failed
gmake[1]: *** [lab_9.out] Error 1
makefile:155: recipe for target 'all' failed
gmake: *** [all] Error 2

**** Build Finished ****

**** Build of configuration Debug for project lab_9 ****

"C:\\ti\\ccs1031\\ccs\\utils\\bin\\gmake" -k -j 8 all -O 
 
Building file: "../ping.c"
Invoking: Arm Compiler
"C:/ti/ccs1031/ccs/tools/compiler/ti-cgt-arm_20.2.4.LTS/bin/armcl" -mv7M4 --code_state=16 --float_support=FPv4SPD16 -me --include_path="C:/ti/TivaWare_C_Series-2.1.4.178" --include_path="C:/Users/dsr/Downloads/288Lab/288Lab-master/lab_9" --include_path="C:/ti/ccs1031/ccs/tools/compiler/ti-cgt-arm_20.2.4.LTS/include" --define=ccs="ccs" --define=PART_TM4C123GH6PM -g --gcc --diag_warning=225 --diag_wrap=off --display_error_number --abi=eabi --preproc_with_compile --preproc_dependency="ping.d_raw"  "../ping.c"
 
>> Compilation failure
subdir_rules.mk:9: recipe for target 'ping.obj' failed
"../ping.c", line 32: error #169: argument of type "void" is incompatible with parameter of type "void (*)(void)"
1 error detected in the compilation of "../ping.c".
gmake: *** [ping.obj] Error 1
gmake: Target 'all' not remade because of errors.

**** Build Finished ****

**** Build of configuration Debug for project lab_9 ****

"C:\\ti\\ccs1031\\ccs\\utils\\bin\\gmake" -k -j 8 all -O 
 
Building file: "../ping.c"
Invoking: Arm Compiler
"C:/ti/ccs1031/ccs/tools/compiler/ti-cgt-arm_20.2.4.LTS/bin/armcl" -mv7M4 --code_state=16 --float_support=FPv4SPD16 -me --include_path="C:/ti/TivaWare_C_Series-2.1.4.178" --include_path="C:/Users/dsr/Downloads/288Lab/288Lab-master/lab_9" --include_path="C:/ti/ccs1031/ccs/tools/compiler/ti-cgt-arm_20.2.4.LTS/include" --define=ccs="ccs" --define=PART_TM4C123GH6PM -g --gcc --diag_warning=225 --diag_wrap=off --display_error_number --abi=eabi --preproc_with_compile --preproc_dependency="ping.d_raw"  "../ping.c"
Finished building: "../ping.c"
 
Building target: "lab_9.out"
Invoking: Arm Linker
"C:/ti/ccs1031/ccs/tools/compiler/ti-cgt-arm_20.2.4.LTS/bin/armcl" -mv7M4 --code_state=16 --float_support=FPv4SPD16 -me --define=ccs="ccs" --define=PART_TM4C123GH6PM -g --gcc --diag_warning=225 --diag_wrap=off --display_error_number --abi=eabi -z -m"lab_9.map" --heap_size=1024 --stack_size=2048 -i"C:/ti/ccs1031/ccs/tools/compiler/ti-cgt-arm_20.2.4.LTS/lib" -i"C:/ti/ccs1031/ccs/tools/compiler/ti-cgt-arm_20.2.4.LTS/include" --reread_libs --diag_wrap=off --display_error_number --warn_sections --xml_link_info="lab_9_linkInfo.xml" --rom_model -o "lab_9.out" "./Lab6_main.obj" "./Timer.obj" "./adc.obj" "./button.obj" "./extended_simple_mission_main.obj" "./lcd.obj" "./main.obj" "./mission_helper.obj" "./movement.obj" "./open_interface.obj" "./ping.obj" "./tm4c123gh6pm_startup_ccs.obj" "./uart.obj" "../libcybotScan.lib" "../libcybotUART.lib" "../tm4c123gh6pm.cmd" "../dvt/libcybotScan.lib"  -l"C:/ti/TivaWare_C_Series-2.1.4.178/driverlib/ccs/Debug/driverlib.lib" -llibc.a 
<Linking>
error #10056: symbol "TIMER3B_Handler" redefined: first defined in "./ping.obj"; redefined in "../libcybotScan.lib<ping.obj>"
error #10056: symbol "ping_init" redefined: first defined in "./ping.obj"; redefined in "../libcybotScan.lib<ping.obj>"
error #10010: errors encountered during linking; "lab_9.out" not built
 
>> Compilation failure
makefile:159: recipe for target 'lab_9.out' failed
gmake[1]: *** [lab_9.out] Error 1
makefile:155: recipe for target 'all' failed
gmake: *** [all] Error 2

**** Build Finished ****

**** Build of configuration Debug for project lab_9 ****

"C:\\ti\\ccs1031\\ccs\\utils\\bin\\gmake" -k -j 8 all -O 
 
Building file: "../ping.c"
Invoking: Arm Compiler
"C:/ti/ccs1031/ccs/tools/compiler/ti-cgt-arm_20.2.4.LTS/bin/armcl" -mv7M4 --code_state=16 --float_support=FPv4SPD16 -me --include_path="C:/ti/TivaWare_C_Series-2.1.4.178" --include_path="C:/Users/dsr/Downloads/288Lab/288Lab-master/lab_9" --include_path="C:/ti/ccs1031/ccs/tools/compiler/ti-cgt-arm_20.2.4.LTS/include" --define=ccs="ccs" --define=PART_TM4C123GH6PM -g --gcc --diag_warning=225 --diag_wrap=off --display_error_number --abi=eabi --preproc_with_compile --preproc_dependency="ping.d_raw"  "../ping.c"
Finished building: "../ping.c"
 
Building target: "lab_9.out"
Invoking: Arm Linker
"C:/ti/ccs1031/ccs/tools/compiler/ti-cgt-arm_20.2.4.LTS/bin/armcl" -mv7M4 --code_state=16 --float_support=FPv4SPD16 -me --define=ccs="ccs" --define=PART_TM4C123GH6PM -g --gcc --diag_warning=225 --diag_wrap=off --display_error_number --abi=eabi -z -m"lab_9.map" --heap_size=1024 --stack_size=2048 -i"C:/ti/ccs1031/ccs/tools/compiler/ti-cgt-arm_20.2.4.LTS/lib" -i"C:/ti/ccs1031/ccs/tools/compiler/ti-cgt-arm_20.2.4.LTS/include" --reread_libs --diag_wrap=off --display_error_number --warn_sections --xml_link_info="lab_9_linkInfo.xml" --rom_model -o "lab_9.out" "./Lab6_main.obj" "./Timer.obj" "./adc.obj" "./button.obj" "./extended_simple_mission_main.obj" "./lcd.obj" "./main.obj" "./mission_helper.obj" "./movement.obj" "./open_interface.obj" "./ping.obj" "./tm4c123gh6pm_startup_ccs.obj" "./uart.obj" "../libcybotScan.lib" "../libcybotUART.lib" "../tm4c123gh6pm.cmd" "../dvt/libcybotScan.lib"  -l"C:/ti/TivaWare_C_Series-2.1.4.178/driverlib/ccs/Debug/driverlib.lib" -llibc.a 
<Linking>
error #10056: symbol "TIMER3B_Handler" redefined: first defined in "./ping.obj"; redefined in "../libcybotScan.lib<ping.obj>"
error #10056: symbol "ping_init" redefined: first defined in "./ping.obj"; redefined in "../libcybotScan.lib<ping.obj>"
error #10010: errors encountered during linking; "lab_9.out" not built
 
>> Compilation failure
makefile:159: recipe for target 'lab_9.out' failed
gmake[1]: *** [lab_9.out] Error 1
makefile:155: recipe for target 'all' failed
gmake: *** [all] Error 2

**** Build Finished ****

**** Build of configuration Debug for project lab_9 ****

"C:\\ti\\ccs1031\\ccs\\utils\\bin\\gmake" -k -j 8 all -O 
 
Building file: "../main.c"
Invoking: Arm Compiler
"C:/ti/ccs1031/ccs/tools/compiler/ti-cgt-arm_20.2.4.LTS/bin/armcl" -mv7M4 --code_state=16 --float_support=FPv4SPD16 -me --include_path="C:/ti/TivaWare_C_Series-2.1.4.178" --include_path="C:/Users/dsr/Downloads/288Lab/288Lab-master/lab_9" --include_path="C:/ti/ccs1031/ccs/tools/compiler/ti-cgt-arm_20.2.4.LTS/include" --define=ccs="ccs" --define=PART_TM4C123GH6PM -g --gcc --diag_warning=225 --diag_wrap=off --display_error_number --abi=eabi --preproc_with_compile --preproc_dependency="main.d_raw"  "../main.c"
"../main.c", line 14: warning #552-D: variable "ping_distance" was set but never used
Finished building: "../main.c"
 
Building file: "../ping.c"
Invoking: Arm Compiler
"C:/ti/ccs1031/ccs/tools/compiler/ti-cgt-arm_20.2.4.LTS/bin/armcl" -mv7M4 --code_state=16 --float_support=FPv4SPD16 -me --include_path="C:/ti/TivaWare_C_Series-2.1.4.178" --include_path="C:/Users/dsr/Downloads/288Lab/288Lab-master/lab_9" --include_path="C:/ti/ccs1031/ccs/tools/compiler/ti-cgt-arm_20.2.4.LTS/include" --define=ccs="ccs" --define=PART_TM4C123GH6PM -g --gcc --diag_warning=225 --diag_wrap=off --display_error_number --abi=eabi --preproc_with_compile --preproc_dependency="ping.d_raw"  "../ping.c"
Finished building: "../ping.c"
 
Building target: "lab_9.out"
Invoking: Arm Linker
"C:/ti/ccs1031/ccs/tools/compiler/ti-cgt-arm_20.2.4.LTS/bin/armcl" -mv7M4 --code_state=16 --float_support=FPv4SPD16 -me --define=ccs="ccs" --define=PART_TM4C123GH6PM -g --gcc --diag_warning=225 --diag_wrap=off --display_error_number --abi=eabi -z -m"lab_9.map" --heap_size=1024 --stack_size=2048 -i"C:/ti/ccs1031/ccs/tools/compiler/ti-cgt-arm_20.2.4.LTS/lib" -i"C:/ti/ccs1031/ccs/tools/compiler/ti-cgt-arm_20.2.4.LTS/include" --reread_libs --diag_wrap=off --display_error_number --warn_sections --xml_link_info="lab_9_linkInfo.xml" --rom_model -o "lab_9.out" "./Lab6_main.obj" "./Timer.obj" "./adc.obj" "./button.obj" "./extended_simple_mission_main.obj" "./lcd.obj" "./main.obj" "./mission_helper.obj" "./movement.obj" "./open_interface.obj" "./ping.obj" "./tm4c123gh6pm_startup_ccs.obj" "./uart.obj" "../libcybotScan.lib" "../libcybotUART.lib" "../tm4c123gh6pm.cmd" "../dvt/libcybotScan.lib"  -l"C:/ti/TivaWare_C_Series-2.1.4.178/driverlib/ccs/Debug/driverlib.lib" -llibc.a 
<Linking>
error #10056: symbol "TIMER3B_Handler" redefined: first defined in "./ping.obj"; redefined in "../libcybotScan.lib<ping.obj>"
error #10056: symbol "ping_init" redefined: first defined in "./ping.obj"; redefined in "../libcybotScan.lib<ping.obj>"
error #10010: errors encountered during linking; "lab_9.out" not built
 
>> Compilation failure
makefile:159: recipe for target 'lab_9.out' failed
gmake[1]: *** [lab_9.out] Error 1
makefile:155: recipe for target 'all' failed
gmake: *** [all] Error 2

**** Build Finished ****

**** Clean-only build of configuration Debug for project lab_1 ****

"C:\\ti\\ccs1031\\ccs\\utils\\bin\\gmake" -k -j 8 clean -O 
 
DEL /F  "lab_1.hex"  "lab_1.out" 
DEL /F "Timer.obj" "helloworld.obj" "lcd.obj" "resetSimulation.obj" "tm4c123gh6pm_startup_ccs.obj" 
DEL /F "Timer.d" "helloworld.d" "lcd.d" "resetSimulation.d" "tm4c123gh6pm_startup_ccs.d" 
Finished clean
 

**** Build Finished ****

**** Clean-only build of configuration Debug for project lab_1 ****

"C:\\ti\\ccs1031\\ccs\\utils\\bin\\gmake" -k -j 8 clean -O 
 
DEL /F  "lab_1.hex"  "lab_1.out" 
DEL /F "Timer.obj" "helloworld.obj" "lcd.obj" "resetSimulation.obj" "tm4c123gh6pm_startup_ccs.obj" 
DEL /F "Timer.d" "helloworld.d" "lcd.d" "resetSimulation.d" "tm4c123gh6pm_startup_ccs.d" 
Could Not Find C:\Users\dsr\Downloads\288Lab\288Lab-master\lab_1\Debug\lab_1.hex
Could Not Find C:\Users\dsr\Downloads\288Lab\288Lab-master\lab_1\Debug\Timer.obj
Could Not Find C:\Users\dsr\Downloads\288Lab\288Lab-master\lab_1\Debug\Timer.d
Finished clean
 

**** Build Finished ****

**** Clean-only build of configuration Debug for project lab_3 ****

"C:\\ti\\ccs1031\\ccs\\utils\\bin\\gmake" -k -j 8 clean -O 
 
DEL /F  "lab_3.hex"  "lab_3.out" 
DEL /F "Timer.obj" "lcd.obj" "main.obj" "movement.obj" "open_interface.obj" "tm4c123gh6pm_startup_ccs.obj" 
DEL /F "Timer.d" "lcd.d" "main.d" "movement.d" "open_interface.d" "tm4c123gh6pm_startup_ccs.d" 
Finished clean
 

**** Build Finished ****

**** Clean-only build of configuration Debug for project lab_3 ****

"C:\\ti\\ccs1031\\ccs\\utils\\bin\\gmake" -k -j 8 clean -O 
 
DEL /F  "lab_3.hex"  "lab_3.out" 
DEL /F "Timer.obj" "lcd.obj" "main.obj" "movement.obj" "open_interface.obj" "tm4c123gh6pm_startup_ccs.obj" 
DEL /F "Timer.d" "lcd.d" "main.d" "movement.d" "open_interface.d" "tm4c123gh6pm_startup_ccs.d" 
Could Not Find C:\Users\dsr\Downloads\288Lab\288Lab-master\lab_3\Debug\lab_3.hex
Could Not Find C:\Users\dsr\Downloads\288Lab\288Lab-master\lab_3\Debug\Timer.obj
Could Not Find C:\Users\dsr\Downloads\288Lab\288Lab-master\lab_3\Debug\Timer.d
Finished clean
 

**** Build Finished ****

**** Clean-only build of configuration Debug for project lab_4 ****

"C:\\ti\\ccs1031\\ccs\\utils\\bin\\gmake" -k -j 8 clean -O 
 
DEL /F  "lab_4.hex"  "lab_4.out" 
DEL /F "Timer.obj" "button.obj" "lab4_template.obj" "lcd.obj" "main.obj" "movement.obj" "open_interface.obj" "tm4c123gh6pm_startup_ccs.obj" 
DEL /F "Timer.d" "button.d" "lab4_template.d" "lcd.d" "main.d" "movement.d" "open_interface.d" "tm4c123gh6pm_startup_ccs.d" 
Finished clean
 

**** Build Finished ****

**** Clean-only build of configuration Debug for project lab_4 ****

"C:\\ti\\ccs1031\\ccs\\utils\\bin\\gmake" -k -j 8 clean -O 
 
DEL /F  "lab_4.hex"  "lab_4.out" 
DEL /F "Timer.obj" "button.obj" "lab4_template.obj" "lcd.obj" "main.obj" "movement.obj" "open_interface.obj" "tm4c123gh6pm_startup_ccs.obj" 
DEL /F "Timer.d" "button.d" "lab4_template.d" "lcd.d" "main.d" "movement.d" "open_interface.d" "tm4c123gh6pm_startup_ccs.d" 
Could Not Find C:\Users\dsr\Downloads\288Lab\288Lab-master\lab_4\Debug\lab_4.hex
Could Not Find C:\Users\dsr\Downloads\288Lab\288Lab-master\lab_4\Debug\Timer.obj
Could Not Find C:\Users\dsr\Downloads\288Lab\288Lab-master\lab_4\Debug\Timer.d
Finished clean
 

**** Build Finished ****

**** Clean-only build of configuration Debug for project lab_5 ****

"C:\\ti\\ccs1031\\ccs\\utils\\bin\\gmake" -k -j 8 clean -O 
 
DEL /F  "lab_5.hex"  "lab_5.out" 
DEL /F "Timer.obj" "button.obj" "lab5_template.obj" "lcd.obj" "main.obj" "movement.obj" "open_interface.obj" "tm4c123gh6pm_startup_ccs.obj" 
DEL /F "Timer.d" "button.d" "lab5_template.d" "lcd.d" "main.d" "movement.d" "open_interface.d" "tm4c123gh6pm_startup_ccs.d" 
Finished clean
 

**** Build Finished ****

**** Clean-only build of configuration Debug for project lab_5 ****

"C:\\ti\\ccs1031\\ccs\\utils\\bin\\gmake" -k -j 8 clean -O 
 
DEL /F  "lab_5.hex"  "lab_5.out" 
DEL /F "Timer.obj" "button.obj" "lab5_template.obj" "lcd.obj" "main.obj" "movement.obj" "open_interface.obj" "tm4c123gh6pm_startup_ccs.obj" 
DEL /F "Timer.d" "button.d" "lab5_template.d" "lcd.d" "main.d" "movement.d" "open_interface.d" "tm4c123gh6pm_startup_ccs.d" 
Could Not Find C:\Users\dsr\Downloads\288Lab\288Lab-master\lab_5\Debug\lab_5.hex
Could Not Find C:\Users\dsr\Downloads\288Lab\288Lab-master\lab_5\Debug\Timer.obj
Could Not Find C:\Users\dsr\Downloads\288Lab\288Lab-master\lab_5\Debug\Timer.d
Finished clean
 

**** Build Finished ****

**** Clean-only build of configuration Debug for project lab_6 ****

"C:\\ti\\ccs1031\\ccs\\utils\\bin\\gmake" -k -j 8 clean -O 
 
DEL /F  "lab_6.hex"  "lab_6.out" 
DEL /F "Lab6_main.obj" "Timer.obj" "button.obj" "lcd.obj" "main.obj" "mission_helper.obj" "movement.obj" "open_interface.obj" "tm4c123gh6pm_startup_ccs.obj" "uart.obj" 
DEL /F "Lab6_main.d" "Timer.d" "button.d" "lcd.d" "main.d" "mission_helper.d" "movement.d" "open_interface.d" "tm4c123gh6pm_startup_ccs.d" "uart.d" 
Finished clean
 

**** Build Finished ****

**** Clean-only build of configuration Debug for project lab_6 ****

"C:\\ti\\ccs1031\\ccs\\utils\\bin\\gmake" -k -j 8 clean -O 
 
DEL /F  "lab_6.hex"  "lab_6.out" 
DEL /F "Lab6_main.obj" "Timer.obj" "button.obj" "lcd.obj" "main.obj" "mission_helper.obj" "movement.obj" "open_interface.obj" "tm4c123gh6pm_startup_ccs.obj" "uart.obj" 
DEL /F "Lab6_main.d" "Timer.d" "button.d" "lcd.d" "main.d" "mission_helper.d" "movement.d" "open_interface.d" "tm4c123gh6pm_startup_ccs.d" "uart.d" 
Could Not Find C:\Users\dsr\Downloads\288Lab\288Lab-master\lab_6\Debug\lab_6.hex
Could Not Find C:\Users\dsr\Downloads\288Lab\288Lab-master\lab_6\Debug\Lab6_main.obj
Could Not Find C:\Users\dsr\Downloads\288Lab\288Lab-master\lab_6\Debug\Lab6_main.d
Finished clean
 

**** Build Finished ****

**** Clean-only build of configuration Debug for project lab_7 ****

"C:\\ti\\ccs1031\\ccs\\utils\\bin\\gmake" -k -j 8 clean -O 
 
DEL /F  "lab_7.hex"  "lab_7.out" 
DEL /F "Lab6_main.obj" "Timer.obj" "button.obj" "lcd.obj" "main.obj" "mission_helper.obj" "movement.obj" "open_interface.obj" "tm4c123gh6pm_startup_ccs.obj" "uart.obj" 
DEL /F "Lab6_main.d" "Timer.d" "button.d" "lcd.d" "main.d" "mission_helper.d" "movement.d" "open_interface.d" "tm4c123gh6pm_startup_ccs.d" "uart.d" 
Finished clean
 

**** Build Finished ****

**** Clean-only build of configuration Debug for project lab_7 ****

"C:\\ti\\ccs1031\\ccs\\utils\\bin\\gmake" -k -j 8 clean -O 
 
DEL /F  "lab_7.hex"  "lab_7.out" 
DEL /F "Lab6_main.obj" "Timer.obj" "button.obj" "lcd.obj" "main.obj" "mission_helper.obj" "movement.obj" "open_interface.obj" "tm4c123gh6pm_startup_ccs.obj" "uart.obj" 
DEL /F "Lab6_main.d" "Timer.d" "button.d" "lcd.d" "main.d" "mission_helper.d" "movement.d" "open_interface.d" "tm4c123gh6pm_startup_ccs.d" "uart.d" 
Could Not Find C:\Users\dsr\Downloads\288Lab\288Lab-master\lab_7\Debug\lab_7.hex
Could Not Find C:\Users\dsr\Downloads\288Lab\288Lab-master\lab_7\Debug\Lab6_main.obj
Could Not Find C:\Users\dsr\Downloads\288Lab\288Lab-master\lab_7\Debug\Lab6_main.d
Finished clean
 

**** Build Finished ****

**** Clean-only build of configuration Debug for project lab_8 ****

"C:\\ti\\ccs1031\\ccs\\utils\\bin\\gmake" -k -j 8 clean -O 
 
DEL /F  "lab_8.hex"  "lab_8.out" 
DEL /F "Lab6_main.obj" "Timer.obj" "adc.obj" "button.obj" "extended_simple_mission_main.obj" "lcd.obj" "main.obj" "mission_helper.obj" "movement.obj" "open_interface.obj" "tm4c123gh6pm_startup_ccs.obj" "uart.obj" 
DEL /F "Lab6_main.d" "Timer.d" "adc.d" "button.d" "extended_simple_mission_main.d" "lcd.d" "main.d" "mission_helper.d" "movement.d" "open_interface.d" "tm4c123gh6pm_startup_ccs.d" "uart.d" 
Finished clean
 

**** Build Finished ****

**** Clean-only build of configuration Debug for project lab_8 ****

"C:\\ti\\ccs1031\\ccs\\utils\\bin\\gmake" -k -j 8 clean -O 
 
DEL /F  "lab_8.hex"  "lab_8.out" 
DEL /F "Lab6_main.obj" "Timer.obj" "adc.obj" "button.obj" "extended_simple_mission_main.obj" "lcd.obj" "main.obj" "mission_helper.obj" "movement.obj" "open_interface.obj" "tm4c123gh6pm_startup_ccs.obj" "uart.obj" 
DEL /F "Lab6_main.d" "Timer.d" "adc.d" "button.d" "extended_simple_mission_main.d" "lcd.d" "main.d" "mission_helper.d" "movement.d" "open_interface.d" "tm4c123gh6pm_startup_ccs.d" "uart.d" 
Could Not Find C:\Users\dsr\Downloads\288Lab\288Lab-master\lab_8\Debug\lab_8.hex
Could Not Find C:\Users\dsr\Downloads\288Lab\288Lab-master\lab_8\Debug\Lab6_main.obj
Could Not Find C:\Users\dsr\Downloads\288Lab\288Lab-master\lab_8\Debug\Lab6_main.d
Finished clean
 

**** Build Finished ****

**** Clean-only build of configuration Debug for project lab_9 ****

"C:\\ti\\ccs1031\\ccs\\utils\\bin\\gmake" -k -j 8 clean -O 
 
DEL /F  "lab_9.hex"  "lab_9.out" 
DEL /F "Lab6_main.obj" "Timer.obj" "adc.obj" "button.obj" "extended_simple_mission_main.obj" "lcd.obj" "main.obj" "mission_helper.obj" "movement.obj" "open_interface.obj" "ping.obj" "tm4c123gh6pm_startup_ccs.obj" "uart.obj" 
DEL /F "Lab6_main.d" "Timer.d" "adc.d" "button.d" "extended_simple_mission_main.d" "lcd.d" "main.d" "mission_helper.d" "movement.d" "open_interface.d" "ping.d" "tm4c123gh6pm_startup_ccs.d" "uart.d" 
Could Not Find C:\Users\dsr\Downloads\288Lab\288Lab-master\lab_9\Debug\lab_9.hex
Finished clean
 

**** Build Finished ****

**** Clean-only build of configuration Debug for project lab_9 ****

"C:\\ti\\ccs1031\\ccs\\utils\\bin\\gmake" -k -j 8 clean -O 
 
DEL /F  "lab_9.hex"  "lab_9.out" 
DEL /F "Lab6_main.obj" "Timer.obj" "adc.obj" "button.obj" "extended_simple_mission_main.obj" "lcd.obj" "main.obj" "mission_helper.obj" "movement.obj" "open_interface.obj" "ping.obj" "tm4c123gh6pm_startup_ccs.obj" "uart.obj" 
DEL /F "Lab6_main.d" "Timer.d" "adc.d" "button.d" "extended_simple_mission_main.d" "lcd.d" "main.d" "mission_helper.d" "movement.d" "open_interface.d" "ping.d" "tm4c123gh6pm_startup_ccs.d" "uart.d" 
Could Not Find C:\Users\dsr\Downloads\288Lab\288Lab-master\lab_9\Debug\lab_9.hex
Could Not Find C:\Users\dsr\Downloads\288Lab\288Lab-master\lab_9\Debug\Lab6_main.obj
Could Not Find C:\Users\dsr\Downloads\288Lab\288Lab-master\lab_9\Debug\Lab6_main.d
Finished clean
 

**** Build Finished ****

**** Clean-only build of configuration Debug for project lab_1 ****

"C:\\ti\\ccs1031\\ccs\\utils\\bin\\gmake" -k -j 8 clean -O 
 
DEL /F  "lab_1.hex"  "lab_1.out" 
DEL /F "Timer.obj" "helloworld.obj" "lcd.obj" "resetSimulation.obj" "tm4c123gh6pm_startup_ccs.obj" 
DEL /F "Timer.d" "helloworld.d" "lcd.d" "resetSimulation.d" "tm4c123gh6pm_startup_ccs.d" 
Could Not Find C:\Users\dsr\Downloads\288Lab\288Lab-master\lab_1\Debug\lab_1.hex
Could Not Find C:\Users\dsr\Downloads\288Lab\288Lab-master\lab_1\Debug\Timer.obj
Could Not Find C:\Users\dsr\Downloads\288Lab\288Lab-master\lab_1\Debug\Timer.d
Finished clean
 

**** Build Finished ****

**** Build of configuration Debug for project lab_1 ****

"C:\\ti\\ccs1031\\ccs\\utils\\bin\\gmake" -k -j 8 all -O 
 
Building file: "../Timer.c"
Invoking: Arm Compiler
"C:/ti/ccs1031/ccs/tools/compiler/ti-cgt-arm_20.2.4.LTS/bin/armcl" -mv7M4 --code_state=16 --float_support=FPv4SPD16 -me --include_path="C:/ti/TivaWare_C_Series-2.1.4.178" --include_path="C:/Users/dsr/Downloads/288Lab/288Lab-master/lab_1" --include_path="C:/ti/ccs1031/ccs/tools/compiler/ti-cgt-arm_20.2.4.LTS/include" --define=ccs="ccs" --define=PART_TM4C123GH6PM -g --gcc --diag_warning=225 --diag_wrap=off --display_error_number --abi=eabi --preproc_with_compile --preproc_dependency="Timer.d_raw"  "../Timer.c"
Finished building: "../Timer.c"
 
Building file: "../helloworld.c"
Invoking: Arm Compiler
"C:/ti/ccs1031/ccs/tools/compiler/ti-cgt-arm_20.2.4.LTS/bin/armcl" -mv7M4 --code_state=16 --float_support=FPv4SPD16 -me --include_path="C:/ti/TivaWare_C_Series-2.1.4.178" --include_path="C:/Users/dsr/Downloads/288Lab/288Lab-master/lab_1" --include_path="C:/ti/ccs1031/ccs/tools/compiler/ti-cgt-arm_20.2.4.LTS/include" --define=ccs="ccs" --define=PART_TM4C123GH6PM -g --gcc --diag_warning=225 --diag_wrap=off --display_error_number --abi=eabi --preproc_with_compile --preproc_dependency="helloworld.d_raw"  "../helloworld.c"
"../helloworld.c", line 99: warning #112-D: statement is unreachable
Finished building: "../helloworld.c"
 
Building file: "../tm4c123gh6pm_startup_ccs.c"
Invoking: Arm Compiler
"C:/ti/ccs1031/ccs/tools/compiler/ti-cgt-arm_20.2.4.LTS/bin/armcl" -mv7M4 --code_state=16 --float_support=FPv4SPD16 -me --include_path="C:/ti/TivaWare_C_Series-2.1.4.178" --include_path="C:/Users/dsr/Downloads/288Lab/288Lab-master/lab_1" --include_path="C:/ti/ccs1031/ccs/tools/compiler/ti-cgt-arm_20.2.4.LTS/include" --define=ccs="ccs" --define=PART_TM4C123GH6PM -g --gcc --diag_warning=225 --diag_wrap=off --display_error_number --abi=eabi --preproc_with_compile --preproc_dependency="tm4c123gh6pm_startup_ccs.d_raw"  "../tm4c123gh6pm_startup_ccs.c"
Finished building: "../tm4c123gh6pm_startup_ccs.c"
 
Building file: "../resetSimulation.c"
Invoking: Arm Compiler
"C:/ti/ccs1031/ccs/tools/compiler/ti-cgt-arm_20.2.4.LTS/bin/armcl" -mv7M4 --code_state=16 --float_support=FPv4SPD16 -me --include_path="C:/ti/TivaWare_C_Series-2.1.4.178" --include_path="C:/Users/dsr/Downloads/288Lab/288Lab-master/lab_1" --include_path="C:/ti/ccs1031/ccs/tools/compiler/ti-cgt-arm_20.2.4.LTS/include" --define=ccs="ccs" --define=PART_TM4C123GH6PM -g --gcc --diag_warning=225 --diag_wrap=off --display_error_number --abi=eabi --preproc_with_compile --preproc_dependency="resetSimulation.d_raw"  "../resetSimulation.c"
Finished building: "../resetSimulation.c"
 
Building file: "../lcd.c"
Invoking: Arm Compiler
"C:/ti/ccs1031/ccs/tools/compiler/ti-cgt-arm_20.2.4.LTS/bin/armcl" -mv7M4 --code_state=16 --float_support=FPv4SPD16 -me --include_path="C:/ti/TivaWare_C_Series-2.1.4.178" --include_path="C:/Users/dsr/Downloads/288Lab/288Lab-master/lab_1" --include_path="C:/ti/ccs1031/ccs/tools/compiler/ti-cgt-arm_20.2.4.LTS/include" --define=ccs="ccs" --define=PART_TM4C123GH6PM -g --gcc --diag_warning=225 --diag_wrap=off --display_error_number --abi=eabi --preproc_with_compile --preproc_dependency="lcd.d_raw"  "../lcd.c"
Finished building: "../lcd.c"
 
Building target: "lab_1.out"
Invoking: Arm Linker
"C:/ti/ccs1031/ccs/tools/compiler/ti-cgt-arm_20.2.4.LTS/bin/armcl" -mv7M4 --code_state=16 --float_support=FPv4SPD16 -me --define=ccs="ccs" --define=PART_TM4C123GH6PM -g --gcc --diag_warning=225 --diag_wrap=off --display_error_number --abi=eabi -z -m"lab_1.map" --heap_size=1024 --stack_size=2048 -i"C:/ti/ccs1031/ccs/tools/compiler/ti-cgt-arm_20.2.4.LTS/lib" -i"C:/ti/ccs1031/ccs/tools/compiler/ti-cgt-arm_20.2.4.LTS/include" --reread_libs --diag_wrap=off --display_error_number --warn_sections --xml_link_info="lab_1_linkInfo.xml" --rom_model -o "lab_1.out" "./Timer.obj" "./helloworld.obj" "./lcd.obj" "./resetSimulation.obj" "./tm4c123gh6pm_startup_ccs.obj" "../tm4c123gh6pm.cmd"  -l"C:/ti/TivaWare_C_Series-2.1.4.178/driverlib/ccs/Debug/driverlib.lib" -llibc.a 
<Linking>
Finished building target: "lab_1.out"
 

**** Build Finished ****

**** Clean-only build of configuration Debug for project lab_3 ****

"C:\\ti\\ccs1031\\ccs\\utils\\bin\\gmake" -k -j 8 clean -O 
 
DEL /F  "lab_3.hex"  "lab_3.out" 
DEL /F "Timer.obj" "lcd.obj" "main.obj" "movement.obj" "open_interface.obj" "tm4c123gh6pm_startup_ccs.obj" 
DEL /F "Timer.d" "lcd.d" "main.d" "movement.d" "open_interface.d" "tm4c123gh6pm_startup_ccs.d" 
Could Not Find C:\Users\dsr\Downloads\288Lab\288Lab-master\lab_3\Debug\lab_3.hex
Could Not Find C:\Users\dsr\Downloads\288Lab\288Lab-master\lab_3\Debug\Timer.obj
Could Not Find C:\Users\dsr\Downloads\288Lab\288Lab-master\lab_3\Debug\Timer.d
Finished clean
 

**** Build Finished ****

**** Build of configuration Debug for project lab_3 ****

"C:\\ti\\ccs1031\\ccs\\utils\\bin\\gmake" -k -j 8 all -O 
 
Building file: "../movement.c"
Invoking: Arm Compiler
"C:/ti/ccs1031/ccs/tools/compiler/ti-cgt-arm_20.2.4.LTS/bin/armcl" -mv7M4 --code_state=16 --float_support=FPv4SPD16 -me --include_path="C:/ti/TivaWare_C_Series-2.1.4.178" --include_path="C:/Users/dsr/Downloads/288Lab/288Lab-master/lab_3" --include_path="C:/ti/ccs1031/ccs/tools/compiler/ti-cgt-arm_20.2.4.LTS/include" --define=ccs="ccs" --define=PART_TM4C123GH6PM -g --gcc --diag_warning=225 --diag_wrap=off --display_error_number --abi=eabi --preproc_with_compile --preproc_dependency="movement.d_raw"  "../movement.c"
 
>> Compilation failure
subdir_rules.mk:9: recipe for target 'movement.obj' failed
"../movement.c", line 45: error #20: identifier "www" is undefined
"../movement.c", line 46: warning #93-D: identifier-list parameters may only be used in a function definition
"../movement.c", line 154: warning #179-D: variable "sum" was declared but never referenced
"../movement.c", line 156: warning #179-D: variable "horizontal_dist" was declared but never referenced
1 error detected in the compilation of "../movement.c".
gmake: *** [movement.obj] Error 1
Building file: "../Timer.c"
Invoking: Arm Compiler
"C:/ti/ccs1031/ccs/tools/compiler/ti-cgt-arm_20.2.4.LTS/bin/armcl" -mv7M4 --code_state=16 --float_support=FPv4SPD16 -me --include_path="C:/ti/TivaWare_C_Series-2.1.4.178" --include_path="C:/Users/dsr/Downloads/288Lab/288Lab-master/lab_3" --include_path="C:/ti/ccs1031/ccs/tools/compiler/ti-cgt-arm_20.2.4.LTS/include" --define=ccs="ccs" --define=PART_TM4C123GH6PM -g --gcc --diag_warning=225 --diag_wrap=off --display_error_number --abi=eabi --preproc_with_compile --preproc_dependency="Timer.d_raw"  "../Timer.c"
Finished building: "../Timer.c"
 
Building file: "../tm4c123gh6pm_startup_ccs.c"
Invoking: Arm Compiler
"C:/ti/ccs1031/ccs/tools/compiler/ti-cgt-arm_20.2.4.LTS/bin/armcl" -mv7M4 --code_state=16 --float_support=FPv4SPD16 -me --include_path="C:/ti/TivaWare_C_Series-2.1.4.178" --include_path="C:/Users/dsr/Downloads/288Lab/288Lab-master/lab_3" --include_path="C:/ti/ccs1031/ccs/tools/compiler/ti-cgt-arm_20.2.4.LTS/include" --define=ccs="ccs" --define=PART_TM4C123GH6PM -g --gcc --diag_warning=225 --diag_wrap=off --display_error_number --abi=eabi --preproc_with_compile --preproc_dependency="tm4c123gh6pm_startup_ccs.d_raw"  "../tm4c123gh6pm_startup_ccs.c"
Finished building: "../tm4c123gh6pm_startup_ccs.c"
 
Building file: "../lcd.c"
Invoking: Arm Compiler
"C:/ti/ccs1031/ccs/tools/compiler/ti-cgt-arm_20.2.4.LTS/bin/armcl" -mv7M4 --code_state=16 --float_support=FPv4SPD16 -me --include_path="C:/ti/TivaWare_C_Series-2.1.4.178" --include_path="C:/Users/dsr/Downloads/288Lab/288Lab-master/lab_3" --include_path="C:/ti/ccs1031/ccs/tools/compiler/ti-cgt-arm_20.2.4.LTS/include" --define=ccs="ccs" --define=PART_TM4C123GH6PM -g --gcc --diag_warning=225 --diag_wrap=off --display_error_number --abi=eabi --preproc_with_compile --preproc_dependency="lcd.d_raw"  "../lcd.c"
Finished building: "../lcd.c"
 
Building file: "../main.c"
Invoking: Arm Compiler
"C:/ti/ccs1031/ccs/tools/compiler/ti-cgt-arm_20.2.4.LTS/bin/armcl" -mv7M4 --code_state=16 --float_support=FPv4SPD16 -me --include_path="C:/ti/TivaWare_C_Series-2.1.4.178" --include_path="C:/Users/dsr/Downloads/288Lab/288Lab-master/lab_3" --include_path="C:/ti/ccs1031/ccs/tools/compiler/ti-cgt-arm_20.2.4.LTS/include" --define=ccs="ccs" --define=PART_TM4C123GH6PM -g --gcc --diag_warning=225 --diag_wrap=off --display_error_number --abi=eabi --preproc_with_compile --preproc_dependency="main.d_raw"  "../main.c"
"../main.c", line 74: warning #552-D: variable "prev_dist" was set but never used
"../main.c", line 213: warning #169-D: argument of type "int **" is incompatible with parameter of type "int *"
"../main.c", line 215: warning #169-D: argument of type "int **" is incompatible with parameter of type "int *"
"../main.c", line 266: warning #112-D: statement is unreachable
Finished building: "../main.c"
 
Building file: "../open_interface.c"
Invoking: Arm Compiler
"C:/ti/ccs1031/ccs/tools/compiler/ti-cgt-arm_20.2.4.LTS/bin/armcl" -mv7M4 --code_state=16 --float_support=FPv4SPD16 -me --include_path="C:/ti/TivaWare_C_Series-2.1.4.178" --include_path="C:/Users/dsr/Downloads/288Lab/288Lab-master/lab_3" --include_path="C:/ti/ccs1031/ccs/tools/compiler/ti-cgt-arm_20.2.4.LTS/include" --define=ccs="ccs" --define=PART_TM4C123GH6PM -g --gcc --diag_warning=225 --diag_wrap=off --display_error_number --abi=eabi --preproc_with_compile --preproc_dependency="open_interface.d_raw"  "../open_interface.c"
"../open_interface.c", line 356: warning #179-D: variable "charging_state" was declared but never referenced
Finished building: "../open_interface.c"
 
gmake: Target 'all' not remade because of errors.

**** Build Finished ****

**** Clean-only build of configuration Debug for project lab_4 ****

"C:\\ti\\ccs1031\\ccs\\utils\\bin\\gmake" -k -j 8 clean -O 
 
DEL /F  "lab_4.hex"  "lab_4.out" 
DEL /F "Timer.obj" "button.obj" "lab4_template.obj" "lcd.obj" "main.obj" "movement.obj" "open_interface.obj" "tm4c123gh6pm_startup_ccs.obj" 
DEL /F "Timer.d" "button.d" "lab4_template.d" "lcd.d" "main.d" "movement.d" "open_interface.d" "tm4c123gh6pm_startup_ccs.d" 
Could Not Find C:\Users\dsr\Downloads\288Lab\288Lab-master\lab_4\Debug\lab_4.hex
Could Not Find C:\Users\dsr\Downloads\288Lab\288Lab-master\lab_4\Debug\Timer.obj
Could Not Find C:\Users\dsr\Downloads\288Lab\288Lab-master\lab_4\Debug\Timer.d
Finished clean
 

**** Build Finished ****

**** Build of configuration Debug for project lab_4 ****

"C:\\ti\\ccs1031\\ccs\\utils\\bin\\gmake" -k -j 8 all -O 
 
Building file: "../button.c"
Invoking: Arm Compiler
"C:/ti/ccs1031/ccs/tools/compiler/ti-cgt-arm_20.2.4.LTS/bin/armcl" -mv7M4 --code_state=16 --float_support=FPv4SPD16 -me --include_path="C:/ti/TivaWare_C_Series-2.1.4.178" --include_path="C:/Users/dsr/Downloads/288Lab/288Lab-master/lab_4" --include_path="C:/ti/ccs1031/ccs/tools/compiler/ti-cgt-arm_20.2.4.LTS/include" --define=ccs="ccs" --define=PART_TM4C123GH6PM -g --gcc --diag_warning=225 --diag_wrap=off --display_error_number --abi=eabi --preproc_with_compile --preproc_dependency="button.d_raw"  "../button.c"
Finished building: "../button.c"
 
Building file: "../main.c"
Invoking: Arm Compiler
"C:/ti/ccs1031/ccs/tools/compiler/ti-cgt-arm_20.2.4.LTS/bin/armcl" -mv7M4 --code_state=16 --float_support=FPv4SPD16 -me --include_path="C:/ti/TivaWare_C_Series-2.1.4.178" --include_path="C:/Users/dsr/Downloads/288Lab/288Lab-master/lab_4" --include_path="C:/ti/ccs1031/ccs/tools/compiler/ti-cgt-arm_20.2.4.LTS/include" --define=ccs="ccs" --define=PART_TM4C123GH6PM -g --gcc --diag_warning=225 --diag_wrap=off --display_error_number --abi=eabi --preproc_with_compile --preproc_dependency="main.d_raw"  "../main.c"
Finished building: "../main.c"
 
Building file: "../lab4_template.c"
Invoking: Arm Compiler
"C:/ti/ccs1031/ccs/tools/compiler/ti-cgt-arm_20.2.4.LTS/bin/armcl" -mv7M4 --code_state=16 --float_support=FPv4SPD16 -me --include_path="C:/ti/TivaWare_C_Series-2.1.4.178" --include_path="C:/Users/dsr/Downloads/288Lab/288Lab-master/lab_4" --include_path="C:/ti/ccs1031/ccs/tools/compiler/ti-cgt-arm_20.2.4.LTS/include" --define=ccs="ccs" --define=PART_TM4C123GH6PM -g --gcc --diag_warning=225 --diag_wrap=off --display_error_number --abi=eabi --preproc_with_compile --preproc_dependency="lab4_template.d_raw"  "../lab4_template.c"
Finished building: "../lab4_template.c"
 
Building file: "../Timer.c"
Invoking: Arm Compiler
"C:/ti/ccs1031/ccs/tools/compiler/ti-cgt-arm_20.2.4.LTS/bin/armcl" -mv7M4 --code_state=16 --float_support=FPv4SPD16 -me --include_path="C:/ti/TivaWare_C_Series-2.1.4.178" --include_path="C:/Users/dsr/Downloads/288Lab/288Lab-master/lab_4" --include_path="C:/ti/ccs1031/ccs/tools/compiler/ti-cgt-arm_20.2.4.LTS/include" --define=ccs="ccs" --define=PART_TM4C123GH6PM -g --gcc --diag_warning=225 --diag_wrap=off --display_error_number --abi=eabi --preproc_with_compile --preproc_dependency="Timer.d_raw"  "../Timer.c"
Finished building: "../Timer.c"
 
Building file: "../tm4c123gh6pm_startup_ccs.c"
Invoking: Arm Compiler
"C:/ti/ccs1031/ccs/tools/compiler/ti-cgt-arm_20.2.4.LTS/bin/armcl" -mv7M4 --code_state=16 --float_support=FPv4SPD16 -me --include_path="C:/ti/TivaWare_C_Series-2.1.4.178" --include_path="C:/Users/dsr/Downloads/288Lab/288Lab-master/lab_4" --include_path="C:/ti/ccs1031/ccs/tools/compiler/ti-cgt-arm_20.2.4.LTS/include" --define=ccs="ccs" --define=PART_TM4C123GH6PM -g --gcc --diag_warning=225 --diag_wrap=off --display_error_number --abi=eabi --preproc_with_compile --preproc_dependency="tm4c123gh6pm_startup_ccs.d_raw"  "../tm4c123gh6pm_startup_ccs.c"
Finished building: "../tm4c123gh6pm_startup_ccs.c"
 
Building file: "../lcd.c"
Invoking: Arm Compiler
"C:/ti/ccs1031/ccs/tools/compiler/ti-cgt-arm_20.2.4.LTS/bin/armcl" -mv7M4 --code_state=16 --float_support=FPv4SPD16 -me --include_path="C:/ti/TivaWare_C_Series-2.1.4.178" --include_path="C:/Users/dsr/Downloads/288Lab/288Lab-master/lab_4" --include_path="C:/ti/ccs1031/ccs/tools/compiler/ti-cgt-arm_20.2.4.LTS/include" --define=ccs="ccs" --define=PART_TM4C123GH6PM -g --gcc --diag_warning=225 --diag_wrap=off --display_error_number --abi=eabi --preproc_with_compile --preproc_dependency="lcd.d_raw"  "../lcd.c"
Finished building: "../lcd.c"
 
Building file: "../movement.c"
Invoking: Arm Compiler
"C:/ti/ccs1031/ccs/tools/compiler/ti-cgt-arm_20.2.4.LTS/bin/armcl" -mv7M4 --code_state=16 --float_support=FPv4SPD16 -me --include_path="C:/ti/TivaWare_C_Series-2.1.4.178" --include_path="C:/Users/dsr/Downloads/288Lab/288Lab-master/lab_4" --include_path="C:/ti/ccs1031/ccs/tools/compiler/ti-cgt-arm_20.2.4.LTS/include" --define=ccs="ccs" --define=PART_TM4C123GH6PM -g --gcc --diag_warning=225 --diag_wrap=off --display_error_number --abi=eabi --preproc_with_compile --preproc_dependency="movement.d_raw"  "../movement.c"
"../movement.c", line 154: warning #179-D: variable "sum" was declared but never referenced
"../movement.c", line 156: warning #179-D: variable "horizontal_dist" was declared but never referenced
Finished building: "../movement.c"
 
Building file: "../open_interface.c"
Invoking: Arm Compiler
"C:/ti/ccs1031/ccs/tools/compiler/ti-cgt-arm_20.2.4.LTS/bin/armcl" -mv7M4 --code_state=16 --float_support=FPv4SPD16 -me --include_path="C:/ti/TivaWare_C_Series-2.1.4.178" --include_path="C:/Users/dsr/Downloads/288Lab/288Lab-master/lab_4" --include_path="C:/ti/ccs1031/ccs/tools/compiler/ti-cgt-arm_20.2.4.LTS/include" --define=ccs="ccs" --define=PART_TM4C123GH6PM -g --gcc --diag_warning=225 --diag_wrap=off --display_error_number --abi=eabi --preproc_with_compile --preproc_dependency="open_interface.d_raw"  "../open_interface.c"
"../open_interface.c", line 356: warning #179-D: variable "charging_state" was declared but never referenced
Finished building: "../open_interface.c"
 
Building target: "lab_4.out"
Invoking: Arm Linker
"C:/ti/ccs1031/ccs/tools/compiler/ti-cgt-arm_20.2.4.LTS/bin/armcl" -mv7M4 --code_state=16 --float_support=FPv4SPD16 -me --define=ccs="ccs" --define=PART_TM4C123GH6PM -g --gcc --diag_warning=225 --diag_wrap=off --display_error_number --abi=eabi -z -m"lab_4.map" --heap_size=1024 --stack_size=2048 -i"C:/ti/ccs1031/ccs/tools/compiler/ti-cgt-arm_20.2.4.LTS/lib" -i"C:/ti/ccs1031/ccs/tools/compiler/ti-cgt-arm_20.2.4.LTS/include" --reread_libs --diag_wrap=off --display_error_number --warn_sections --xml_link_info="lab_4_linkInfo.xml" --rom_model -o "lab_4.out" "./Timer.obj" "./button.obj" "./lab4_template.obj" "./lcd.obj" "./main.obj" "./movement.obj" "./open_interface.obj" "./tm4c123gh6pm_startup_ccs.obj" "../libcybotScan.lib" "../libcybotUART.lib" "../tm4c123gh6pm.cmd"  -l"C:/ti/TivaWare_C_Series-2.1.4.178/driverlib/ccs/Debug/driverlib.lib" -llibc.a 
<Linking>
Finished building target: "lab_4.out"
 

**** Build Finished ****

**** Clean-only build of configuration Debug for project lab_5 ****

"C:\\ti\\ccs1031\\ccs\\utils\\bin\\gmake" -k -j 8 clean -O 
 
DEL /F  "lab_5.hex"  "lab_5.out" 
DEL /F "Timer.obj" "button.obj" "lab5_template.obj" "lcd.obj" "main.obj" "movement.obj" "open_interface.obj" "tm4c123gh6pm_startup_ccs.obj" 
DEL /F "Timer.d" "button.d" "lab5_template.d" "lcd.d" "main.d" "movement.d" "open_interface.d" "tm4c123gh6pm_startup_ccs.d" 
Could Not Find C:\Users\dsr\Downloads\288Lab\288Lab-master\lab_5\Debug\lab_5.hex
Could Not Find C:\Users\dsr\Downloads\288Lab\288Lab-master\lab_5\Debug\Timer.obj
Could Not Find C:\Users\dsr\Downloads\288Lab\288Lab-master\lab_5\Debug\Timer.d
Finished clean
 

**** Build Finished ****

**** Build of configuration Debug for project lab_5 ****

"C:\\ti\\ccs1031\\ccs\\utils\\bin\\gmake" -k -j 8 all -O 
 
Building file: "../button.c"
Invoking: Arm Compiler
"C:/ti/ccs1031/ccs/tools/compiler/ti-cgt-arm_20.2.4.LTS/bin/armcl" -mv7M4 --code_state=16 --float_support=FPv4SPD16 -me --include_path="C:/ti/TivaWare_C_Series-2.1.4.178" --include_path="C:/Users/dsr/Downloads/288Lab/288Lab-master/lab_5" --include_path="C:/ti/ccs1031/ccs/tools/compiler/ti-cgt-arm_20.2.4.LTS/include" --define=ccs="ccs" --define=PART_TM4C123GH6PM -g --gcc --diag_warning=225 --diag_wrap=off --display_error_number --abi=eabi --preproc_with_compile --preproc_dependency="button.d_raw"  "../button.c"
"../button.c", line 88: warning #225-D: function "IntRegister" declared implicitly
Finished building: "../button.c"
 
Building file: "../Timer.c"
Invoking: Arm Compiler
"C:/ti/ccs1031/ccs/tools/compiler/ti-cgt-arm_20.2.4.LTS/bin/armcl" -mv7M4 --code_state=16 --float_support=FPv4SPD16 -me --include_path="C:/ti/TivaWare_C_Series-2.1.4.178" --include_path="C:/Users/dsr/Downloads/288Lab/288Lab-master/lab_5" --include_path="C:/ti/ccs1031/ccs/tools/compiler/ti-cgt-arm_20.2.4.LTS/include" --define=ccs="ccs" --define=PART_TM4C123GH6PM -g --gcc --diag_warning=225 --diag_wrap=off --display_error_number --abi=eabi --preproc_with_compile --preproc_dependency="Timer.d_raw"  "../Timer.c"
Finished building: "../Timer.c"
 
Building file: "../main.c"
Invoking: Arm Compiler
"C:/ti/ccs1031/ccs/tools/compiler/ti-cgt-arm_20.2.4.LTS/bin/armcl" -mv7M4 --code_state=16 --float_support=FPv4SPD16 -me --include_path="C:/ti/TivaWare_C_Series-2.1.4.178" --include_path="C:/Users/dsr/Downloads/288Lab/288Lab-master/lab_5" --include_path="C:/ti/ccs1031/ccs/tools/compiler/ti-cgt-arm_20.2.4.LTS/include" --define=ccs="ccs" --define=PART_TM4C123GH6PM -g --gcc --diag_warning=225 --diag_wrap=off --display_error_number --abi=eabi --preproc_with_compile --preproc_dependency="main.d_raw"  "../main.c"
Finished building: "../main.c"
 
Building file: "../lcd.c"
Invoking: Arm Compiler
"C:/ti/ccs1031/ccs/tools/compiler/ti-cgt-arm_20.2.4.LTS/bin/armcl" -mv7M4 --code_state=16 --float_support=FPv4SPD16 -me --include_path="C:/ti/TivaWare_C_Series-2.1.4.178" --include_path="C:/Users/dsr/Downloads/288Lab/288Lab-master/lab_5" --include_path="C:/ti/ccs1031/ccs/tools/compiler/ti-cgt-arm_20.2.4.LTS/include" --define=ccs="ccs" --define=PART_TM4C123GH6PM -g --gcc --diag_warning=225 --diag_wrap=off --display_error_number --abi=eabi --preproc_with_compile --preproc_dependency="lcd.d_raw"  "../lcd.c"
Finished building: "../lcd.c"
 
Building file: "../tm4c123gh6pm_startup_ccs.c"
Invoking: Arm Compiler
"C:/ti/ccs1031/ccs/tools/compiler/ti-cgt-arm_20.2.4.LTS/bin/armcl" -mv7M4 --code_state=16 --float_support=FPv4SPD16 -me --include_path="C:/ti/TivaWare_C_Series-2.1.4.178" --include_path="C:/Users/dsr/Downloads/288Lab/288Lab-master/lab_5" --include_path="C:/ti/ccs1031/ccs/tools/compiler/ti-cgt-arm_20.2.4.LTS/include" --define=ccs="ccs" --define=PART_TM4C123GH6PM -g --gcc --diag_warning=225 --diag_wrap=off --display_error_number --abi=eabi --preproc_with_compile --preproc_dependency="tm4c123gh6pm_startup_ccs.d_raw"  "../tm4c123gh6pm_startup_ccs.c"
Finished building: "../tm4c123gh6pm_startup_ccs.c"
 
Building file: "../lab5_template.c"
Invoking: Arm Compiler
"C:/ti/ccs1031/ccs/tools/compiler/ti-cgt-arm_20.2.4.LTS/bin/armcl" -mv7M4 --code_state=16 --float_support=FPv4SPD16 -me --include_path="C:/ti/TivaWare_C_Series-2.1.4.178" --include_path="C:/Users/dsr/Downloads/288Lab/288Lab-master/lab_5" --include_path="C:/ti/ccs1031/ccs/tools/compiler/ti-cgt-arm_20.2.4.LTS/include" --define=ccs="ccs" --define=PART_TM4C123GH6PM -g --gcc --diag_warning=225 --diag_wrap=off --display_error_number --abi=eabi --preproc_with_compile --preproc_dependency="lab5_template.d_raw"  "../lab5_template.c"
"../lab5_template.c", line 91: warning #179-D: variable "averageArr" was declared but never referenced
Finished building: "../lab5_template.c"
 
Building file: "../movement.c"
Invoking: Arm Compiler
"C:/ti/ccs1031/ccs/tools/compiler/ti-cgt-arm_20.2.4.LTS/bin/armcl" -mv7M4 --code_state=16 --float_support=FPv4SPD16 -me --include_path="C:/ti/TivaWare_C_Series-2.1.4.178" --include_path="C:/Users/dsr/Downloads/288Lab/288Lab-master/lab_5" --include_path="C:/ti/ccs1031/ccs/tools/compiler/ti-cgt-arm_20.2.4.LTS/include" --define=ccs="ccs" --define=PART_TM4C123GH6PM -g --gcc --diag_warning=225 --diag_wrap=off --display_error_number --abi=eabi --preproc_with_compile --preproc_dependency="movement.d_raw"  "../movement.c"
"../movement.c", line 154: warning #179-D: variable "sum" was declared but never referenced
"../movement.c", line 156: warning #179-D: variable "horizontal_dist" was declared but never referenced
Finished building: "../movement.c"
 
Building file: "../open_interface.c"
Invoking: Arm Compiler
"C:/ti/ccs1031/ccs/tools/compiler/ti-cgt-arm_20.2.4.LTS/bin/armcl" -mv7M4 --code_state=16 --float_support=FPv4SPD16 -me --include_path="C:/ti/TivaWare_C_Series-2.1.4.178" --include_path="C:/Users/dsr/Downloads/288Lab/288Lab-master/lab_5" --include_path="C:/ti/ccs1031/ccs/tools/compiler/ti-cgt-arm_20.2.4.LTS/include" --define=ccs="ccs" --define=PART_TM4C123GH6PM -g --gcc --diag_warning=225 --diag_wrap=off --display_error_number --abi=eabi --preproc_with_compile --preproc_dependency="open_interface.d_raw"  "../open_interface.c"
"../open_interface.c", line 356: warning #179-D: variable "charging_state" was declared but never referenced
Finished building: "../open_interface.c"
 
Building target: "lab_5.out"
Invoking: Arm Linker
"C:/ti/ccs1031/ccs/tools/compiler/ti-cgt-arm_20.2.4.LTS/bin/armcl" -mv7M4 --code_state=16 --float_support=FPv4SPD16 -me --define=ccs="ccs" --define=PART_TM4C123GH6PM -g --gcc --diag_warning=225 --diag_wrap=off --display_error_number --abi=eabi -z -m"lab_5.map" --heap_size=1024 --stack_size=2048 -i"C:/ti/ccs1031/ccs/tools/compiler/ti-cgt-arm_20.2.4.LTS/lib" -i"C:/ti/ccs1031/ccs/tools/compiler/ti-cgt-arm_20.2.4.LTS/include" --reread_libs --diag_wrap=off --display_error_number --warn_sections --xml_link_info="lab_5_linkInfo.xml" --rom_model -o "lab_5.out" "./Timer.obj" "./button.obj" "./lab5_template.obj" "./lcd.obj" "./main.obj" "./movement.obj" "./open_interface.obj" "./tm4c123gh6pm_startup_ccs.obj" "../libcybotScan.lib" "../libcybotUART.lib" "../tm4c123gh6pm.cmd" "../dvt/libcybotScan.lib"  -l"C:/ti/TivaWare_C_Series-2.1.4.178/driverlib/ccs/Debug/driverlib.lib" -llibc.a 
<Linking>
Finished building target: "lab_5.out"
 

**** Build Finished ****

**** Clean-only build of configuration Debug for project lab_6 ****

"C:\\ti\\ccs1031\\ccs\\utils\\bin\\gmake" -k -j 8 clean -O 
 
DEL /F  "lab_6.hex"  "lab_6.out" 
DEL /F "Lab6_main.obj" "Timer.obj" "button.obj" "lcd.obj" "main.obj" "mission_helper.obj" "movement.obj" "open_interface.obj" "tm4c123gh6pm_startup_ccs.obj" "uart.obj" 
DEL /F "Lab6_main.d" "Timer.d" "button.d" "lcd.d" "main.d" "mission_helper.d" "movement.d" "open_interface.d" "tm4c123gh6pm_startup_ccs.d" "uart.d" 
Could Not Find C:\Users\dsr\Downloads\288Lab\288Lab-master\lab_6\Debug\lab_6.hex
Could Not Find C:\Users\dsr\Downloads\288Lab\288Lab-master\lab_6\Debug\Lab6_main.obj
Could Not Find C:\Users\dsr\Downloads\288Lab\288Lab-master\lab_6\Debug\Lab6_main.d
Finished clean
 

**** Build Finished ****

**** Build of configuration Debug for project lab_6 ****

"C:\\ti\\ccs1031\\ccs\\utils\\bin\\gmake" -k -j 8 all -O 
 
Building file: "../Lab6_main.c"
Invoking: Arm Compiler
"C:/ti/ccs1031/ccs/tools/compiler/ti-cgt-arm_20.2.4.LTS/bin/armcl" -mv7M4 --code_state=16 --float_support=FPv4SPD16 -me --include_path="C:/ti/TivaWare_C_Series-2.1.4.178" --include_path="C:/Users/dsr/Downloads/288Lab/288Lab-master/lab_6" --include_path="C:/ti/ccs1031/ccs/tools/compiler/ti-cgt-arm_20.2.4.LTS/include" --define=ccs="ccs" --define=PART_TM4C123GH6PM -g --gcc --diag_warning=225 --diag_wrap=off --display_error_number --abi=eabi --preproc_with_compile --preproc_dependency="Lab6_main.d_raw"  "../Lab6_main.c"
Finished building: "../Lab6_main.c"
 
Building file: "../button.c"
Invoking: Arm Compiler
"C:/ti/ccs1031/ccs/tools/compiler/ti-cgt-arm_20.2.4.LTS/bin/armcl" -mv7M4 --code_state=16 --float_support=FPv4SPD16 -me --include_path="C:/ti/TivaWare_C_Series-2.1.4.178" --include_path="C:/Users/dsr/Downloads/288Lab/288Lab-master/lab_6" --include_path="C:/ti/ccs1031/ccs/tools/compiler/ti-cgt-arm_20.2.4.LTS/include" --define=ccs="ccs" --define=PART_TM4C123GH6PM -g --gcc --diag_warning=225 --diag_wrap=off --display_error_number --abi=eabi --preproc_with_compile --preproc_dependency="button.d_raw"  "../button.c"
Finished building: "../button.c"
 
Building file: "../Timer.c"
Invoking: Arm Compiler
"C:/ti/ccs1031/ccs/tools/compiler/ti-cgt-arm_20.2.4.LTS/bin/armcl" -mv7M4 --code_state=16 --float_support=FPv4SPD16 -me --include_path="C:/ti/TivaWare_C_Series-2.1.4.178" --include_path="C:/Users/dsr/Downloads/288Lab/288Lab-master/lab_6" --include_path="C:/ti/ccs1031/ccs/tools/compiler/ti-cgt-arm_20.2.4.LTS/include" --define=ccs="ccs" --define=PART_TM4C123GH6PM -g --gcc --diag_warning=225 --diag_wrap=off --display_error_number --abi=eabi --preproc_with_compile --preproc_dependency="Timer.d_raw"  "../Timer.c"
"../button.c", line 88: warning #225-D: function "IntRegister" declared implicitly
Finished building: "../Timer.c"
 
Building file: "../lcd.c"
Invoking: Arm Compiler
"C:/ti/ccs1031/ccs/tools/compiler/ti-cgt-arm_20.2.4.LTS/bin/armcl" -mv7M4 --code_state=16 --float_support=FPv4SPD16 -me --include_path="C:/ti/TivaWare_C_Series-2.1.4.178" --include_path="C:/Users/dsr/Downloads/288Lab/288Lab-master/lab_6" --include_path="C:/ti/ccs1031/ccs/tools/compiler/ti-cgt-arm_20.2.4.LTS/include" --define=ccs="ccs" --define=PART_TM4C123GH6PM -g --gcc --diag_warning=225 --diag_wrap=off --display_error_number --abi=eabi --preproc_with_compile --preproc_dependency="lcd.d_raw"  "../lcd.c"
Finished building: "../lcd.c"
 
Building file: "../mission_helper.c"
Invoking: Arm Compiler
"C:/ti/ccs1031/ccs/tools/compiler/ti-cgt-arm_20.2.4.LTS/bin/armcl" -mv7M4 --code_state=16 --float_support=FPv4SPD16 -me --include_path="C:/ti/TivaWare_C_Series-2.1.4.178" --include_path="C:/Users/dsr/Downloads/288Lab/288Lab-master/lab_6" --include_path="C:/ti/ccs1031/ccs/tools/compiler/ti-cgt-arm_20.2.4.LTS/include" --define=ccs="ccs" --define=PART_TM4C123GH6PM -g --gcc --diag_warning=225 --diag_wrap=off --display_error_number --abi=eabi --preproc_with_compile --preproc_dependency="mission_helper.d_raw"  "../mission_helper.c"
Finished building: "../mission_helper.c"
 
Building file: "../tm4c123gh6pm_startup_ccs.c"
Invoking: Arm Compiler
"C:/ti/ccs1031/ccs/tools/compiler/ti-cgt-arm_20.2.4.LTS/bin/armcl" -mv7M4 --code_state=16 --float_support=FPv4SPD16 -me --include_path="C:/ti/TivaWare_C_Series-2.1.4.178" --include_path="C:/Users/dsr/Downloads/288Lab/288Lab-master/lab_6" --include_path="C:/ti/ccs1031/ccs/tools/compiler/ti-cgt-arm_20.2.4.LTS/include" --define=ccs="ccs" --define=PART_TM4C123GH6PM -g --gcc --diag_warning=225 --diag_wrap=off --display_error_number --abi=eabi --preproc_with_compile --preproc_dependency="tm4c123gh6pm_startup_ccs.d_raw"  "../tm4c123gh6pm_startup_ccs.c"
Finished building: "../tm4c123gh6pm_startup_ccs.c"
 
Building file: "../main.c"
Invoking: Arm Compiler
"C:/ti/ccs1031/ccs/tools/compiler/ti-cgt-arm_20.2.4.LTS/bin/armcl" -mv7M4 --code_state=16 --float_support=FPv4SPD16 -me --include_path="C:/ti/TivaWare_C_Series-2.1.4.178" --include_path="C:/Users/dsr/Downloads/288Lab/288Lab-master/lab_6" --include_path="C:/ti/ccs1031/ccs/tools/compiler/ti-cgt-arm_20.2.4.LTS/include" --define=ccs="ccs" --define=PART_TM4C123GH6PM -g --gcc --diag_warning=225 --diag_wrap=off --display_error_number --abi=eabi --preproc_with_compile --preproc_dependency="main.d_raw"  "../main.c"
"../main.c", line 48: warning #552-D: variable "prev_dist" was set but never used
"../main.c", line 192: warning #225-D: function "auto_mode" declared implicitly
"../main.c", line 197: warning #112-D: statement is unreachable
"../main.c", line 200: warning #161-D: declaration is incompatible with previous "auto_mode" (declared at line 192)
Finished building: "../main.c"
 
Building file: "../uart.c"
Invoking: Arm Compiler
"C:/ti/ccs1031/ccs/tools/compiler/ti-cgt-arm_20.2.4.LTS/bin/armcl" -mv7M4 --code_state=16 --float_support=FPv4SPD16 -me --include_path="C:/ti/TivaWare_C_Series-2.1.4.178" --include_path="C:/Users/dsr/Downloads/288Lab/288Lab-master/lab_6" --include_path="C:/ti/ccs1031/ccs/tools/compiler/ti-cgt-arm_20.2.4.LTS/include" --define=ccs="ccs" --define=PART_TM4C123GH6PM -g --gcc --diag_warning=225 --diag_wrap=off --display_error_number --abi=eabi --preproc_with_compile --preproc_dependency="uart.d_raw"  "../uart.c"
Finished building: "../uart.c"
 
Building file: "../movement.c"
Invoking: Arm Compiler
"C:/ti/ccs1031/ccs/tools/compiler/ti-cgt-arm_20.2.4.LTS/bin/armcl" -mv7M4 --code_state=16 --float_support=FPv4SPD16 -me --include_path="C:/ti/TivaWare_C_Series-2.1.4.178" --include_path="C:/Users/dsr/Downloads/288Lab/288Lab-master/lab_6" --include_path="C:/ti/ccs1031/ccs/tools/compiler/ti-cgt-arm_20.2.4.LTS/include" --define=ccs="ccs" --define=PART_TM4C123GH6PM -g --gcc --diag_warning=225 --diag_wrap=off --display_error_number --abi=eabi --preproc_with_compile --preproc_dependency="movement.d_raw"  "../movement.c"
"../movement.c", line 154: warning #179-D: variable "sum" was declared but never referenced
"../movement.c", line 156: warning #179-D: variable "horizontal_dist" was declared but never referenced
Finished building: "../movement.c"
 
Building file: "../open_interface.c"
Invoking: Arm Compiler
"C:/ti/ccs1031/ccs/tools/compiler/ti-cgt-arm_20.2.4.LTS/bin/armcl" -mv7M4 --code_state=16 --float_support=FPv4SPD16 -me --include_path="C:/ti/TivaWare_C_Series-2.1.4.178" --include_path="C:/Users/dsr/Downloads/288Lab/288Lab-master/lab_6" --include_path="C:/ti/ccs1031/ccs/tools/compiler/ti-cgt-arm_20.2.4.LTS/include" --define=ccs="ccs" --define=PART_TM4C123GH6PM -g --gcc --diag_warning=225 --diag_wrap=off --display_error_number --abi=eabi --preproc_with_compile --preproc_dependency="open_interface.d_raw"  "../open_interface.c"
"../open_interface.c", line 356: warning #179-D: variable "charging_state" was declared but never referenced
Finished building: "../open_interface.c"
 
Building target: "lab_6.out"
Invoking: Arm Linker
"C:/ti/ccs1031/ccs/tools/compiler/ti-cgt-arm_20.2.4.LTS/bin/armcl" -mv7M4 --code_state=16 --float_support=FPv4SPD16 -me --define=ccs="ccs" --define=PART_TM4C123GH6PM -g --gcc --diag_warning=225 --diag_wrap=off --display_error_number --abi=eabi -z -m"lab_6.map" --heap_size=1024 --stack_size=2048 -i"C:/ti/ccs1031/ccs/tools/compiler/ti-cgt-arm_20.2.4.LTS/lib" -i"C:/ti/ccs1031/ccs/tools/compiler/ti-cgt-arm_20.2.4.LTS/include" --reread_libs --diag_wrap=off --display_error_number --warn_sections --xml_link_info="lab_6_linkInfo.xml" --rom_model -o "lab_6.out" "./Lab6_main.obj" "./Timer.obj" "./button.obj" "./lcd.obj" "./main.obj" "./mission_helper.obj" "./movement.obj" "./open_interface.obj" "./tm4c123gh6pm_startup_ccs.obj" "./uart.obj" "../libcybotScan.lib" "../libcybotUART.lib" "../tm4c123gh6pm.cmd" "../dvt/libcybotScan.lib"  -l"C:/ti/TivaWare_C_Series-2.1.4.178/driverlib/ccs/Debug/driverlib.lib" -llibc.a 
<Linking>
Finished building target: "lab_6.out"
 

**** Build Finished ****

**** Clean-only build of configuration Debug for project lab_7 ****

"C:\\ti\\ccs1031\\ccs\\utils\\bin\\gmake" -k -j 8 clean -O 
 
DEL /F  "lab_7.hex"  "lab_7.out" 
DEL /F "Lab6_main.obj" "Timer.obj" "button.obj" "lcd.obj" "main.obj" "mission_helper.obj" "movement.obj" "open_interface.obj" "tm4c123gh6pm_startup_ccs.obj" "uart.obj" 
DEL /F "Lab6_main.d" "Timer.d" "button.d" "lcd.d" "main.d" "mission_helper.d" "movement.d" "open_interface.d" "tm4c123gh6pm_startup_ccs.d" "uart.d" 
Could Not Find C:\Users\dsr\Downloads\288Lab\288Lab-master\lab_7\Debug\lab_7.hex
Could Not Find C:\Users\dsr\Downloads\288Lab\288Lab-master\lab_7\Debug\Lab6_main.obj
Could Not Find C:\Users\dsr\Downloads\288Lab\288Lab-master\lab_7\Debug\Lab6_main.d
Finished clean
 

**** Build Finished ****

**** Build of configuration Debug for project lab_7 ****

"C:\\ti\\ccs1031\\ccs\\utils\\bin\\gmake" -k -j 8 all -O 
 
Building file: "../Lab6_main.c"
Invoking: Arm Compiler
"C:/ti/ccs1031/ccs/tools/compiler/ti-cgt-arm_20.2.4.LTS/bin/armcl" -mv7M4 --code_state=16 --float_support=FPv4SPD16 -me --include_path="C:/ti/TivaWare_C_Series-2.1.4.178" --include_path="C:/Users/dsr/Downloads/288Lab/288Lab-master/lab_7" --include_path="C:/ti/ccs1031/ccs/tools/compiler/ti-cgt-arm_20.2.4.LTS/include" --define=ccs="ccs" --define=PART_TM4C123GH6PM -g --gcc --diag_warning=225 --diag_wrap=off --display_error_number --abi=eabi --preproc_with_compile --preproc_dependency="Lab6_main.d_raw"  "../Lab6_main.c"
Finished building: "../Lab6_main.c"
 
Building file: "../button.c"
Invoking: Arm Compiler
"C:/ti/ccs1031/ccs/tools/compiler/ti-cgt-arm_20.2.4.LTS/bin/armcl" -mv7M4 --code_state=16 --float_support=FPv4SPD16 -me --include_path="C:/ti/TivaWare_C_Series-2.1.4.178" --include_path="C:/Users/dsr/Downloads/288Lab/288Lab-master/lab_7" --include_path="C:/ti/ccs1031/ccs/tools/compiler/ti-cgt-arm_20.2.4.LTS/include" --define=ccs="ccs" --define=PART_TM4C123GH6PM -g --gcc --diag_warning=225 --diag_wrap=off --display_error_number --abi=eabi --preproc_with_compile --preproc_dependency="button.d_raw"  "../button.c"
"../button.c", line 88: warning #225-D: function "IntRegister" declared implicitly
Finished building: "../button.c"
 
Building file: "../Timer.c"
Invoking: Arm Compiler
"C:/ti/ccs1031/ccs/tools/compiler/ti-cgt-arm_20.2.4.LTS/bin/armcl" -mv7M4 --code_state=16 --float_support=FPv4SPD16 -me --include_path="C:/ti/TivaWare_C_Series-2.1.4.178" --include_path="C:/Users/dsr/Downloads/288Lab/288Lab-master/lab_7" --include_path="C:/ti/ccs1031/ccs/tools/compiler/ti-cgt-arm_20.2.4.LTS/include" --define=ccs="ccs" --define=PART_TM4C123GH6PM -g --gcc --diag_warning=225 --diag_wrap=off --display_error_number --abi=eabi --preproc_with_compile --preproc_dependency="Timer.d_raw"  "../Timer.c"
Finished building: "../Timer.c"
 
Building file: "../lcd.c"
Invoking: Arm Compiler
"C:/ti/ccs1031/ccs/tools/compiler/ti-cgt-arm_20.2.4.LTS/bin/armcl" -mv7M4 --code_state=16 --float_support=FPv4SPD16 -me --include_path="C:/ti/TivaWare_C_Series-2.1.4.178" --include_path="C:/Users/dsr/Downloads/288Lab/288Lab-master/lab_7" --include_path="C:/ti/ccs1031/ccs/tools/compiler/ti-cgt-arm_20.2.4.LTS/include" --define=ccs="ccs" --define=PART_TM4C123GH6PM -g --gcc --diag_warning=225 --diag_wrap=off --display_error_number --abi=eabi --preproc_with_compile --preproc_dependency="lcd.d_raw"  "../lcd.c"
Finished building: "../lcd.c"
 
Building file: "../tm4c123gh6pm_startup_ccs.c"
Invoking: Arm Compiler
"C:/ti/ccs1031/ccs/tools/compiler/ti-cgt-arm_20.2.4.LTS/bin/armcl" -mv7M4 --code_state=16 --float_support=FPv4SPD16 -me --include_path="C:/ti/TivaWare_C_Series-2.1.4.178" --include_path="C:/Users/dsr/Downloads/288Lab/288Lab-master/lab_7" --include_path="C:/ti/ccs1031/ccs/tools/compiler/ti-cgt-arm_20.2.4.LTS/include" --define=ccs="ccs" --define=PART_TM4C123GH6PM -g --gcc --diag_warning=225 --diag_wrap=off --display_error_number --abi=eabi --preproc_with_compile --preproc_dependency="tm4c123gh6pm_startup_ccs.d_raw"  "../tm4c123gh6pm_startup_ccs.c"
Finished building: "../tm4c123gh6pm_startup_ccs.c"
 
Building file: "../mission_helper.c"
Invoking: Arm Compiler
"C:/ti/ccs1031/ccs/tools/compiler/ti-cgt-arm_20.2.4.LTS/bin/armcl" -mv7M4 --code_state=16 --float_support=FPv4SPD16 -me --include_path="C:/ti/TivaWare_C_Series-2.1.4.178" --include_path="C:/Users/dsr/Downloads/288Lab/288Lab-master/lab_7" --include_path="C:/ti/ccs1031/ccs/tools/compiler/ti-cgt-arm_20.2.4.LTS/include" --define=ccs="ccs" --define=PART_TM4C123GH6PM -g --gcc --diag_warning=225 --diag_wrap=off --display_error_number --abi=eabi --preproc_with_compile --preproc_dependency="mission_helper.d_raw"  "../mission_helper.c"
Finished building: "../mission_helper.c"
 
Building file: "../main.c"
Invoking: Arm Compiler
"C:/ti/ccs1031/ccs/tools/compiler/ti-cgt-arm_20.2.4.LTS/bin/armcl" -mv7M4 --code_state=16 --float_support=FPv4SPD16 -me --include_path="C:/ti/TivaWare_C_Series-2.1.4.178" --include_path="C:/Users/dsr/Downloads/288Lab/288Lab-master/lab_7" --include_path="C:/ti/ccs1031/ccs/tools/compiler/ti-cgt-arm_20.2.4.LTS/include" --define=ccs="ccs" --define=PART_TM4C123GH6PM -g --gcc --diag_warning=225 --diag_wrap=off --display_error_number --abi=eabi --preproc_with_compile --preproc_dependency="main.d_raw"  "../main.c"
"../main.c", line 51: warning #552-D: variable "prev_dist" was set but never used
"../main.c", line 225: warning #112-D: statement is unreachable
Finished building: "../main.c"
 
Building file: "../uart.c"
Invoking: Arm Compiler
"C:/ti/ccs1031/ccs/tools/compiler/ti-cgt-arm_20.2.4.LTS/bin/armcl" -mv7M4 --code_state=16 --float_support=FPv4SPD16 -me --include_path="C:/ti/TivaWare_C_Series-2.1.4.178" --include_path="C:/Users/dsr/Downloads/288Lab/288Lab-master/lab_7" --include_path="C:/ti/ccs1031/ccs/tools/compiler/ti-cgt-arm_20.2.4.LTS/include" --define=ccs="ccs" --define=PART_TM4C123GH6PM -g --gcc --diag_warning=225 --diag_wrap=off --display_error_number --abi=eabi --preproc_with_compile --preproc_dependency="uart.d_raw"  "../uart.c"
Finished building: "../uart.c"
 
Building file: "../movement.c"
Invoking: Arm Compiler
"C:/ti/ccs1031/ccs/tools/compiler/ti-cgt-arm_20.2.4.LTS/bin/armcl" -mv7M4 --code_state=16 --float_support=FPv4SPD16 -me --include_path="C:/ti/TivaWare_C_Series-2.1.4.178" --include_path="C:/Users/dsr/Downloads/288Lab/288Lab-master/lab_7" --include_path="C:/ti/ccs1031/ccs/tools/compiler/ti-cgt-arm_20.2.4.LTS/include" --define=ccs="ccs" --define=PART_TM4C123GH6PM -g --gcc --diag_warning=225 --diag_wrap=off --display_error_number --abi=eabi --preproc_with_compile --preproc_dependency="movement.d_raw"  "../movement.c"
"../movement.c", line 154: warning #179-D: variable "sum" was declared but never referenced
"../movement.c", line 156: warning #179-D: variable "horizontal_dist" was declared but never referenced
Finished building: "../movement.c"
 
Building file: "../open_interface.c"
Invoking: Arm Compiler
"C:/ti/ccs1031/ccs/tools/compiler/ti-cgt-arm_20.2.4.LTS/bin/armcl" -mv7M4 --code_state=16 --float_support=FPv4SPD16 -me --include_path="C:/ti/TivaWare_C_Series-2.1.4.178" --include_path="C:/Users/dsr/Downloads/288Lab/288Lab-master/lab_7" --include_path="C:/ti/ccs1031/ccs/tools/compiler/ti-cgt-arm_20.2.4.LTS/include" --define=ccs="ccs" --define=PART_TM4C123GH6PM -g --gcc --diag_warning=225 --diag_wrap=off --display_error_number --abi=eabi --preproc_with_compile --preproc_dependency="open_interface.d_raw"  "../open_interface.c"
"../open_interface.c", line 356: warning #179-D: variable "charging_state" was declared but never referenced
Finished building: "../open_interface.c"
 
Building target: "lab_7.out"
Invoking: Arm Linker
"C:/ti/ccs1031/ccs/tools/compiler/ti-cgt-arm_20.2.4.LTS/bin/armcl" -mv7M4 --code_state=16 --float_support=FPv4SPD16 -me --define=ccs="ccs" --define=PART_TM4C123GH6PM -g --gcc --diag_warning=225 --diag_wrap=off --display_error_number --abi=eabi -z -m"lab_7.map" --heap_size=1024 --stack_size=2048 -i"C:/ti/ccs1031/ccs/tools/compiler/ti-cgt-arm_20.2.4.LTS/lib" -i"C:/ti/ccs1031/ccs/tools/compiler/ti-cgt-arm_20.2.4.LTS/include" --reread_libs --diag_wrap=off --display_error_number --warn_sections --xml_link_info="lab_7_linkInfo.xml" --rom_model -o "lab_7.out" "./Lab6_main.obj" "./Timer.obj" "./button.obj" "./lcd.obj" "./main.obj" "./mission_helper.obj" "./movement.obj" "./open_interface.obj" "./tm4c123gh6pm_startup_ccs.obj" "./uart.obj" "../libcybotScan.lib" "../libcybotUART.lib" "../tm4c123gh6pm.cmd" "../dvt/libcybotScan.lib"  -l"C:/ti/TivaWare_C_Series-2.1.4.178/driverlib/ccs/Debug/driverlib.lib" -llibc.a 
<Linking>
Finished building target: "lab_7.out"
 

**** Build Finished ****

**** Clean-only build of configuration Debug for project lab_8 ****

"C:\\ti\\ccs1031\\ccs\\utils\\bin\\gmake" -k -j 8 clean -O 
 
DEL /F  "lab_8.hex"  "lab_8.out" 
DEL /F "Lab6_main.obj" "Timer.obj" "adc.obj" "button.obj" "extended_simple_mission_main.obj" "lcd.obj" "main.obj" "mission_helper.obj" "movement.obj" "open_interface.obj" "tm4c123gh6pm_startup_ccs.obj" "uart.obj" 
DEL /F "Lab6_main.d" "Timer.d" "adc.d" "button.d" "extended_simple_mission_main.d" "lcd.d" "main.d" "mission_helper.d" "movement.d" "open_interface.d" "tm4c123gh6pm_startup_ccs.d" "uart.d" 
Could Not Find C:\Users\dsr\Downloads\288Lab\288Lab-master\lab_8\Debug\lab_8.hex
Could Not Find C:\Users\dsr\Downloads\288Lab\288Lab-master\lab_8\Debug\Lab6_main.obj
Could Not Find C:\Users\dsr\Downloads\288Lab\288Lab-master\lab_8\Debug\Lab6_main.d
Finished clean
 

**** Build Finished ****

**** Build of configuration Debug for project lab_8 ****

"C:\\ti\\ccs1031\\ccs\\utils\\bin\\gmake" -k -j 8 all -O 
 
Building file: "../Lab6_main.c"
Invoking: Arm Compiler
"C:/ti/ccs1031/ccs/tools/compiler/ti-cgt-arm_20.2.4.LTS/bin/armcl" -mv7M4 --code_state=16 --float_support=FPv4SPD16 -me --include_path="C:/ti/TivaWare_C_Series-2.1.4.178" --include_path="C:/Users/dsr/Downloads/288Lab/288Lab-master/lab_8" --include_path="C:/ti/ccs1031/ccs/tools/compiler/ti-cgt-arm_20.2.4.LTS/include" --define=ccs="ccs" --define=PART_TM4C123GH6PM -g --gcc --diag_warning=225 --diag_wrap=off --display_error_number --abi=eabi --preproc_with_compile --preproc_dependency="Lab6_main.d_raw"  "../Lab6_main.c"
Finished building: "../Lab6_main.c"
 
Building file: "../Timer.c"
Invoking: Arm Compiler
"C:/ti/ccs1031/ccs/tools/compiler/ti-cgt-arm_20.2.4.LTS/bin/armcl" -mv7M4 --code_state=16 --float_support=FPv4SPD16 -me --include_path="C:/ti/TivaWare_C_Series-2.1.4.178" --include_path="C:/Users/dsr/Downloads/288Lab/288Lab-master/lab_8" --include_path="C:/ti/ccs1031/ccs/tools/compiler/ti-cgt-arm_20.2.4.LTS/include" --define=ccs="ccs" --define=PART_TM4C123GH6PM -g --gcc --diag_warning=225 --diag_wrap=off --display_error_number --abi=eabi --preproc_with_compile --preproc_dependency="Timer.d_raw"  "../Timer.c"
Finished building: "../Timer.c"
 
Building file: "../adc.c"
Invoking: Arm Compiler
"C:/ti/ccs1031/ccs/tools/compiler/ti-cgt-arm_20.2.4.LTS/bin/armcl" -mv7M4 --code_state=16 --float_support=FPv4SPD16 -me --include_path="C:/ti/TivaWare_C_Series-2.1.4.178" --include_path="C:/Users/dsr/Downloads/288Lab/288Lab-master/lab_8" --include_path="C:/ti/ccs1031/ccs/tools/compiler/ti-cgt-arm_20.2.4.LTS/include" --define=ccs="ccs" --define=PART_TM4C123GH6PM -g --gcc --diag_warning=225 --diag_wrap=off --display_error_number --abi=eabi --preproc_with_compile --preproc_dependency="adc.d_raw"  "../adc.c"
Finished building: "../adc.c"
 
Building file: "../button.c"
Invoking: Arm Compiler
"C:/ti/ccs1031/ccs/tools/compiler/ti-cgt-arm_20.2.4.LTS/bin/armcl" -mv7M4 --code_state=16 --float_support=FPv4SPD16 -me --include_path="C:/ti/TivaWare_C_Series-2.1.4.178" --include_path="C:/Users/dsr/Downloads/288Lab/288Lab-master/lab_8" --include_path="C:/ti/ccs1031/ccs/tools/compiler/ti-cgt-arm_20.2.4.LTS/include" --define=ccs="ccs" --define=PART_TM4C123GH6PM -g --gcc --diag_warning=225 --diag_wrap=off --display_error_number --abi=eabi --preproc_with_compile --preproc_dependency="button.d_raw"  "../button.c"
"../button.c", line 88: warning #225-D: function "IntRegister" declared implicitly
Finished building: "../button.c"
 
Building file: "../main.c"
Invoking: Arm Compiler
"C:/ti/ccs1031/ccs/tools/compiler/ti-cgt-arm_20.2.4.LTS/bin/armcl" -mv7M4 --code_state=16 --float_support=FPv4SPD16 -me --include_path="C:/ti/TivaWare_C_Series-2.1.4.178" --include_path="C:/Users/dsr/Downloads/288Lab/288Lab-master/lab_8" --include_path="C:/ti/ccs1031/ccs/tools/compiler/ti-cgt-arm_20.2.4.LTS/include" --define=ccs="ccs" --define=PART_TM4C123GH6PM -g --gcc --diag_warning=225 --diag_wrap=off --display_error_number --abi=eabi --preproc_with_compile --preproc_dependency="main.d_raw"  "../main.c"
Finished building: "../main.c"
 
Building file: "../lcd.c"
Invoking: Arm Compiler
"C:/ti/ccs1031/ccs/tools/compiler/ti-cgt-arm_20.2.4.LTS/bin/armcl" -mv7M4 --code_state=16 --float_support=FPv4SPD16 -me --include_path="C:/ti/TivaWare_C_Series-2.1.4.178" --include_path="C:/Users/dsr/Downloads/288Lab/288Lab-master/lab_8" --include_path="C:/ti/ccs1031/ccs/tools/compiler/ti-cgt-arm_20.2.4.LTS/include" --define=ccs="ccs" --define=PART_TM4C123GH6PM -g --gcc --diag_warning=225 --diag_wrap=off --display_error_number --abi=eabi --preproc_with_compile --preproc_dependency="lcd.d_raw"  "../lcd.c"
Finished building: "../lcd.c"
 
Building file: "../tm4c123gh6pm_startup_ccs.c"
Invoking: Arm Compiler
"C:/ti/ccs1031/ccs/tools/compiler/ti-cgt-arm_20.2.4.LTS/bin/armcl" -mv7M4 --code_state=16 --float_support=FPv4SPD16 -me --include_path="C:/ti/TivaWare_C_Series-2.1.4.178" --include_path="C:/Users/dsr/Downloads/288Lab/288Lab-master/lab_8" --include_path="C:/ti/ccs1031/ccs/tools/compiler/ti-cgt-arm_20.2.4.LTS/include" --define=ccs="ccs" --define=PART_TM4C123GH6PM -g --gcc --diag_warning=225 --diag_wrap=off --display_error_number --abi=eabi --preproc_with_compile --preproc_dependency="tm4c123gh6pm_startup_ccs.d_raw"  "../tm4c123gh6pm_startup_ccs.c"
Finished building: "../tm4c123gh6pm_startup_ccs.c"
 
Building file: "../extended_simple_mission_main.c"
Invoking: Arm Compiler
"C:/ti/ccs1031/ccs/tools/compiler/ti-cgt-arm_20.2.4.LTS/bin/armcl" -mv7M4 --code_state=16 --float_support=FPv4SPD16 -me --include_path="C:/ti/TivaWare_C_Series-2.1.4.178" --include_path="C:/Users/dsr/Downloads/288Lab/288Lab-master/lab_8" --include_path="C:/ti/ccs1031/ccs/tools/compiler/ti-cgt-arm_20.2.4.LTS/include" --define=ccs="ccs" --define=PART_TM4C123GH6PM -g --gcc --diag_warning=225 --diag_wrap=off --display_error_number --abi=eabi --preproc_with_compile --preproc_dependency="extended_simple_mission_main.d_raw"  "../extended_simple_mission_main.c"
"../extended_simple_mission_main.c", line 52: warning #552-D: variable "prev_dist" was set but never used
"../extended_simple_mission_main.c", line 227: warning #112-D: statement is unreachable
Finished building: "../extended_simple_mission_main.c"
 
Building file: "../mission_helper.c"
Invoking: Arm Compiler
"C:/ti/ccs1031/ccs/tools/compiler/ti-cgt-arm_20.2.4.LTS/bin/armcl" -mv7M4 --code_state=16 --float_support=FPv4SPD16 -me --include_path="C:/ti/TivaWare_C_Series-2.1.4.178" --include_path="C:/Users/dsr/Downloads/288Lab/288Lab-master/lab_8" --include_path="C:/ti/ccs1031/ccs/tools/compiler/ti-cgt-arm_20.2.4.LTS/include" --define=ccs="ccs" --define=PART_TM4C123GH6PM -g --gcc --diag_warning=225 --diag_wrap=off --display_error_number --abi=eabi --preproc_with_compile --preproc_dependency="mission_helper.d_raw"  "../mission_helper.c"
Finished building: "../mission_helper.c"
 
Building file: "../movement.c"
Invoking: Arm Compiler
"C:/ti/ccs1031/ccs/tools/compiler/ti-cgt-arm_20.2.4.LTS/bin/armcl" -mv7M4 --code_state=16 --float_support=FPv4SPD16 -me --include_path="C:/ti/TivaWare_C_Series-2.1.4.178" --include_path="C:/Users/dsr/Downloads/288Lab/288Lab-master/lab_8" --include_path="C:/ti/ccs1031/ccs/tools/compiler/ti-cgt-arm_20.2.4.LTS/include" --define=ccs="ccs" --define=PART_TM4C123GH6PM -g --gcc --diag_warning=225 --diag_wrap=off --display_error_number --abi=eabi --preproc_with_compile --preproc_dependency="movement.d_raw"  "../movement.c"
"../movement.c", line 154: warning #179-D: variable "sum" was declared but never referenced
"../movement.c", line 156: warning #179-D: variable "horizontal_dist" was declared but never referenced
Finished building: "../movement.c"
 
Building file: "../uart.c"
Invoking: Arm Compiler
"C:/ti/ccs1031/ccs/tools/compiler/ti-cgt-arm_20.2.4.LTS/bin/armcl" -mv7M4 --code_state=16 --float_support=FPv4SPD16 -me --include_path="C:/ti/TivaWare_C_Series-2.1.4.178" --include_path="C:/Users/dsr/Downloads/288Lab/288Lab-master/lab_8" --include_path="C:/ti/ccs1031/ccs/tools/compiler/ti-cgt-arm_20.2.4.LTS/include" --define=ccs="ccs" --define=PART_TM4C123GH6PM -g --gcc --diag_warning=225 --diag_wrap=off --display_error_number --abi=eabi --preproc_with_compile --preproc_dependency="uart.d_raw"  "../uart.c"
Finished building: "../uart.c"
 
Building file: "../open_interface.c"
Invoking: Arm Compiler
"C:/ti/ccs1031/ccs/tools/compiler/ti-cgt-arm_20.2.4.LTS/bin/armcl" -mv7M4 --code_state=16 --float_support=FPv4SPD16 -me --include_path="C:/ti/TivaWare_C_Series-2.1.4.178" --include_path="C:/Users/dsr/Downloads/288Lab/288Lab-master/lab_8" --include_path="C:/ti/ccs1031/ccs/tools/compiler/ti-cgt-arm_20.2.4.LTS/include" --define=ccs="ccs" --define=PART_TM4C123GH6PM -g --gcc --diag_warning=225 --diag_wrap=off --display_error_number --abi=eabi --preproc_with_compile --preproc_dependency="open_interface.d_raw"  "../open_interface.c"
"../open_interface.c", line 356: warning #179-D: variable "charging_state" was declared but never referenced
Finished building: "../open_interface.c"
 
Building target: "lab_8.out"
Invoking: Arm Linker
"C:/ti/ccs1031/ccs/tools/compiler/ti-cgt-arm_20.2.4.LTS/bin/armcl" -mv7M4 --code_state=16 --float_support=FPv4SPD16 -me --define=ccs="ccs" --define=PART_TM4C123GH6PM -g --gcc --diag_warning=225 --diag_wrap=off --display_error_number --abi=eabi -z -m"lab_8.map" --heap_size=1024 --stack_size=2048 -i"C:/ti/ccs1031/ccs/tools/compiler/ti-cgt-arm_20.2.4.LTS/lib" -i"C:/ti/ccs1031/ccs/tools/compiler/ti-cgt-arm_20.2.4.LTS/include" --reread_libs --diag_wrap=off --display_error_number --warn_sections --xml_link_info="lab_8_linkInfo.xml" --rom_model -o "lab_8.out" "./Lab6_main.obj" "./Timer.obj" "./adc.obj" "./button.obj" "./extended_simple_mission_main.obj" "./lcd.obj" "./main.obj" "./mission_helper.obj" "./movement.obj" "./open_interface.obj" "./tm4c123gh6pm_startup_ccs.obj" "./uart.obj" "../libcybotScan.lib" "../libcybotUART.lib" "../tm4c123gh6pm.cmd" "../dvt/libcybotScan.lib"  -l"C:/ti/TivaWare_C_Series-2.1.4.178/driverlib/ccs/Debug/driverlib.lib" -llibc.a 
<Linking>
Finished building target: "lab_8.out"
 

**** Build Finished ****

**** Build of configuration Debug for project lab_9 ****

"C:\\ti\\ccs1031\\ccs\\utils\\bin\\gmake" -k -j 8 all -O 
 
Building file: "../Lab6_main.c"
Invoking: Arm Compiler
"C:/ti/ccs1031/ccs/tools/compiler/ti-cgt-arm_20.2.4.LTS/bin/armcl" -mv7M4 --code_state=16 --float_support=FPv4SPD16 -me --include_path="C:/ti/TivaWare_C_Series-2.1.4.178" --include_path="C:/Users/dsr/Downloads/288Lab/288Lab-master/lab_9" --include_path="C:/ti/ccs1031/ccs/tools/compiler/ti-cgt-arm_20.2.4.LTS/include" --define=ccs="ccs" --define=PART_TM4C123GH6PM -g --gcc --diag_warning=225 --diag_wrap=off --display_error_number --abi=eabi --preproc_with_compile --preproc_dependency="Lab6_main.d_raw"  "../Lab6_main.c"
Finished building: "../Lab6_main.c"
 
Building file: "../adc.c"
Invoking: Arm Compiler
"C:/ti/ccs1031/ccs/tools/compiler/ti-cgt-arm_20.2.4.LTS/bin/armcl" -mv7M4 --code_state=16 --float_support=FPv4SPD16 -me --include_path="C:/ti/TivaWare_C_Series-2.1.4.178" --include_path="C:/Users/dsr/Downloads/288Lab/288Lab-master/lab_9" --include_path="C:/ti/ccs1031/ccs/tools/compiler/ti-cgt-arm_20.2.4.LTS/include" --define=ccs="ccs" --define=PART_TM4C123GH6PM -g --gcc --diag_warning=225 --diag_wrap=off --display_error_number --abi=eabi --preproc_with_compile --preproc_dependency="adc.d_raw"  "../adc.c"
Finished building: "../adc.c"
 
Building file: "../Timer.c"
Invoking: Arm Compiler
"C:/ti/ccs1031/ccs/tools/compiler/ti-cgt-arm_20.2.4.LTS/bin/armcl" -mv7M4 --code_state=16 --float_support=FPv4SPD16 -me --include_path="C:/ti/TivaWare_C_Series-2.1.4.178" --include_path="C:/Users/dsr/Downloads/288Lab/288Lab-master/lab_9" --include_path="C:/ti/ccs1031/ccs/tools/compiler/ti-cgt-arm_20.2.4.LTS/include" --define=ccs="ccs" --define=PART_TM4C123GH6PM -g --gcc --diag_warning=225 --diag_wrap=off --display_error_number --abi=eabi --preproc_with_compile --preproc_dependency="Timer.d_raw"  "../Timer.c"
Finished building: "../Timer.c"
 
Building file: "../button.c"
Invoking: Arm Compiler
"C:/ti/ccs1031/ccs/tools/compiler/ti-cgt-arm_20.2.4.LTS/bin/armcl" -mv7M4 --code_state=16 --float_support=FPv4SPD16 -me --include_path="C:/ti/TivaWare_C_Series-2.1.4.178" --include_path="C:/Users/dsr/Downloads/288Lab/288Lab-master/lab_9" --include_path="C:/ti/ccs1031/ccs/tools/compiler/ti-cgt-arm_20.2.4.LTS/include" --define=ccs="ccs" --define=PART_TM4C123GH6PM -g --gcc --diag_warning=225 --diag_wrap=off --display_error_number --abi=eabi --preproc_with_compile --preproc_dependency="button.d_raw"  "../button.c"
"../button.c", line 88: warning #225-D: function "IntRegister" declared implicitly
Finished building: "../button.c"
 
Building file: "../lcd.c"
Invoking: Arm Compiler
"C:/ti/ccs1031/ccs/tools/compiler/ti-cgt-arm_20.2.4.LTS/bin/armcl" -mv7M4 --code_state=16 --float_support=FPv4SPD16 -me --include_path="C:/ti/TivaWare_C_Series-2.1.4.178" --include_path="C:/Users/dsr/Downloads/288Lab/288Lab-master/lab_9" --include_path="C:/ti/ccs1031/ccs/tools/compiler/ti-cgt-arm_20.2.4.LTS/include" --define=ccs="ccs" --define=PART_TM4C123GH6PM -g --gcc --diag_warning=225 --diag_wrap=off --display_error_number --abi=eabi --preproc_with_compile --preproc_dependency="lcd.d_raw"  "../lcd.c"
Finished building: "../lcd.c"
 
Building file: "../main.c"
Invoking: Arm Compiler
"C:/ti/ccs1031/ccs/tools/compiler/ti-cgt-arm_20.2.4.LTS/bin/armcl" -mv7M4 --code_state=16 --float_support=FPv4SPD16 -me --include_path="C:/ti/TivaWare_C_Series-2.1.4.178" --include_path="C:/Users/dsr/Downloads/288Lab/288Lab-master/lab_9" --include_path="C:/ti/ccs1031/ccs/tools/compiler/ti-cgt-arm_20.2.4.LTS/include" --define=ccs="ccs" --define=PART_TM4C123GH6PM -g --gcc --diag_warning=225 --diag_wrap=off --display_error_number --abi=eabi --preproc_with_compile --preproc_dependency="main.d_raw"  "../main.c"
"../main.c", line 14: warning #552-D: variable "ping_distance" was set but never used
Finished building: "../main.c"
 
Building file: "../extended_simple_mission_main.c"
Invoking: Arm Compiler
"C:/ti/ccs1031/ccs/tools/compiler/ti-cgt-arm_20.2.4.LTS/bin/armcl" -mv7M4 --code_state=16 --float_support=FPv4SPD16 -me --include_path="C:/ti/TivaWare_C_Series-2.1.4.178" --include_path="C:/Users/dsr/Downloads/288Lab/288Lab-master/lab_9" --include_path="C:/ti/ccs1031/ccs/tools/compiler/ti-cgt-arm_20.2.4.LTS/include" --define=ccs="ccs" --define=PART_TM4C123GH6PM -g --gcc --diag_warning=225 --diag_wrap=off --display_error_number --abi=eabi --preproc_with_compile --preproc_dependency="extended_simple_mission_main.d_raw"  "../extended_simple_mission_main.c"
"../extended_simple_mission_main.c", line 52: warning #552-D: variable "prev_dist" was set but never used
Finished building: "../extended_simple_mission_main.c"
 
Building file: "../mission_helper.c"
Invoking: Arm Compiler
"C:/ti/ccs1031/ccs/tools/compiler/ti-cgt-arm_20.2.4.LTS/bin/armcl" -mv7M4 --code_state=16 --float_support=FPv4SPD16 -me --include_path="C:/ti/TivaWare_C_Series-2.1.4.178" --include_path="C:/Users/dsr/Downloads/288Lab/288Lab-master/lab_9" --include_path="C:/ti/ccs1031/ccs/tools/compiler/ti-cgt-arm_20.2.4.LTS/include" --define=ccs="ccs" --define=PART_TM4C123GH6PM -g --gcc --diag_warning=225 --diag_wrap=off --display_error_number --abi=eabi --preproc_with_compile --preproc_dependency="mission_helper.d_raw"  "../mission_helper.c"
Finished building: "../mission_helper.c"
 
Building file: "../tm4c123gh6pm_startup_ccs.c"
Invoking: Arm Compiler
"C:/ti/ccs1031/ccs/tools/compiler/ti-cgt-arm_20.2.4.LTS/bin/armcl" -mv7M4 --code_state=16 --float_support=FPv4SPD16 -me --include_path="C:/ti/TivaWare_C_Series-2.1.4.178" --include_path="C:/Users/dsr/Downloads/288Lab/288Lab-master/lab_9" --include_path="C:/ti/ccs1031/ccs/tools/compiler/ti-cgt-arm_20.2.4.LTS/include" --define=ccs="ccs" --define=PART_TM4C123GH6PM -g --gcc --diag_warning=225 --diag_wrap=off --display_error_number --abi=eabi --preproc_with_compile --preproc_dependency="tm4c123gh6pm_startup_ccs.d_raw"  "../tm4c123gh6pm_startup_ccs.c"
Finished building: "../tm4c123gh6pm_startup_ccs.c"
 
Building file: "../movement.c"
Invoking: Arm Compiler
"C:/ti/ccs1031/ccs/tools/compiler/ti-cgt-arm_20.2.4.LTS/bin/armcl" -mv7M4 --code_state=16 --float_support=FPv4SPD16 -me --include_path="C:/ti/TivaWare_C_Series-2.1.4.178" --include_path="C:/Users/dsr/Downloads/288Lab/288Lab-master/lab_9" --include_path="C:/ti/ccs1031/ccs/tools/compiler/ti-cgt-arm_20.2.4.LTS/include" --define=ccs="ccs" --define=PART_TM4C123GH6PM -g --gcc --diag_warning=225 --diag_wrap=off --display_error_number --abi=eabi --preproc_with_compile --preproc_dependency="movement.d_raw"  "../movement.c"
"../movement.c", line 154: warning #179-D: variable "sum" was declared but never referenced
"../movement.c", line 156: warning #179-D: variable "horizontal_dist" was declared but never referenced
Finished building: "../movement.c"
 
Building file: "../ping.c"
Invoking: Arm Compiler
"C:/ti/ccs1031/ccs/tools/compiler/ti-cgt-arm_20.2.4.LTS/bin/armcl" -mv7M4 --code_state=16 --float_support=FPv4SPD16 -me --include_path="C:/ti/TivaWare_C_Series-2.1.4.178" --include_path="C:/Users/dsr/Downloads/288Lab/288Lab-master/lab_9" --include_path="C:/ti/ccs1031/ccs/tools/compiler/ti-cgt-arm_20.2.4.LTS/include" --define=ccs="ccs" --define=PART_TM4C123GH6PM -g --gcc --diag_warning=225 --diag_wrap=off --display_error_number --abi=eabi --preproc_with_compile --preproc_dependency="ping.d_raw"  "../ping.c"
Finished building: "../ping.c"
 
Building file: "../uart.c"
Invoking: Arm Compiler
"C:/ti/ccs1031/ccs/tools/compiler/ti-cgt-arm_20.2.4.LTS/bin/armcl" -mv7M4 --code_state=16 --float_support=FPv4SPD16 -me --include_path="C:/ti/TivaWare_C_Series-2.1.4.178" --include_path="C:/Users/dsr/Downloads/288Lab/288Lab-master/lab_9" --include_path="C:/ti/ccs1031/ccs/tools/compiler/ti-cgt-arm_20.2.4.LTS/include" --define=ccs="ccs" --define=PART_TM4C123GH6PM -g --gcc --diag_warning=225 --diag_wrap=off --display_error_number --abi=eabi --preproc_with_compile --preproc_dependency="uart.d_raw"  "../uart.c"
Finished building: "../uart.c"
 
Building file: "../open_interface.c"
Invoking: Arm Compiler
"C:/ti/ccs1031/ccs/tools/compiler/ti-cgt-arm_20.2.4.LTS/bin/armcl" -mv7M4 --code_state=16 --float_support=FPv4SPD16 -me --include_path="C:/ti/TivaWare_C_Series-2.1.4.178" --include_path="C:/Users/dsr/Downloads/288Lab/288Lab-master/lab_9" --include_path="C:/ti/ccs1031/ccs/tools/compiler/ti-cgt-arm_20.2.4.LTS/include" --define=ccs="ccs" --define=PART_TM4C123GH6PM -g --gcc --diag_warning=225 --diag_wrap=off --display_error_number --abi=eabi --preproc_with_compile --preproc_dependency="open_interface.d_raw"  "../open_interface.c"
"../open_interface.c", line 356: warning #179-D: variable "charging_state" was declared but never referenced
Finished building: "../open_interface.c"
 
Building target: "lab_9.out"
Invoking: Arm Linker
"C:/ti/ccs1031/ccs/tools/compiler/ti-cgt-arm_20.2.4.LTS/bin/armcl" -mv7M4 --code_state=16 --float_support=FPv4SPD16 -me --define=ccs="ccs" --define=PART_TM4C123GH6PM -g --gcc --diag_warning=225 --diag_wrap=off --display_error_number --abi=eabi -z -m"lab_9.map" --heap_size=1024 --stack_size=2048 -i"C:/ti/ccs1031/ccs/tools/compiler/ti-cgt-arm_20.2.4.LTS/lib" -i"C:/ti/ccs1031/ccs/tools/compiler/ti-cgt-arm_20.2.4.LTS/include" --reread_libs --diag_wrap=off --display_error_number --warn_sections --xml_link_info="lab_9_linkInfo.xml" --rom_model -o "lab_9.out" "./Lab6_main.obj" "./Timer.obj" "./adc.obj" "./button.obj" "./extended_simple_mission_main.obj" "./lcd.obj" "./main.obj" "./mission_helper.obj" "./movement.obj" "./open_interface.obj" "./ping.obj" "./tm4c123gh6pm_startup_ccs.obj" "./uart.obj" "../libcybotScan.lib" "../libcybotUART.lib" "../tm4c123gh6pm.cmd" "../dvt/libcybotScan.lib"  -l"C:/ti/TivaWare_C_Series-2.1.4.178/driverlib/ccs/Debug/driverlib.lib" -llibc.a 
<Linking>
error #10056: symbol "TIMER3B_Handler" redefined: first defined in "./ping.obj"; redefined in "../libcybotScan.lib<ping.obj>"
error #10056: symbol "ping_init" redefined: first defined in "./ping.obj"; redefined in "../libcybotScan.lib<ping.obj>"
error #10010: errors encountered during linking; "lab_9.out" not built
 
>> Compilation failure
makefile:159: recipe for target 'lab_9.out' failed
gmake[1]: *** [lab_9.out] Error 1
makefile:155: recipe for target 'all' failed
gmake: *** [all] Error 2

**** Build Finished ****

**** Build of configuration Debug for project lab_9 ****

"C:\\ti\\ccs1031\\ccs\\utils\\bin\\gmake" -k -j 8 all -O 
 
Building target: "lab_9.out"
Invoking: Arm Linker
"C:/ti/ccs1031/ccs/tools/compiler/ti-cgt-arm_20.2.4.LTS/bin/armcl" -mv7M4 --code_state=16 --float_support=FPv4SPD16 -me --define=ccs="ccs" --define=PART_TM4C123GH6PM -g --gcc --diag_warning=225 --diag_wrap=off --display_error_number --abi=eabi -z -m"lab_9.map" --heap_size=1024 --stack_size=2048 -i"C:/ti/ccs1031/ccs/tools/compiler/ti-cgt-arm_20.2.4.LTS/lib" -i"C:/ti/ccs1031/ccs/tools/compiler/ti-cgt-arm_20.2.4.LTS/include" --reread_libs --diag_wrap=off --display_error_number --warn_sections --xml_link_info="lab_9_linkInfo.xml" --rom_model -o "lab_9.out" "./Lab6_main.obj" "./Timer.obj" "./adc.obj" "./button.obj" "./extended_simple_mission_main.obj" "./lcd.obj" "./main.obj" "./mission_helper.obj" "./movement.obj" "./open_interface.obj" "./ping.obj" "./tm4c123gh6pm_startup_ccs.obj" "./uart.obj" "../libcybotScan.lib" "../libcybotUART.lib" "../tm4c123gh6pm.cmd" "../dvt/libcybotScan.lib"  -l"C:/ti/TivaWare_C_Series-2.1.4.178/driverlib/ccs/Debug/driverlib.lib" -llibc.a 
<Linking>
error #10056: symbol "TIMER3B_Handler" redefined: first defined in "./ping.obj"; redefined in "../libcybotScan.lib<ping.obj>"
 
error #10056: symbol "ping_init" redefined: first defined in "./ping.obj"; redefined in "../libcybotScan.lib<ping.obj>"
>> Compilation failure
makefile:159: recipe for target 'lab_9.out' failed
error #10010: errors encountered during linking; "lab_9.out" not built
gmake[1]: *** [lab_9.out] Error 1
gmake: *** [all] Error 2
makefile:155: recipe for target 'all' failed

**** Build Finished ****

**** Build of configuration Debug for project lab_9 ****

"C:\\ti\\ccs1031\\ccs\\utils\\bin\\gmake" -k -j 8 all -O 
 
Building target: "lab_9.out"
Invoking: Arm Linker
"C:/ti/ccs1031/ccs/tools/compiler/ti-cgt-arm_20.2.4.LTS/bin/armcl" -mv7M4 --code_state=16 --float_support=FPv4SPD16 -me --define=ccs="ccs" --define=PART_TM4C123GH6PM -g --gcc --diag_warning=225 --diag_wrap=off --display_error_number --abi=eabi -z -m"lab_9.map" --heap_size=1024 --stack_size=2048 -i"C:/ti/ccs1031/ccs/tools/compiler/ti-cgt-arm_20.2.4.LTS/lib" -i"C:/ti/ccs1031/ccs/tools/compiler/ti-cgt-arm_20.2.4.LTS/include" --reread_libs --diag_wrap=off --display_error_number --warn_sections --xml_link_info="lab_9_linkInfo.xml" --rom_model -o "lab_9.out" "./Lab6_main.obj" "./Timer.obj" "./adc.obj" "./button.obj" "./extended_simple_mission_main.obj" "./lcd.obj" "./main.obj" "./mission_helper.obj" "./movement.obj" "./open_interface.obj" "./ping.obj" "./tm4c123gh6pm_startup_ccs.obj" "./uart.obj" "../libcybotScan.lib" "../libcybotUART.lib" "../tm4c123gh6pm.cmd" "../dvt/libcybotScan.lib"  -l"C:/ti/TivaWare_C_Series-2.1.4.178/driverlib/ccs/Debug/driverlib.lib" -llibc.a 
<Linking>
error #10056: symbol "TIMER3B_Handler" redefined: first defined in "./ping.obj"; redefined in "../libcybotScan.lib<ping.obj>"
error #10056: symbol "ping_init" redefined: first defined in "./ping.obj"; redefined in "../libcybotScan.lib<ping.obj>"
error #10010: errors encountered during linking; "lab_9.out" not built
 
>> Compilation failure
makefile:159: recipe for target 'lab_9.out' failed
gmake[1]: *** [lab_9.out] Error 1
makefile:155: recipe for target 'all' failed
gmake: *** [all] Error 2

**** Build Finished ****

**** Build of configuration Debug for project lab_8 ****

"C:\\ti\\ccs1031\\ccs\\utils\\bin\\gmake" -k -j 8 all -O 
 
gmake[1]: 'lab_8.out' is up to date.

**** Build Finished ****

**** Build of configuration Debug for project lab_9 ****

"C:\\ti\\ccs1031\\ccs\\utils\\bin\\gmake" -k -j 8 all -O 
 
Building file: "../main.c"
Invoking: Arm Compiler
"C:/ti/ccs1031/ccs/tools/compiler/ti-cgt-arm_20.2.4.LTS/bin/armcl" -mv7M4 --code_state=16 --float_support=FPv4SPD16 -me --include_path="C:/ti/TivaWare_C_Series-2.1.4.178" --include_path="C:/Users/dsr/Downloads/288Lab/288Lab-master/lab_9" --include_path="C:/ti/ccs1031/ccs/tools/compiler/ti-cgt-arm_20.2.4.LTS/include" --define=ccs="ccs" --define=PART_TM4C123GH6PM -g --gcc --diag_warning=225 --diag_wrap=off --display_error_number --abi=eabi --preproc_with_compile --preproc_dependency="main.d_raw"  "../main.c"
"../main.c", line 16: warning #552-D: variable "ping_distance" was set but never used
Finished building: "../main.c"
 
Building target: "lab_9.out"
Invoking: Arm Linker
"C:/ti/ccs1031/ccs/tools/compiler/ti-cgt-arm_20.2.4.LTS/bin/armcl" -mv7M4 --code_state=16 --float_support=FPv4SPD16 -me --define=ccs="ccs" --define=PART_TM4C123GH6PM -g --gcc --diag_warning=225 --diag_wrap=off --display_error_number --abi=eabi -z -m"lab_9.map" --heap_size=1024 --stack_size=2048 -i"C:/ti/ccs1031/ccs/tools/compiler/ti-cgt-arm_20.2.4.LTS/lib" -i"C:/ti/ccs1031/ccs/tools/compiler/ti-cgt-arm_20.2.4.LTS/include" --reread_libs --diag_wrap=off --display_error_number --warn_sections --xml_link_info="lab_9_linkInfo.xml" --rom_model -o "lab_9.out" "./Lab6_main.obj" "./Timer.obj" "./adc.obj" "./button.obj" "./extended_simple_mission_main.obj" "./lcd.obj" "./main.obj" "./mission_helper.obj" "./movement.obj" "./open_interface.obj" "./ping.obj" "./tm4c123gh6pm_startup_ccs.obj" "./uart.obj" "../libcybotScan.lib" "../libcybotUART.lib" "../tm4c123gh6pm.cmd" "../dvt/libcybotScan.lib"  -l"C:/ti/TivaWare_C_Series-2.1.4.178/driverlib/ccs/Debug/driverlib.lib" -llibc.a 
<Linking>
error #10056: symbol "TIMER3B_Handler" redefined: first defined in "./ping.obj"; redefined in "../libcybotScan.lib<ping.obj>"
error #10056: symbol "ping_init" redefined: first defined in "./ping.obj"; redefined in "../libcybotScan.lib<ping.obj>"
error #10010: errors encountered during linking; "lab_9.out" not built
 
>> Compilation failure
makefile:159: recipe for target 'lab_9.out' failed
gmake[1]: *** [lab_9.out] Error 1
makefile:155: recipe for target 'all' failed
gmake: *** [all] Error 2

**** Build Finished ****

**** Build of configuration Debug for project lab_9 ****

"C:\\ti\\ccs1031\\ccs\\utils\\bin\\gmake" -k -j 8 all -O 
 
Building file: "../ping.c"
Invoking: Arm Compiler
"C:/ti/ccs1031/ccs/tools/compiler/ti-cgt-arm_20.2.4.LTS/bin/armcl" -mv7M4 --code_state=16 --float_support=FPv4SPD16 -me --include_path="C:/ti/TivaWare_C_Series-2.1.4.178" --include_path="C:/Users/dsr/Downloads/288Lab/288Lab-master/lab_9" --include_path="C:/ti/ccs1031/ccs/tools/compiler/ti-cgt-arm_20.2.4.LTS/include" --define=ccs="ccs" --define=PART_TM4C123GH6PM -g --gcc --diag_warning=225 --diag_wrap=off --display_error_number --abi=eabi --preproc_with_compile --preproc_dependency="ping.d_raw"  "../ping.c"
Finished building: "../ping.c"
 
Building target: "lab_9.out"
Invoking: Arm Linker
"C:/ti/ccs1031/ccs/tools/compiler/ti-cgt-arm_20.2.4.LTS/bin/armcl" -mv7M4 --code_state=16 --float_support=FPv4SPD16 -me --define=ccs="ccs" --define=PART_TM4C123GH6PM -g --gcc --diag_warning=225 --diag_wrap=off --display_error_number --abi=eabi -z -m"lab_9.map" --heap_size=1024 --stack_size=2048 -i"C:/ti/ccs1031/ccs/tools/compiler/ti-cgt-arm_20.2.4.LTS/lib" -i"C:/ti/ccs1031/ccs/tools/compiler/ti-cgt-arm_20.2.4.LTS/include" --reread_libs --diag_wrap=off --display_error_number --warn_sections --xml_link_info="lab_9_linkInfo.xml" --rom_model -o "lab_9.out" "./Lab6_main.obj" "./Timer.obj" "./adc.obj" "./button.obj" "./extended_simple_mission_main.obj" "./lcd.obj" "./main.obj" "./mission_helper.obj" "./movement.obj" "./open_interface.obj" "./ping.obj" "./tm4c123gh6pm_startup_ccs.obj" "./uart.obj" "../libcybotScan.lib" "../libcybotUART.lib" "../tm4c123gh6pm.cmd" "../dvt/libcybotScan.lib"  -l"C:/ti/TivaWare_C_Series-2.1.4.178/driverlib/ccs/Debug/driverlib.lib" -llibc.a 
<Linking>
error #10056: symbol "ping_init" redefined: first defined in "./ping.obj"; redefined in "../libcybotScan.lib<ping.obj>"
error #10010: errors encountered during linking; "lab_9.out" not built
 
>> Compilation failure
makefile:159: recipe for target 'lab_9.out' failed
gmake[1]: *** [lab_9.out] Error 1
makefile:155: recipe for target 'all' failed
gmake: *** [all] Error 2

**** Build Finished ****

**** Build of configuration Debug for project lab_8 ****

"C:\\ti\\ccs1031\\ccs\\utils\\bin\\gmake" -k -j 8 all -O 
 
gmake[1]: 'lab_8.out' is up to date.

**** Build Finished ****

**** Build of configuration Debug for project lab_9 ****

"C:\\ti\\ccs1031\\ccs\\utils\\bin\\gmake" -k -j 8 all -O 
 
Building file: "../ping.c"
Invoking: Arm Compiler
"C:/ti/ccs1031/ccs/tools/compiler/ti-cgt-arm_20.2.4.LTS/bin/armcl" -mv7M4 --code_state=16 --float_support=FPv4SPD16 -me --include_path="C:/ti/TivaWare_C_Series-2.1.4.178" --include_path="C:/Users/dsr/Downloads/288Lab/288Lab-master/lab_9" --include_path="C:/ti/ccs1031/ccs/tools/compiler/ti-cgt-arm_20.2.4.LTS/include" --define=ccs="ccs" --define=PART_TM4C123GH6PM -g --gcc --diag_warning=225 --diag_wrap=off --display_error_number --abi=eabi --preproc_with_compile --preproc_dependency="ping.d_raw"  "../ping.c"
Finished building: "../ping.c"
 
Building target: "lab_9.out"
Invoking: Arm Linker
"C:/ti/ccs1031/ccs/tools/compiler/ti-cgt-arm_20.2.4.LTS/bin/armcl" -mv7M4 --code_state=16 --float_support=FPv4SPD16 -me --define=ccs="ccs" --define=PART_TM4C123GH6PM -g --gcc --diag_warning=225 --diag_wrap=off --display_error_number --abi=eabi -z -m"lab_9.map" --heap_size=1024 --stack_size=2048 -i"C:/ti/ccs1031/ccs/tools/compiler/ti-cgt-arm_20.2.4.LTS/lib" -i"C:/ti/ccs1031/ccs/tools/compiler/ti-cgt-arm_20.2.4.LTS/include" --reread_libs --diag_wrap=off --display_error_number --warn_sections --xml_link_info="lab_9_linkInfo.xml" --rom_model -o "lab_9.out" "./Lab6_main.obj" "./Timer.obj" "./adc.obj" "./button.obj" "./extended_simple_mission_main.obj" "./lcd.obj" "./main.obj" "./mission_helper.obj" "./movement.obj" "./open_interface.obj" "./ping.obj" "./tm4c123gh6pm_startup_ccs.obj" "./uart.obj" "../libcybotScan.lib" "../libcybotUART.lib" "../tm4c123gh6pm.cmd" "../dvt/libcybotScan.lib"  -l"C:/ti/TivaWare_C_Series-2.1.4.178/driverlib/ccs/Debug/driverlib.lib" -llibc.a 
<Linking>
error #10056: symbol "TIMER3B_Handler" redefined: first defined in "./ping.obj"; redefined in "../libcybotScan.lib<ping.obj>"
error #10056: symbol "ping_init" redefined: first defined in "./ping.obj"; redefined in "../libcybotScan.lib<ping.obj>"
error #10010: errors encountered during linking; "lab_9.out" not built
 
>> Compilation failure
makefile:159: recipe for target 'lab_9.out' failed
gmake[1]: *** [lab_9.out] Error 1
makefile:155: recipe for target 'all' failed
gmake: *** [all] Error 2

**** Build Finished ****

**** Build of configuration Debug for project lab_8 ****

"C:\\ti\\ccs1031\\ccs\\utils\\bin\\gmake" -k -j 8 all -O 
 
Building file: "../ping.c"
Invoking: Arm Compiler
"C:/ti/ccs1031/ccs/tools/compiler/ti-cgt-arm_20.2.4.LTS/bin/armcl" -mv7M4 --code_state=16 --float_support=FPv4SPD16 -me --include_path="C:/ti/TivaWare_C_Series-2.1.4.178" --include_path="C:/Users/dsr/Downloads/288Lab/288Lab-master/lab_8" --include_path="C:/ti/ccs1031/ccs/tools/compiler/ti-cgt-arm_20.2.4.LTS/include" --define=ccs="ccs" --define=PART_TM4C123GH6PM -g --gcc --diag_warning=225 --diag_wrap=off --display_error_number --abi=eabi --preproc_with_compile --preproc_dependency="ping.d_raw"  "../ping.c"
Finished building: "../ping.c"
 
Building file: "../extended_simple_mission_main.c"
Invoking: Arm Compiler
"C:/ti/ccs1031/ccs/tools/compiler/ti-cgt-arm_20.2.4.LTS/bin/armcl" -mv7M4 --code_state=16 --float_support=FPv4SPD16 -me --include_path="C:/ti/TivaWare_C_Series-2.1.4.178" --include_path="C:/Users/dsr/Downloads/288Lab/288Lab-master/lab_8" --include_path="C:/ti/ccs1031/ccs/tools/compiler/ti-cgt-arm_20.2.4.LTS/include" --define=ccs="ccs" --define=PART_TM4C123GH6PM -g --gcc --diag_warning=225 --diag_wrap=off --display_error_number --abi=eabi --preproc_with_compile --preproc_dependency="extended_simple_mission_main.d_raw"  "../extended_simple_mission_main.c"
"../extended_simple_mission_main.c", line 53: warning #552-D: variable "prev_dist" was set but never used
"../extended_simple_mission_main.c", line 228: warning #112-D: statement is unreachable
Finished building: "../extended_simple_mission_main.c"
 
Building target: "lab_8.out"
Invoking: Arm Linker
"C:/ti/ccs1031/ccs/tools/compiler/ti-cgt-arm_20.2.4.LTS/bin/armcl" -mv7M4 --code_state=16 --float_support=FPv4SPD16 -me --define=ccs="ccs" --define=PART_TM4C123GH6PM -g --gcc --diag_warning=225 --diag_wrap=off --display_error_number --abi=eabi -z -m"lab_8.map" --heap_size=1024 --stack_size=2048 -i"C:/ti/ccs1031/ccs/tools/compiler/ti-cgt-arm_20.2.4.LTS/lib" -i"C:/ti/ccs1031/ccs/tools/compiler/ti-cgt-arm_20.2.4.LTS/include" --reread_libs --diag_wrap=off --display_error_number --warn_sections --xml_link_info="lab_8_linkInfo.xml" --rom_model -o "lab_8.out" "./Lab6_main.obj" "./Timer.obj" "./adc.obj" "./button.obj" "./extended_simple_mission_main.obj" "./lcd.obj" "./main.obj" "./mission_helper.obj" "./movement.obj" "./open_interface.obj" "./ping.obj" "./tm4c123gh6pm_startup_ccs.obj" "./uart.obj" "../libcybotScan.lib" "../libcybotUART.lib" "../tm4c123gh6pm.cmd" "../dvt/libcybotScan.lib"  -l"C:/ti/TivaWare_C_Series-2.1.4.178/driverlib/ccs/Debug/driverlib.lib" -llibc.a 
<Linking>
error #10056: symbol "TIMER3B_Handler" redefined: first defined in "./ping.obj"; redefined in "../libcybotScan.lib<ping.obj>"
error #10056: symbol "ping_init" redefined: first defined in "./ping.obj"; redefined in "../libcybotScan.lib<ping.obj>"
error #10010: errors encountered during linking; "lab_8.out" not built
 
>> Compilation failure
makefile:159: recipe for target 'lab_8.out' failed
gmake[1]: *** [lab_8.out] Error 1
makefile:155: recipe for target 'all' failed
gmake: *** [all] Error 2

**** Build Finished ****

**** Build of configuration Debug for project lab_8 ****

"C:\\ti\\ccs1031\\ccs\\utils\\bin\\gmake" -k -j 8 all -O 
 
Building file: "../extended_simple_mission_main.c"
Invoking: Arm Compiler
"C:/ti/ccs1031/ccs/tools/compiler/ti-cgt-arm_20.2.4.LTS/bin/armcl" -mv7M4 --code_state=16 --float_support=FPv4SPD16 -me --include_path="C:/ti/TivaWare_C_Series-2.1.4.178" --include_path="C:/Users/dsr/Downloads/288Lab/288Lab-master/lab_8" --include_path="C:/ti/ccs1031/ccs/tools/compiler/ti-cgt-arm_20.2.4.LTS/include" --define=ccs="ccs" --define=PART_TM4C123GH6PM -g --gcc --diag_warning=225 --diag_wrap=off --display_error_number --abi=eabi --preproc_with_compile --preproc_dependency="extended_simple_mission_main.d_raw"  "../extended_simple_mission_main.c"
"../extended_simple_mission_main.c", line 53: warning #552-D: variable "prev_dist" was set but never used
"../extended_simple_mission_main.c", line 228: warning #112-D: statement is unreachable
Finished building: "../extended_simple_mission_main.c"
 
Building target: "lab_8.out"
Invoking: Arm Linker
"C:/ti/ccs1031/ccs/tools/compiler/ti-cgt-arm_20.2.4.LTS/bin/armcl" -mv7M4 --code_state=16 --float_support=FPv4SPD16 -me --define=ccs="ccs" --define=PART_TM4C123GH6PM -g --gcc --diag_warning=225 --diag_wrap=off --display_error_number --abi=eabi -z -m"lab_8.map" --heap_size=1024 --stack_size=2048 -i"C:/ti/ccs1031/ccs/tools/compiler/ti-cgt-arm_20.2.4.LTS/lib" -i"C:/ti/ccs1031/ccs/tools/compiler/ti-cgt-arm_20.2.4.LTS/include" --reread_libs --diag_wrap=off --display_error_number --warn_sections --xml_link_info="lab_8_linkInfo.xml" --rom_model -o "lab_8.out" "./Lab6_main.obj" "./Timer.obj" "./adc.obj" "./button.obj" "./extended_simple_mission_main.obj" "./lcd.obj" "./main.obj" "./mission_helper.obj" "./movement.obj" "./open_interface.obj" "./ping.obj" "./tm4c123gh6pm_startup_ccs.obj" "./uart.obj" "../libcybotScan.lib" "../libcybotUART.lib" "../tm4c123gh6pm.cmd" "../dvt/libcybotScan.lib"  -l"C:/ti/TivaWare_C_Series-2.1.4.178/driverlib/ccs/Debug/driverlib.lib" -llibc.a 
<Linking>
error #10056: symbol "TIMER3B_Handler" redefined: first defined in "./ping.obj"; redefined in "../libcybotScan.lib<ping.obj>"
error #10056: symbol "ping_init" redefined: first defined in "./ping.obj"; redefined in "../libcybotScan.lib<ping.obj>"
error #10010: errors encountered during linking; "lab_8.out" not built
 
>> Compilation failure
makefile:159: recipe for target 'lab_8.out' failed
gmake[1]: *** [lab_8.out] Error 1
makefile:155: recipe for target 'all' failed
gmake: *** [all] Error 2

**** Build Finished ****

**** Build of configuration Debug for project lab_9 ****

"C:\\ti\\ccs1031\\ccs\\utils\\bin\\gmake" -k -j 8 all -O 
 
Building target: "lab_9.out"
Invoking: Arm Linker
"C:/ti/ccs1031/ccs/tools/compiler/ti-cgt-arm_20.2.4.LTS/bin/armcl" -mv7M4 --code_state=16 --float_support=FPv4SPD16 -me --define=ccs="ccs" --define=PART_TM4C123GH6PM -g --gcc --diag_warning=225 --diag_wrap=off --display_error_number --abi=eabi -z -m"lab_9.map" --heap_size=1024 --stack_size=2048 -i"C:/ti/ccs1031/ccs/tools/compiler/ti-cgt-arm_20.2.4.LTS/lib" -i"C:/ti/ccs1031/ccs/tools/compiler/ti-cgt-arm_20.2.4.LTS/include" --reread_libs --diag_wrap=off --display_error_number --warn_sections --xml_link_info="lab_9_linkInfo.xml" --rom_model -o "lab_9.out" "./Lab6_main.obj" "./Timer.obj" "./adc.obj" "./button.obj" "./extended_simple_mission_main.obj" "./lcd.obj" "./main.obj" "./mission_helper.obj" "./movement.obj" "./open_interface.obj" "./ping.obj" "./tm4c123gh6pm_startup_ccs.obj" "./uart.obj" "../libcybotScan.lib" "../libcybotUART.lib" "../tm4c123gh6pm.cmd" "../dvt/libcybotScan.lib"  -l"C:/ti/TivaWare_C_Series-2.1.4.178/driverlib/ccs/Debug/driverlib.lib" -llibc.a 
<Linking>
error #10056: symbol "TIMER3B_Handler" redefined: first defined in "./ping.obj"; redefined in "../libcybotScan.lib<ping.obj>"
error #10056: symbol "ping_init" redefined: first defined in "./ping.obj"; redefined in "../libcybotScan.lib<ping.obj>"
error #10010: errors encountered during linking; "lab_9.out" not built
 
>> Compilation failure
makefile:159: recipe for target 'lab_9.out' failed
gmake[1]: *** [lab_9.out] Error 1
makefile:155: recipe for target 'all' failed
gmake: *** [all] Error 2

**** Build Finished ****

**** Build of configuration Debug for project lab_8 ****

"C:\\ti\\ccs1031\\ccs\\utils\\bin\\gmake" -k -j 8 all -O 
 
Building file: "../extended_simple_mission_main.c"
Invoking: Arm Compiler
"C:/ti/ccs1031/ccs/tools/compiler/ti-cgt-arm_20.2.4.LTS/bin/armcl" -mv7M4 --code_state=16 --float_support=FPv4SPD16 -me --include_path="C:/ti/TivaWare_C_Series-2.1.4.178" --include_path="C:/Users/dsr/Downloads/288Lab/288Lab-master/lab_8" --include_path="C:/ti/ccs1031/ccs/tools/compiler/ti-cgt-arm_20.2.4.LTS/include" --define=ccs="ccs" --define=PART_TM4C123GH6PM -g --gcc --diag_warning=225 --diag_wrap=off --display_error_number --abi=eabi --preproc_with_compile --preproc_dependency="extended_simple_mission_main.d_raw"  "../extended_simple_mission_main.c"
"../extended_simple_mission_main.c", line 53: warning #552-D: variable "prev_dist" was set but never used
"../extended_simple_mission_main.c", line 228: warning #112-D: statement is unreachable
Finished building: "../extended_simple_mission_main.c"
 
Building target: "lab_8.out"
Invoking: Arm Linker
"C:/ti/ccs1031/ccs/tools/compiler/ti-cgt-arm_20.2.4.LTS/bin/armcl" -mv7M4 --code_state=16 --float_support=FPv4SPD16 -me --define=ccs="ccs" --define=PART_TM4C123GH6PM -g --gcc --diag_warning=225 --diag_wrap=off --display_error_number --abi=eabi -z -m"lab_8.map" --heap_size=1024 --stack_size=2048 -i"C:/ti/ccs1031/ccs/tools/compiler/ti-cgt-arm_20.2.4.LTS/lib" -i"C:/ti/ccs1031/ccs/tools/compiler/ti-cgt-arm_20.2.4.LTS/include" --reread_libs --diag_wrap=off --display_error_number --warn_sections --xml_link_info="lab_8_linkInfo.xml" --rom_model -o "lab_8.out" "./Lab6_main.obj" "./Timer.obj" "./adc.obj" "./button.obj" "./extended_simple_mission_main.obj" "./lcd.obj" "./main.obj" "./mission_helper.obj" "./movement.obj" "./open_interface.obj" "./tm4c123gh6pm_startup_ccs.obj" "./uart.obj" "../libcybotScan.lib" "../libcybotUART.lib" "../tm4c123gh6pm.cmd" "../dvt/libcybotScan.lib"  -l"C:/ti/TivaWare_C_Series-2.1.4.178/driverlib/ccs/Debug/driverlib.lib" -llibc.a 
<Linking>
Finished building target: "lab_8.out"
 

**** Build Finished ****

**** Build of configuration Debug for project lab_9 ****

"C:\\ti\\ccs1031\\ccs\\utils\\bin\\gmake" -k -j 8 all -O 
 
Building file: "../main.c"
Invoking: Arm Compiler
"C:/ti/ccs1031/ccs/tools/compiler/ti-cgt-arm_20.2.4.LTS/bin/armcl" -mv7M4 --code_state=16 --float_support=FPv4SPD16 -me --include_path="C:/ti/TivaWare_C_Series-2.1.4.178" --include_path="C:/Users/dsr/Downloads/288Lab/288Lab-master/lab_9" --include_path="C:/ti/ccs1031/ccs/tools/compiler/ti-cgt-arm_20.2.4.LTS/include" --define=ccs="ccs" --define=PART_TM4C123GH6PM -g --gcc --diag_warning=225 --diag_wrap=off --display_error_number --abi=eabi --preproc_with_compile --preproc_dependency="main.d_raw"  "../main.c"
"../main.c", line 16: warning #552-D: variable "ping_distance" was set but never used
Finished building: "../main.c"
 
Building file: "../ping.c"
Invoking: Arm Compiler
"C:/ti/ccs1031/ccs/tools/compiler/ti-cgt-arm_20.2.4.LTS/bin/armcl" -mv7M4 --code_state=16 --float_support=FPv4SPD16 -me --include_path="C:/ti/TivaWare_C_Series-2.1.4.178" --include_path="C:/Users/dsr/Downloads/288Lab/288Lab-master/lab_9" --include_path="C:/ti/ccs1031/ccs/tools/compiler/ti-cgt-arm_20.2.4.LTS/include" --define=ccs="ccs" --define=PART_TM4C123GH6PM -g --gcc --diag_warning=225 --diag_wrap=off --display_error_number --abi=eabi --preproc_with_compile --preproc_dependency="ping.d_raw"  "../ping.c"
Finished building: "../ping.c"
 
Building target: "lab_9.out"
Invoking: Arm Linker
"C:/ti/ccs1031/ccs/tools/compiler/ti-cgt-arm_20.2.4.LTS/bin/armcl" -mv7M4 --code_state=16 --float_support=FPv4SPD16 -me --define=ccs="ccs" --define=PART_TM4C123GH6PM -g --gcc --diag_warning=225 --diag_wrap=off --display_error_number --abi=eabi -z -m"lab_9.map" --heap_size=1024 --stack_size=2048 -i"C:/ti/ccs1031/ccs/tools/compiler/ti-cgt-arm_20.2.4.LTS/lib" -i"C:/ti/ccs1031/ccs/tools/compiler/ti-cgt-arm_20.2.4.LTS/include" --reread_libs --diag_wrap=off --display_error_number --warn_sections --xml_link_info="lab_9_linkInfo.xml" --rom_model -o "lab_9.out" "./Lab6_main.obj" "./Timer.obj" "./adc.obj" "./button.obj" "./extended_simple_mission_main.obj" "./lcd.obj" "./main.obj" "./mission_helper.obj" "./movement.obj" "./open_interface.obj" "./ping.obj" "./tm4c123gh6pm_startup_ccs.obj" "./uart.obj" "../libcybotScan.lib" "../libcybotUART.lib" "../tm4c123gh6pm.cmd" "../dvt/libcybotScan.lib"  -l"C:/ti/TivaWare_C_Series-2.1.4.178/driverlib/ccs/Debug/driverlib.lib" -llibc.a 
<Linking>
error #10056: symbol "ping_init" redefined: first defined in "./ping.obj"; redefined in "../libcybotScan.lib<ping.obj>"
error #10010: errors encountered during linking; "lab_9.out" not built
 
>> Compilation failure
makefile:159: recipe for target 'lab_9.out' failed
gmake[1]: *** [lab_9.out] Error 1
makefile:155: recipe for target 'all' failed
gmake: *** [all] Error 2

**** Build Finished ****

**** Build of configuration Debug for project lab_9 ****

"C:\\ti\\ccs1031\\ccs\\utils\\bin\\gmake" -k -j 8 all -O 
 
Building file: "../main.c"
Invoking: Arm Compiler
"C:/ti/ccs1031/ccs/tools/compiler/ti-cgt-arm_20.2.4.LTS/bin/armcl" -mv7M4 --code_state=16 --float_support=FPv4SPD16 -me --include_path="C:/ti/TivaWare_C_Series-2.1.4.178" --include_path="C:/Users/dsr/Downloads/288Lab/288Lab-master/lab_9" --include_path="C:/ti/ccs1031/ccs/tools/compiler/ti-cgt-arm_20.2.4.LTS/include" --define=ccs="ccs" --define=PART_TM4C123GH6PM -g --gcc --diag_warning=225 --diag_wrap=off --display_error_number --abi=eabi --preproc_with_compile --preproc_dependency="main.d_raw"  "../main.c"
 
>> Compilation failure
subdir_rules.mk:9: recipe for target 'main.obj' failed
"..\ping.c", line 3: fatal error #3: #include file "..\ping.h" includes itself
1 catastrophic error detected in the compilation of "../main.c".
Compilation terminated.
gmake: *** [main.obj] Error 1
Building file: "../ping.c"
Invoking: Arm Compiler
"C:/ti/ccs1031/ccs/tools/compiler/ti-cgt-arm_20.2.4.LTS/bin/armcl" -mv7M4 --code_state=16 --float_support=FPv4SPD16 -me --include_path="C:/ti/TivaWare_C_Series-2.1.4.178" --include_path="C:/Users/dsr/Downloads/288Lab/288Lab-master/lab_9" --include_path="C:/ti/ccs1031/ccs/tools/compiler/ti-cgt-arm_20.2.4.LTS/include" --define=ccs="ccs" --define=PART_TM4C123GH6PM -g --gcc --diag_warning=225 --diag_wrap=off --display_error_number --abi=eabi --preproc_with_compile --preproc_dependency="ping.d_raw"  "../ping.c"
 
>> Compilation failure
subdir_rules.mk:9: recipe for target 'ping.obj' failed
"..\ping.h", line 7: fatal error #3: #include file "..\ping.c" includes itself
1 catastrophic error detected in the compilation of "../ping.c".
Compilation terminated.
gmake: *** [ping.obj] Error 1
gmake: Target 'all' not remade because of errors.

**** Build Finished ****

**** Build of configuration Debug for project lab_9 ****

"C:\\ti\\ccs1031\\ccs\\utils\\bin\\gmake" -k -j 8 all -O 
 
Building file: "../ping.c"
Invoking: Arm Compiler
"C:/ti/ccs1031/ccs/tools/compiler/ti-cgt-arm_20.2.4.LTS/bin/armcl" -mv7M4 --code_state=16 --float_support=FPv4SPD16 -me --include_path="C:/ti/TivaWare_C_Series-2.1.4.178" --include_path="C:/Users/dsr/Downloads/288Lab/288Lab-master/lab_9" --include_path="C:/ti/ccs1031/ccs/tools/compiler/ti-cgt-arm_20.2.4.LTS/include" --define=ccs="ccs" --define=PART_TM4C123GH6PM -g --gcc --diag_warning=225 --diag_wrap=off --display_error_number --abi=eabi --preproc_with_compile --preproc_dependency="ping.d_raw"  "../ping.c"
Finished building: "../ping.c"
 
Building file: "../main.c"
Invoking: Arm Compiler
"C:/ti/ccs1031/ccs/tools/compiler/ti-cgt-arm_20.2.4.LTS/bin/armcl" -mv7M4 --code_state=16 --float_support=FPv4SPD16 -me --include_path="C:/ti/TivaWare_C_Series-2.1.4.178" --include_path="C:/Users/dsr/Downloads/288Lab/288Lab-master/lab_9" --include_path="C:/ti/ccs1031/ccs/tools/compiler/ti-cgt-arm_20.2.4.LTS/include" --define=ccs="ccs" --define=PART_TM4C123GH6PM -g --gcc --diag_warning=225 --diag_wrap=off --display_error_number --abi=eabi --preproc_with_compile --preproc_dependency="main.d_raw"  "../main.c"
"../main.c", line 16: warning #552-D: variable "ping_distance" was set but never used
Finished building: "../main.c"
 
Building target: "lab_9.out"
Invoking: Arm Linker
"C:/ti/ccs1031/ccs/tools/compiler/ti-cgt-arm_20.2.4.LTS/bin/armcl" -mv7M4 --code_state=16 --float_support=FPv4SPD16 -me --define=ccs="ccs" --define=PART_TM4C123GH6PM -g --gcc --diag_warning=225 --diag_wrap=off --display_error_number --abi=eabi -z -m"lab_9.map" --heap_size=1024 --stack_size=2048 -i"C:/ti/ccs1031/ccs/tools/compiler/ti-cgt-arm_20.2.4.LTS/lib" -i"C:/ti/ccs1031/ccs/tools/compiler/ti-cgt-arm_20.2.4.LTS/include" --reread_libs --diag_wrap=off --display_error_number --warn_sections --xml_link_info="lab_9_linkInfo.xml" --rom_model -o "lab_9.out" "./Lab6_main.obj" "./Timer.obj" "./adc.obj" "./button.obj" "./extended_simple_mission_main.obj" "./lcd.obj" "./main.obj" "./mission_helper.obj" "./movement.obj" "./open_interface.obj" "./ping.obj" "./tm4c123gh6pm_startup_ccs.obj" "./uart.obj" "../libcybotScan.lib" "../libcybotUART.lib" "../tm4c123gh6pm.cmd" "../dvt/libcybotScan.lib"  -l"C:/ti/TivaWare_C_Series-2.1.4.178/driverlib/ccs/Debug/driverlib.lib" -llibc.a 
<Linking>
error #10056: symbol "ping_init" redefined: first defined in "./ping.obj"; redefined in "../libcybotScan.lib<ping.obj>"
error #10010: errors encountered during linking; "lab_9.out" not built
 
>> Compilation failure
makefile:159: recipe for target 'lab_9.out' failed
gmake[1]: *** [lab_9.out] Error 1
makefile:155: recipe for target 'all' failed
gmake: *** [all] Error 2

**** Build Finished ****

**** Build of configuration Debug for project lab_9 ****

"C:\\ti\\ccs1031\\ccs\\utils\\bin\\gmake" -k -j 8 all -O 
 
Building file: "../ping.c"
Invoking: Arm Compiler
"C:/ti/ccs1031/ccs/tools/compiler/ti-cgt-arm_20.2.4.LTS/bin/armcl" -mv7M4 --code_state=16 --float_support=FPv4SPD16 -me --include_path="C:/ti/TivaWare_C_Series-2.1.4.178" --include_path="C:/Users/dsr/Downloads/288Lab/288Lab-master/lab_9" --include_path="C:/ti/ccs1031/ccs/tools/compiler/ti-cgt-arm_20.2.4.LTS/include" --define=ccs="ccs" --define=PART_TM4C123GH6PM -g --gcc --diag_warning=225 --diag_wrap=off --display_error_number --abi=eabi --preproc_with_compile --preproc_dependency="ping.d_raw"  "../ping.c"
 
>> Compilation failure
subdir_rules.mk:9: recipe for target 'ping.obj' failed
"../ping.c", line 32: error #20: identifier "TIMER3B_Handler" is undefined
1 error detected in the compilation of "../ping.c".
gmake: *** [ping.obj] Error 1
gmake: Target 'all' not remade because of errors.

**** Build Finished ****

**** Build of configuration Debug for project lab_9 ****

"C:\\ti\\ccs1031\\ccs\\utils\\bin\\gmake" -k -j 8 all -O 
 
Building file: "../main.c"
Invoking: Arm Compiler
"C:/ti/ccs1031/ccs/tools/compiler/ti-cgt-arm_20.2.4.LTS/bin/armcl" -mv7M4 --code_state=16 --float_support=FPv4SPD16 -me --include_path="C:/ti/TivaWare_C_Series-2.1.4.178" --include_path="C:/Users/dsr/Downloads/288Lab/288Lab-master/lab_9" --include_path="C:/ti/ccs1031/ccs/tools/compiler/ti-cgt-arm_20.2.4.LTS/include" --define=ccs="ccs" --define=PART_TM4C123GH6PM -g --gcc --diag_warning=225 --diag_wrap=off --display_error_number --abi=eabi --preproc_with_compile --preproc_dependency="main.d_raw"  "../main.c"
"../main.c", line 16: warning #552-D: variable "ping_distance" was set but never used
Finished building: "../main.c"
 
Building file: "../ping.c"
Invoking: Arm Compiler
"C:/ti/ccs1031/ccs/tools/compiler/ti-cgt-arm_20.2.4.LTS/bin/armcl" -mv7M4 --code_state=16 --float_support=FPv4SPD16 -me --include_path="C:/ti/TivaWare_C_Series-2.1.4.178" --include_path="C:/Users/dsr/Downloads/288Lab/288Lab-master/lab_9" --include_path="C:/ti/ccs1031/ccs/tools/compiler/ti-cgt-arm_20.2.4.LTS/include" --define=ccs="ccs" --define=PART_TM4C123GH6PM -g --gcc --diag_warning=225 --diag_wrap=off --display_error_number --abi=eabi --preproc_with_compile --preproc_dependency="ping.d_raw"  "../ping.c"
Finished building: "../ping.c"
 
Building target: "lab_9.out"
Invoking: Arm Linker
"C:/ti/ccs1031/ccs/tools/compiler/ti-cgt-arm_20.2.4.LTS/bin/armcl" -mv7M4 --code_state=16 --float_support=FPv4SPD16 -me --define=ccs="ccs" --define=PART_TM4C123GH6PM -g --gcc --diag_warning=225 --diag_wrap=off --display_error_number --abi=eabi -z -m"lab_9.map" --heap_size=1024 --stack_size=2048 -i"C:/ti/ccs1031/ccs/tools/compiler/ti-cgt-arm_20.2.4.LTS/lib" -i"C:/ti/ccs1031/ccs/tools/compiler/ti-cgt-arm_20.2.4.LTS/include" --reread_libs --diag_wrap=off --display_error_number --warn_sections --xml_link_info="lab_9_linkInfo.xml" --rom_model -o "lab_9.out" "./Lab6_main.obj" "./Timer.obj" "./adc.obj" "./button.obj" "./extended_simple_mission_main.obj" "./lcd.obj" "./main.obj" "./mission_helper.obj" "./movement.obj" "./open_interface.obj" "./ping.obj" "./tm4c123gh6pm_startup_ccs.obj" "./uart.obj" "../libcybotScan.lib" "../libcybotUART.lib" "../tm4c123gh6pm.cmd" "../dvt/libcybotScan.lib"  -l"C:/ti/TivaWare_C_Series-2.1.4.178/driverlib/ccs/Debug/driverlib.lib" -llibc.a 
<Linking>
error #10056: symbol "ping_init" redefined: first defined in "./ping.obj"; redefined in "../libcybotScan.lib<ping.obj>"
error #10010: errors encountered during linking; "lab_9.out" not built
 
>> Compilation failure
makefile:159: recipe for target 'lab_9.out' failed
gmake[1]: *** [lab_9.out] Error 1
makefile:155: recipe for target 'all' failed
gmake: *** [all] Error 2

**** Build Finished ****

**** Build of configuration Debug for project lab_9 ****

"C:\\ti\\ccs1031\\ccs\\utils\\bin\\gmake" -k -j 8 all -O 
 
Building file: "../ping.c"
Invoking: Arm Compiler
"C:/ti/ccs1031/ccs/tools/compiler/ti-cgt-arm_20.2.4.LTS/bin/armcl" -mv7M4 --code_state=16 --float_support=FPv4SPD16 -me --include_path="C:/ti/TivaWare_C_Series-2.1.4.178" --include_path="C:/Users/dsr/Downloads/288Lab/288Lab-master/lab_9" --include_path="C:/ti/ccs1031/ccs/tools/compiler/ti-cgt-arm_20.2.4.LTS/include" --define=ccs="ccs" --define=PART_TM4C123GH6PM -g --gcc --diag_warning=225 --diag_wrap=off --display_error_number --abi=eabi --preproc_with_compile --preproc_dependency="ping.d_raw"  "../ping.c"
Finished building: "../ping.c"
 
Building target: "lab_9.out"
Invoking: Arm Linker
"C:/ti/ccs1031/ccs/tools/compiler/ti-cgt-arm_20.2.4.LTS/bin/armcl" -mv7M4 --code_state=16 --float_support=FPv4SPD16 -me --define=ccs="ccs" --define=PART_TM4C123GH6PM -g --gcc --diag_warning=225 --diag_wrap=off --display_error_number --abi=eabi -z -m"lab_9.map" --heap_size=1024 --stack_size=2048 -i"C:/ti/ccs1031/ccs/tools/compiler/ti-cgt-arm_20.2.4.LTS/lib" -i"C:/ti/ccs1031/ccs/tools/compiler/ti-cgt-arm_20.2.4.LTS/include" --reread_libs --diag_wrap=off --display_error_number --warn_sections --xml_link_info="lab_9_linkInfo.xml" --rom_model -o "lab_9.out" "./Lab6_main.obj" "./Timer.obj" "./adc.obj" "./button.obj" "./extended_simple_mission_main.obj" "./lcd.obj" "./main.obj" "./mission_helper.obj" "./movement.obj" "./open_interface.obj" "./ping.obj" "./tm4c123gh6pm_startup_ccs.obj" "./uart.obj" "../libcybotScan.lib" "../libcybotUART.lib" "../tm4c123gh6pm.cmd" "../dvt/libcybotScan.lib"  -l"C:/ti/TivaWare_C_Series-2.1.4.178/driverlib/ccs/Debug/driverlib.lib" -llibc.a 
<Linking>
error #10056: symbol "ping_init" redefined: first defined in "./ping.obj"; redefined in "../libcybotScan.lib<ping.obj>"
error #10010: errors encountered during linking; "lab_9.out" not built
 
>> Compilation failure
makefile:159: recipe for target 'lab_9.out' failed
gmake[1]: *** [lab_9.out] Error 1
makefile:155: recipe for target 'all' failed
gmake: *** [all] Error 2

**** Build Finished ****

**** Build of configuration Debug for project lab_9 ****

"C:\\ti\\ccs1031\\ccs\\utils\\bin\\gmake" -k -j 8 all -O 
 
Building file: "../main.c"
Invoking: Arm Compiler
"C:/ti/ccs1031/ccs/tools/compiler/ti-cgt-arm_20.2.4.LTS/bin/armcl" -mv7M4 --code_state=16 --float_support=FPv4SPD16 -me --include_path="C:/ti/TivaWare_C_Series-2.1.4.178" --include_path="C:/Users/dsr/Downloads/288Lab/288Lab-master/lab_9" --include_path="C:/ti/ccs1031/ccs/tools/compiler/ti-cgt-arm_20.2.4.LTS/include" --define=ccs="ccs" --define=PART_TM4C123GH6PM -g --gcc --diag_warning=225 --diag_wrap=off --display_error_number --abi=eabi --preproc_with_compile --preproc_dependency="main.d_raw"  "../main.c"
"../main.c", line 16: warning #552-D: variable "ping_distance" was set but never used
Finished building: "../main.c"
 
Building target: "lab_9.out"
Invoking: Arm Linker
"C:/ti/ccs1031/ccs/tools/compiler/ti-cgt-arm_20.2.4.LTS/bin/armcl" -mv7M4 --code_state=16 --float_support=FPv4SPD16 -me --define=ccs="ccs" --define=PART_TM4C123GH6PM -g --gcc --diag_warning=225 --diag_wrap=off --display_error_number --abi=eabi -z -m"lab_9.map" --heap_size=1024 --stack_size=2048 -i"C:/ti/ccs1031/ccs/tools/compiler/ti-cgt-arm_20.2.4.LTS/lib" -i"C:/ti/ccs1031/ccs/tools/compiler/ti-cgt-arm_20.2.4.LTS/include" --reread_libs --diag_wrap=off --display_error_number --warn_sections --xml_link_info="lab_9_linkInfo.xml" --rom_model -o "lab_9.out" "./Timer.obj" "./adc.obj" "./button.obj" "./extended_simple_mission_main.obj" "./lcd.obj" "./main.obj" "./mission_helper.obj" "./movement.obj" "./open_interface.obj" "./ping.obj" "./tm4c123gh6pm_startup_ccs.obj" "./uart.obj" "../libcybotScan.lib" "../libcybotUART.lib" "../tm4c123gh6pm.cmd" "../dvt/libcybotScan.lib"  -l"C:/ti/TivaWare_C_Series-2.1.4.178/driverlib/ccs/Debug/driverlib.lib" -llibc.a 
<Linking>
error #10056: symbol "ping_init" redefined: first defined in "./ping.obj"; redefined in "../libcybotScan.lib<ping.obj>"
error #10010: errors encountered during linking; "lab_9.out" not built
 
>> Compilation failure
makefile:158: recipe for target 'lab_9.out' failed
gmake[1]: *** [lab_9.out] Error 1
makefile:154: recipe for target 'all' failed
gmake: *** [all] Error 2

**** Build Finished ****

**** Build of configuration Debug for project lab_9 ****

"C:\\ti\\ccs1031\\ccs\\utils\\bin\\gmake" -k -j 8 all -O 
 
Building target: "lab_9.out"
Invoking: Arm Linker
"C:/ti/ccs1031/ccs/tools/compiler/ti-cgt-arm_20.2.4.LTS/bin/armcl" -mv7M4 --code_state=16 --float_support=FPv4SPD16 -me --define=ccs="ccs" --define=PART_TM4C123GH6PM -g --gcc --diag_warning=225 --diag_wrap=off --display_error_number --abi=eabi -z -m"lab_9.map" --heap_size=1024 --stack_size=2048 -i"C:/ti/ccs1031/ccs/tools/compiler/ti-cgt-arm_20.2.4.LTS/lib" -i"C:/ti/ccs1031/ccs/tools/compiler/ti-cgt-arm_20.2.4.LTS/include" --reread_libs --diag_wrap=off --display_error_number --warn_sections --xml_link_info="lab_9_linkInfo.xml" --rom_model -o "lab_9.out" "./Timer.obj" "./adc.obj" "./button.obj" "./extended_simple_mission_main.obj" "./lcd.obj" "./main.obj" "./mission_helper.obj" "./movement.obj" "./open_interface.obj" "./ping.obj" "./tm4c123gh6pm_startup_ccs.obj" "./uart.obj" "../libcybotScan.lib" "../libcybotUART.lib" "../tm4c123gh6pm.cmd" "../dvt/libcybotScan.lib"  -l"C:/ti/TivaWare_C_Series-2.1.4.178/driverlib/ccs/Debug/driverlib.lib" -llibc.a 
<Linking>
error #10056: symbol "ping_init" redefined: first defined in "./ping.obj"; redefined in "../libcybotScan.lib<ping.obj>"
error #10010: errors encountered during linking; "lab_9.out" not built
 
>> Compilation failure
makefile:158: recipe for target 'lab_9.out' failed
gmake[1]: *** [lab_9.out] Error 1
makefile:154: recipe for target 'all' failed
gmake: *** [all] Error 2

**** Build Finished ****

**** Build of configuration Debug for project lab_9 ****

"C:\\ti\\ccs1031\\ccs\\utils\\bin\\gmake" -k -j 8 all -O 
 
Building file: "../main.c"
Invoking: Arm Compiler
"C:/ti/ccs1031/ccs/tools/compiler/ti-cgt-arm_20.2.4.LTS/bin/armcl" -mv7M4 --code_state=16 --float_support=FPv4SPD16 -me --include_path="C:/ti/TivaWare_C_Series-2.1.4.178" --include_path="C:/Users/dsr/Downloads/288Lab/288Lab-master/lab_9" --include_path="C:/ti/ccs1031/ccs/tools/compiler/ti-cgt-arm_20.2.4.LTS/include" --define=ccs="ccs" --define=PART_TM4C123GH6PM -g --gcc --diag_warning=225 --diag_wrap=off --display_error_number --abi=eabi --preproc_with_compile --preproc_dependency="main.d_raw"  "../main.c"
"../main.c", line 17: warning #225-D: function "ping_init" declared implicitly
"../main.c", line 21: warning #225-D: function "ping_read" declared implicitly
"../main.c", line 16: warning #552-D: variable "ping_distance" was set but never used
Finished building: "../main.c"
 
Building file: "../ping.c"
Invoking: Arm Compiler
"C:/ti/ccs1031/ccs/tools/compiler/ti-cgt-arm_20.2.4.LTS/bin/armcl" -mv7M4 --code_state=16 --float_support=FPv4SPD16 -me --include_path="C:/ti/TivaWare_C_Series-2.1.4.178" --include_path="C:/Users/dsr/Downloads/288Lab/288Lab-master/lab_9" --include_path="C:/ti/ccs1031/ccs/tools/compiler/ti-cgt-arm_20.2.4.LTS/include" --define=ccs="ccs" --define=PART_TM4C123GH6PM -g --gcc --diag_warning=225 --diag_wrap=off --display_error_number --abi=eabi --preproc_with_compile --preproc_dependency="ping.d_raw"  "../ping.c"
Finished building: "../ping.c"
 
Building target: "lab_9.out"
Invoking: Arm Linker
"C:/ti/ccs1031/ccs/tools/compiler/ti-cgt-arm_20.2.4.LTS/bin/armcl" -mv7M4 --code_state=16 --float_support=FPv4SPD16 -me --define=ccs="ccs" --define=PART_TM4C123GH6PM -g --gcc --diag_warning=225 --diag_wrap=off --display_error_number --abi=eabi -z -m"lab_9.map" --heap_size=1024 --stack_size=2048 -i"C:/ti/ccs1031/ccs/tools/compiler/ti-cgt-arm_20.2.4.LTS/lib" -i"C:/ti/ccs1031/ccs/tools/compiler/ti-cgt-arm_20.2.4.LTS/include" --reread_libs --diag_wrap=off --display_error_number --warn_sections --xml_link_info="lab_9_linkInfo.xml" --rom_model -o "lab_9.out" "./Timer.obj" "./adc.obj" "./button.obj" "./extended_simple_mission_main.obj" "./lcd.obj" "./main.obj" "./mission_helper.obj" "./movement.obj" "./open_interface.obj" "./ping.obj" "./tm4c123gh6pm_startup_ccs.obj" "./uart.obj" "../libcybotScan.lib" "../libcybotUART.lib" "../tm4c123gh6pm.cmd" "../dvt/libcybotScan.lib"  -l"C:/ti/TivaWare_C_Series-2.1.4.178/driverlib/ccs/Debug/driverlib.lib" -llibc.a 
<Linking>
 
 undefined first referenced
  symbol       in file     
 --------- ----------------
 ping_read ./main.obj      
 
error #10234-D: unresolved symbols remain
error #10010: errors encountered during linking; "lab_9.out" not built
 
>> Compilation failure
makefile:158: recipe for target 'lab_9.out' failed
gmake[1]: *** [lab_9.out] Error 1
makefile:154: recipe for target 'all' failed
gmake: *** [all] Error 2

**** Build Finished ****

**** Build of configuration Debug for project lab_9 ****

"C:\\ti\\ccs1031\\ccs\\utils\\bin\\gmake" -k -j 8 all -O 
 
Building file: "../main.c"
Invoking: Arm Compiler
"C:/ti/ccs1031/ccs/tools/compiler/ti-cgt-arm_20.2.4.LTS/bin/armcl" -mv7M4 --code_state=16 --float_support=FPv4SPD16 -me --include_path="C:/ti/TivaWare_C_Series-2.1.4.178" --include_path="C:/Users/dsr/Downloads/288Lab/288Lab-master/lab_9" --include_path="C:/ti/ccs1031/ccs/tools/compiler/ti-cgt-arm_20.2.4.LTS/include" --define=ccs="ccs" --define=PART_TM4C123GH6PM -g --gcc --diag_warning=225 --diag_wrap=off --display_error_number --abi=eabi --preproc_with_compile --preproc_dependency="main.d_raw"  "../main.c"
"../main.c", line 16: warning #179-D: variable "ping_distance" was declared but never referenced
Finished building: "../main.c"
 
Building target: "lab_9.out"
Invoking: Arm Linker
"C:/ti/ccs1031/ccs/tools/compiler/ti-cgt-arm_20.2.4.LTS/bin/armcl" -mv7M4 --code_state=16 --float_support=FPv4SPD16 -me --define=ccs="ccs" --define=PART_TM4C123GH6PM -g --gcc --diag_warning=225 --diag_wrap=off --display_error_number --abi=eabi -z -m"lab_9.map" --heap_size=1024 --stack_size=2048 -i"C:/ti/ccs1031/ccs/tools/compiler/ti-cgt-arm_20.2.4.LTS/lib" -i"C:/ti/ccs1031/ccs/tools/compiler/ti-cgt-arm_20.2.4.LTS/include" --reread_libs --diag_wrap=off --display_error_number --warn_sections --xml_link_info="lab_9_linkInfo.xml" --rom_model -o "lab_9.out" "./Timer.obj" "./adc.obj" "./button.obj" "./extended_simple_mission_main.obj" "./lcd.obj" "./main.obj" "./mission_helper.obj" "./movement.obj" "./open_interface.obj" "./ping.obj" "./tm4c123gh6pm_startup_ccs.obj" "./uart.obj" "../libcybotScan.lib" "../libcybotUART.lib" "../tm4c123gh6pm.cmd" "../dvt/libcybotScan.lib"  -l"C:/ti/TivaWare_C_Series-2.1.4.178/driverlib/ccs/Debug/driverlib.lib" -llibc.a 
<Linking>
Finished building target: "lab_9.out"
 

**** Build Finished ****

**** Build of configuration Debug for project lab_9 ****

"C:\\ti\\ccs1031\\ccs\\utils\\bin\\gmake" -k -j 8 all -O 
 
Building file: "../ping.c"
Invoking: Arm Compiler
"C:/ti/ccs1031/ccs/tools/compiler/ti-cgt-arm_20.2.4.LTS/bin/armcl" -mv7M4 --code_state=16 --float_support=FPv4SPD16 -me --include_path="C:/ti/TivaWare_C_Series-2.1.4.178" --include_path="C:/Users/dsr/Downloads/288Lab/288Lab-master/lab_9" --include_path="C:/ti/ccs1031/ccs/tools/compiler/ti-cgt-arm_20.2.4.LTS/include" --define=ccs="ccs" --define=PART_TM4C123GH6PM -g --gcc --diag_warning=225 --diag_wrap=off --display_error_number --abi=eabi --preproc_with_compile --preproc_dependency="ping.d_raw"  "../ping.c"
Finished building: "../ping.c"
 
Building file: "../main.c"
Invoking: Arm Compiler
"C:/ti/ccs1031/ccs/tools/compiler/ti-cgt-arm_20.2.4.LTS/bin/armcl" -mv7M4 --code_state=16 --float_support=FPv4SPD16 -me --include_path="C:/ti/TivaWare_C_Series-2.1.4.178" --include_path="C:/Users/dsr/Downloads/288Lab/288Lab-master/lab_9" --include_path="C:/ti/ccs1031/ccs/tools/compiler/ti-cgt-arm_20.2.4.LTS/include" --define=ccs="ccs" --define=PART_TM4C123GH6PM -g --gcc --diag_warning=225 --diag_wrap=off --display_error_number --abi=eabi --preproc_with_compile --preproc_dependency="main.d_raw"  "../main.c"
"../main.c", line 16: warning #179-D: variable "ping_distance" was declared but never referenced
Finished building: "../main.c"
 
Building target: "lab_9.out"
Invoking: Arm Linker
"C:/ti/ccs1031/ccs/tools/compiler/ti-cgt-arm_20.2.4.LTS/bin/armcl" -mv7M4 --code_state=16 --float_support=FPv4SPD16 -me --define=ccs="ccs" --define=PART_TM4C123GH6PM -g --gcc --diag_warning=225 --diag_wrap=off --display_error_number --abi=eabi -z -m"lab_9.map" --heap_size=1024 --stack_size=2048 -i"C:/ti/ccs1031/ccs/tools/compiler/ti-cgt-arm_20.2.4.LTS/lib" -i"C:/ti/ccs1031/ccs/tools/compiler/ti-cgt-arm_20.2.4.LTS/include" --reread_libs --diag_wrap=off --display_error_number --warn_sections --xml_link_info="lab_9_linkInfo.xml" --rom_model -o "lab_9.out" "./Timer.obj" "./adc.obj" "./button.obj" "./extended_simple_mission_main.obj" "./lcd.obj" "./main.obj" "./mission_helper.obj" "./movement.obj" "./open_interface.obj" "./ping.obj" "./tm4c123gh6pm_startup_ccs.obj" "./uart.obj" "../libcybotScan.lib" "../libcybotUART.lib" "../tm4c123gh6pm.cmd" "../dvt/libcybotScan.lib"  -l"C:/ti/TivaWare_C_Series-2.1.4.178/driverlib/ccs/Debug/driverlib.lib" -llibc.a 
<Linking>
Finished building target: "lab_9.out"
 

**** Build Finished ****

**** Build of configuration Debug for project lab_9 ****

"C:\\ti\\ccs1031\\ccs\\utils\\bin\\gmake" -k -j 8 all -O 
 
Building file: "../ping.c"
Invoking: Arm Compiler
"C:/ti/ccs1031/ccs/tools/compiler/ti-cgt-arm_20.2.4.LTS/bin/armcl" -mv7M4 --code_state=16 --float_support=FPv4SPD16 -me --include_path="C:/ti/TivaWare_C_Series-2.1.4.178" --include_path="C:/Users/dsr/Downloads/288Lab/288Lab-master/lab_9" --include_path="C:/ti/ccs1031/ccs/tools/compiler/ti-cgt-arm_20.2.4.LTS/include" --define=ccs="ccs" --define=PART_TM4C123GH6PM -g --gcc --diag_warning=225 --diag_wrap=off --display_error_number --abi=eabi --preproc_with_compile --preproc_dependency="ping.d_raw"  "../ping.c"
Finished building: "../ping.c"
 
Building target: "lab_9.out"
Invoking: Arm Linker
"C:/ti/ccs1031/ccs/tools/compiler/ti-cgt-arm_20.2.4.LTS/bin/armcl" -mv7M4 --code_state=16 --float_support=FPv4SPD16 -me --define=ccs="ccs" --define=PART_TM4C123GH6PM -g --gcc --diag_warning=225 --diag_wrap=off --display_error_number --abi=eabi -z -m"lab_9.map" --heap_size=1024 --stack_size=2048 -i"C:/ti/ccs1031/ccs/tools/compiler/ti-cgt-arm_20.2.4.LTS/lib" -i"C:/ti/ccs1031/ccs/tools/compiler/ti-cgt-arm_20.2.4.LTS/include" --reread_libs --diag_wrap=off --display_error_number --warn_sections --xml_link_info="lab_9_linkInfo.xml" --rom_model -o "lab_9.out" "./Timer.obj" "./adc.obj" "./button.obj" "./extended_simple_mission_main.obj" "./lcd.obj" "./main.obj" "./mission_helper.obj" "./movement.obj" "./open_interface.obj" "./ping.obj" "./tm4c123gh6pm_startup_ccs.obj" "./uart.obj" "../libcybotScan.lib" "../libcybotUART.lib" "../tm4c123gh6pm.cmd" "../dvt/libcybotScan.lib"  -l"C:/ti/TivaWare_C_Series-2.1.4.178/driverlib/ccs/Debug/driverlib.lib" -llibc.a 
<Linking>
error #10056: symbol "ping_init" redefined: first defined in "./ping.obj"; redefined in "../libcybotScan.lib<ping.obj>"
error #10010: errors encountered during linking; "lab_9.out" not built
 
>> Compilation failure
makefile:158: recipe for target 'lab_9.out' failed
gmake[1]: *** [lab_9.out] Error 1
makefile:154: recipe for target 'all' failed
gmake: *** [all] Error 2

**** Build Finished ****

**** Build of configuration Debug for project lab_9 ****

"C:\\ti\\ccs1031\\ccs\\utils\\bin\\gmake" -k -j 8 all -O 
 
Building file: "../ping.c"
Invoking: Arm Compiler
"C:/ti/ccs1031/ccs/tools/compiler/ti-cgt-arm_20.2.4.LTS/bin/armcl" -mv7M4 --code_state=16 --float_support=FPv4SPD16 -me --include_path="C:/ti/TivaWare_C_Series-2.1.4.178" --include_path="C:/Users/dsr/Downloads/288Lab/288Lab-master/lab_9" --include_path="C:/ti/ccs1031/ccs/tools/compiler/ti-cgt-arm_20.2.4.LTS/include" --define=ccs="ccs" --define=PART_TM4C123GH6PM -g --gcc --diag_warning=225 --diag_wrap=off --display_error_number --abi=eabi --preproc_with_compile --preproc_dependency="ping.d_raw"  "../ping.c"
Finished building: "../ping.c"
 
Building target: "lab_9.out"
Invoking: Arm Linker
"C:/ti/ccs1031/ccs/tools/compiler/ti-cgt-arm_20.2.4.LTS/bin/armcl" -mv7M4 --code_state=16 --float_support=FPv4SPD16 -me --define=ccs="ccs" --define=PART_TM4C123GH6PM -g --gcc --diag_warning=225 --diag_wrap=off --display_error_number --abi=eabi -z -m"lab_9.map" --heap_size=1024 --stack_size=2048 -i"C:/ti/ccs1031/ccs/tools/compiler/ti-cgt-arm_20.2.4.LTS/lib" -i"C:/ti/ccs1031/ccs/tools/compiler/ti-cgt-arm_20.2.4.LTS/include" --reread_libs --diag_wrap=off --display_error_number --warn_sections --xml_link_info="lab_9_linkInfo.xml" --rom_model -o "lab_9.out" "./Timer.obj" "./adc.obj" "./button.obj" "./extended_simple_mission_main.obj" "./lcd.obj" "./main.obj" "./mission_helper.obj" "./movement.obj" "./open_interface.obj" "./ping.obj" "./tm4c123gh6pm_startup_ccs.obj" "./uart.obj" "../libcybotScan.lib" "../libcybotUART.lib" "../tm4c123gh6pm.cmd" "../dvt/libcybotScan.lib"  -l"C:/ti/TivaWare_C_Series-2.1.4.178/driverlib/ccs/Debug/driverlib.lib" -llibc.a 
<Linking>
error #10056: symbol "ping_init" redefined: first defined in "./ping.obj"; redefined in "../libcybotScan.lib<ping.obj>"
error #10010: errors encountered during linking; "lab_9.out" not built
 
>> Compilation failure
makefile:158: recipe for target 'lab_9.out' failed
gmake[1]: *** [lab_9.out] Error 1
makefile:154: recipe for target 'all' failed
gmake: *** [all] Error 2

**** Build Finished ****

**** Build of configuration Debug for project lab_9 ****

"C:\\ti\\ccs1031\\ccs\\utils\\bin\\gmake" -k -j 8 all -O 
 
Building file: "../ping.c"
Invoking: Arm Compiler
"C:/ti/ccs1031/ccs/tools/compiler/ti-cgt-arm_20.2.4.LTS/bin/armcl" -mv7M4 --code_state=16 --float_support=FPv4SPD16 -me --include_path="C:/ti/TivaWare_C_Series-2.1.4.178" --include_path="C:/Users/dsr/Downloads/288Lab/288Lab-master/lab_9" --include_path="C:/ti/ccs1031/ccs/tools/compiler/ti-cgt-arm_20.2.4.LTS/include" --define=ccs="ccs" --define=PART_TM4C123GH6PM -g --gcc --diag_warning=225 --diag_wrap=off --display_error_number --abi=eabi --preproc_with_compile --preproc_dependency="ping.d_raw"  "../ping.c"
Finished building: "../ping.c"
 
Building file: "../main.c"
Invoking: Arm Compiler
"C:/ti/ccs1031/ccs/tools/compiler/ti-cgt-arm_20.2.4.LTS/bin/armcl" -mv7M4 --code_state=16 --float_support=FPv4SPD16 -me --include_path="C:/ti/TivaWare_C_Series-2.1.4.178" --include_path="C:/Users/dsr/Downloads/288Lab/288Lab-master/lab_9" --include_path="C:/ti/ccs1031/ccs/tools/compiler/ti-cgt-arm_20.2.4.LTS/include" --define=ccs="ccs" --define=PART_TM4C123GH6PM -g --gcc --diag_warning=225 --diag_wrap=off --display_error_number --abi=eabi --preproc_with_compile --preproc_dependency="main.d_raw"  "../main.c"
"../main.c", line 16: warning #179-D: variable "ping_distance" was declared but never referenced
Finished building: "../main.c"
 
Building target: "lab_9.out"
Invoking: Arm Linker
"C:/ti/ccs1031/ccs/tools/compiler/ti-cgt-arm_20.2.4.LTS/bin/armcl" -mv7M4 --code_state=16 --float_support=FPv4SPD16 -me --define=ccs="ccs" --define=PART_TM4C123GH6PM -g --gcc --diag_warning=225 --diag_wrap=off --display_error_number --abi=eabi -z -m"lab_9.map" --heap_size=1024 --stack_size=2048 -i"C:/ti/ccs1031/ccs/tools/compiler/ti-cgt-arm_20.2.4.LTS/lib" -i"C:/ti/ccs1031/ccs/tools/compiler/ti-cgt-arm_20.2.4.LTS/include" --reread_libs --diag_wrap=off --display_error_number --warn_sections --xml_link_info="lab_9_linkInfo.xml" --rom_model -o "lab_9.out" "./Timer.obj" "./adc.obj" "./button.obj" "./extended_simple_mission_main.obj" "./lcd.obj" "./main.obj" "./mission_helper.obj" "./movement.obj" "./open_interface.obj" "./ping.obj" "./tm4c123gh6pm_startup_ccs.obj" "./uart.obj" "../libcybotScan.lib" "../libcybotUART.lib" "../tm4c123gh6pm.cmd" "../dvt/libcybotScan.lib"  -l"C:/ti/TivaWare_C_Series-2.1.4.178/driverlib/ccs/Debug/driverlib.lib" -llibc.a 
<Linking>
error #10056: symbol "ping_init" redefined: first defined in "./ping.obj"; redefined in "../libcybotScan.lib<ping.obj>"
error #10010: errors encountered during linking; "lab_9.out" not built
 
>> Compilation failure
makefile:158: recipe for target 'lab_9.out' failed
gmake[1]: *** [lab_9.out] Error 1
makefile:154: recipe for target 'all' failed
gmake: *** [all] Error 2

**** Build Finished ****

**** Build of configuration Debug for project lab_9 ****

"C:\\ti\\ccs1031\\ccs\\utils\\bin\\gmake" -k -j 8 all -O 
 
Building file: "../ping.c"
Invoking: Arm Compiler
"C:/ti/ccs1031/ccs/tools/compiler/ti-cgt-arm_20.2.4.LTS/bin/armcl" -mv7M4 --code_state=16 --float_support=FPv4SPD16 -me --include_path="C:/ti/TivaWare_C_Series-2.1.4.178" --include_path="C:/Users/dsr/Downloads/288Lab/288Lab-master/lab_9" --include_path="C:/ti/ccs1031/ccs/tools/compiler/ti-cgt-arm_20.2.4.LTS/include" --define=ccs="ccs" --define=PART_TM4C123GH6PM -g --gcc --diag_warning=225 --diag_wrap=off --display_error_number --abi=eabi --preproc_with_compile --preproc_dependency="ping.d_raw"  "../ping.c"
Finished building: "../ping.c"
 
Building file: "../main.c"
Invoking: Arm Compiler
"C:/ti/ccs1031/ccs/tools/compiler/ti-cgt-arm_20.2.4.LTS/bin/armcl" -mv7M4 --code_state=16 --float_support=FPv4SPD16 -me --include_path="C:/ti/TivaWare_C_Series-2.1.4.178" --include_path="C:/Users/dsr/Downloads/288Lab/288Lab-master/lab_9" --include_path="C:/ti/ccs1031/ccs/tools/compiler/ti-cgt-arm_20.2.4.LTS/include" --define=ccs="ccs" --define=PART_TM4C123GH6PM -g --gcc --diag_warning=225 --diag_wrap=off --display_error_number --abi=eabi --preproc_with_compile --preproc_dependency="main.d_raw"  "../main.c"
"../main.c", line 16: warning #179-D: variable "ping_distance" was declared but never referenced
Finished building: "../main.c"
 
Building target: "lab_9.out"
Invoking: Arm Linker
"C:/ti/ccs1031/ccs/tools/compiler/ti-cgt-arm_20.2.4.LTS/bin/armcl" -mv7M4 --code_state=16 --float_support=FPv4SPD16 -me --define=ccs="ccs" --define=PART_TM4C123GH6PM -g --gcc --diag_warning=225 --diag_wrap=off --display_error_number --abi=eabi -z -m"lab_9.map" --heap_size=1024 --stack_size=2048 -i"C:/ti/ccs1031/ccs/tools/compiler/ti-cgt-arm_20.2.4.LTS/lib" -i"C:/ti/ccs1031/ccs/tools/compiler/ti-cgt-arm_20.2.4.LTS/include" --reread_libs --diag_wrap=off --display_error_number --warn_sections --xml_link_info="lab_9_linkInfo.xml" --rom_model -o "lab_9.out" "./Timer.obj" "./adc.obj" "./button.obj" "./extended_simple_mission_main.obj" "./lcd.obj" "./main.obj" "./mission_helper.obj" "./movement.obj" "./open_interface.obj" "./ping.obj" "./tm4c123gh6pm_startup_ccs.obj" "./uart.obj" "../libcybotScan.lib" "../libcybotUART.lib" "../tm4c123gh6pm.cmd" "../dvt/libcybotScan.lib"  -l"C:/ti/TivaWare_C_Series-2.1.4.178/driverlib/ccs/Debug/driverlib.lib" -llibc.a 
<Linking>
error #10056: symbol "ping_init" redefined: first defined in "./ping.obj"; redefined in "../libcybotScan.lib<ping.obj>"
error #10010: errors encountered during linking; "lab_9.out" not built
 
>> Compilation failure
makefile:158: recipe for target 'lab_9.out' failed
gmake[1]: *** [lab_9.out] Error 1
makefile:154: recipe for target 'all' failed
gmake: *** [all] Error 2

**** Build Finished ****

**** Build of configuration Debug for project lab_9 ****

"C:\\ti\\ccs1031\\ccs\\utils\\bin\\gmake" -k -j 8 all -O 
 
Building file: "../ping.c"
Invoking: Arm Compiler
"C:/ti/ccs1031/ccs/tools/compiler/ti-cgt-arm_20.2.4.LTS/bin/armcl" -mv7M4 --code_state=16 --float_support=FPv4SPD16 -me --include_path="C:/ti/TivaWare_C_Series-2.1.4.178" --include_path="C:/Users/dsr/Downloads/288Lab/288Lab-master/lab_9" --include_path="C:/ti/ccs1031/ccs/tools/compiler/ti-cgt-arm_20.2.4.LTS/include" --define=ccs="ccs" --define=PART_TM4C123GH6PM -g --gcc --diag_warning=225 --diag_wrap=off --display_error_number --abi=eabi --preproc_with_compile --preproc_dependency="ping.d_raw"  "../ping.c"
 
>> Compilation failure
subdir_rules.mk:9: recipe for target 'ping.obj' failed
"../ping.c", line 34: error #20: identifier "TIMER3B_Handler" is undefined
1 error detected in the compilation of "../ping.c".
gmake: *** [ping.obj] Error 1
gmake: Target 'all' not remade because of errors.

**** Build Finished ****

**** Build of configuration Debug for project lab_9 ****

"C:\\ti\\ccs1031\\ccs\\utils\\bin\\gmake" -k -j 8 all -O 
 
Building file: "../main.c"
Invoking: Arm Compiler
"C:/ti/ccs1031/ccs/tools/compiler/ti-cgt-arm_20.2.4.LTS/bin/armcl" -mv7M4 --code_state=16 --float_support=FPv4SPD16 -me --include_path="C:/ti/TivaWare_C_Series-2.1.4.178" --include_path="C:/Users/dsr/Downloads/288Lab/288Lab-master/lab_9" --include_path="C:/ti/ccs1031/ccs/tools/compiler/ti-cgt-arm_20.2.4.LTS/include" --define=ccs="ccs" --define=PART_TM4C123GH6PM -g --gcc --diag_warning=225 --diag_wrap=off --display_error_number --abi=eabi --preproc_with_compile --preproc_dependency="main.d_raw"  "../main.c"
"../main.c", line 16: warning #179-D: variable "ping_distance" was declared but never referenced
Finished building: "../main.c"
 
Building file: "../ping.c"
Invoking: Arm Compiler
"C:/ti/ccs1031/ccs/tools/compiler/ti-cgt-arm_20.2.4.LTS/bin/armcl" -mv7M4 --code_state=16 --float_support=FPv4SPD16 -me --include_path="C:/ti/TivaWare_C_Series-2.1.4.178" --include_path="C:/Users/dsr/Downloads/288Lab/288Lab-master/lab_9" --include_path="C:/ti/ccs1031/ccs/tools/compiler/ti-cgt-arm_20.2.4.LTS/include" --define=ccs="ccs" --define=PART_TM4C123GH6PM -g --gcc --diag_warning=225 --diag_wrap=off --display_error_number --abi=eabi --preproc_with_compile --preproc_dependency="ping.d_raw"  "../ping.c"
Finished building: "../ping.c"
 
Building target: "lab_9.out"
Invoking: Arm Linker
"C:/ti/ccs1031/ccs/tools/compiler/ti-cgt-arm_20.2.4.LTS/bin/armcl" -mv7M4 --code_state=16 --float_support=FPv4SPD16 -me --define=ccs="ccs" --define=PART_TM4C123GH6PM -g --gcc --diag_warning=225 --diag_wrap=off --display_error_number --abi=eabi -z -m"lab_9.map" --heap_size=1024 --stack_size=2048 -i"C:/ti/ccs1031/ccs/tools/compiler/ti-cgt-arm_20.2.4.LTS/lib" -i"C:/ti/ccs1031/ccs/tools/compiler/ti-cgt-arm_20.2.4.LTS/include" --reread_libs --diag_wrap=off --display_error_number --warn_sections --xml_link_info="lab_9_linkInfo.xml" --rom_model -o "lab_9.out" "./Timer.obj" "./adc.obj" "./button.obj" "./extended_simple_mission_main.obj" "./lcd.obj" "./main.obj" "./mission_helper.obj" "./movement.obj" "./open_interface.obj" "./ping.obj" "./tm4c123gh6pm_startup_ccs.obj" "./uart.obj" "../libcybotScan.lib" "../libcybotUART.lib" "../tm4c123gh6pm.cmd" "../dvt/libcybotScan.lib"  -l"C:/ti/TivaWare_C_Series-2.1.4.178/driverlib/ccs/Debug/driverlib.lib" -llibc.a 
<Linking>
error #10056: symbol "TIMER3B_Handler" redefined: first defined in "./ping.obj"; redefined in "../libcybotScan.lib<ping.obj>"
error #10056: symbol "ping_init" redefined: first defined in "./ping.obj"; redefined in "../libcybotScan.lib<ping.obj>"
error #10010: errors encountered during linking; "lab_9.out" not built
 
>> Compilation failure
makefile:158: recipe for target 'lab_9.out' failed
gmake[1]: *** [lab_9.out] Error 1
makefile:154: recipe for target 'all' failed
gmake: *** [all] Error 2

**** Build Finished ****

**** Build of configuration Debug for project lab_9 ****

"C:\\ti\\ccs1031\\ccs\\utils\\bin\\gmake" -k -j 8 all -O 
 
Building file: "../ping.c"
Invoking: Arm Compiler
"C:/ti/ccs1031/ccs/tools/compiler/ti-cgt-arm_20.2.4.LTS/bin/armcl" -mv7M4 --code_state=16 --float_support=FPv4SPD16 -me --include_path="C:/ti/TivaWare_C_Series-2.1.4.178" --include_path="C:/Users/dsr/Downloads/288Lab/288Lab-master/lab_9" --include_path="C:/ti/ccs1031/ccs/tools/compiler/ti-cgt-arm_20.2.4.LTS/include" --define=ccs="ccs" --define=PART_TM4C123GH6PM -g --gcc --diag_warning=225 --diag_wrap=off --display_error_number --abi=eabi --preproc_with_compile --preproc_dependency="ping.d_raw"  "../ping.c"
"../ping.c", line 51: warning #225-D: function "send_pulse" declared implicitly
"../ping.c", line 75: warning #161-D: declaration is incompatible with previous "send_pulse" (declared at line 51)
Finished building: "../ping.c"
 
Building target: "lab_9.out"
Invoking: Arm Linker
"C:/ti/ccs1031/ccs/tools/compiler/ti-cgt-arm_20.2.4.LTS/bin/armcl" -mv7M4 --code_state=16 --float_support=FPv4SPD16 -me --define=ccs="ccs" --define=PART_TM4C123GH6PM -g --gcc --diag_warning=225 --diag_wrap=off --display_error_number --abi=eabi -z -m"lab_9.map" --heap_size=1024 --stack_size=2048 -i"C:/ti/ccs1031/ccs/tools/compiler/ti-cgt-arm_20.2.4.LTS/lib" -i"C:/ti/ccs1031/ccs/tools/compiler/ti-cgt-arm_20.2.4.LTS/include" --reread_libs --diag_wrap=off --display_error_number --warn_sections --xml_link_info="lab_9_linkInfo.xml" --rom_model -o "lab_9.out" "./Timer.obj" "./adc.obj" "./button.obj" "./extended_simple_mission_main.obj" "./lcd.obj" "./main.obj" "./mission_helper.obj" "./movement.obj" "./open_interface.obj" "./ping.obj" "./tm4c123gh6pm_startup_ccs.obj" "./uart.obj" "../libcybotScan.lib" "../libcybotUART.lib" "../tm4c123gh6pm.cmd" "../dvt/libcybotScan.lib"  -l"C:/ti/TivaWare_C_Series-2.1.4.178/driverlib/ccs/Debug/driverlib.lib" -llibc.a 
<Linking>
error #10056: symbol "TIMER3B_Handler" redefined: first defined in "./ping.obj"; redefined in "../libcybotScan.lib<ping.obj>"
error #10056: symbol "ping_init" redefined: first defined in "./ping.obj"; redefined in "../libcybotScan.lib<ping.obj>"
error #10010: errors encountered during linking; "lab_9.out" not built
 
>> Compilation failure
makefile:158: recipe for target 'lab_9.out' failed
gmake[1]: *** [lab_9.out] Error 1
makefile:154: recipe for target 'all' failed
gmake: *** [all] Error 2

**** Build Finished ****

**** Build of configuration Debug for project lab_9 ****

"C:\\ti\\ccs1031\\ccs\\utils\\bin\\gmake" -k -j 8 all -O 
 
Building file: "../extended_simple_mission_main.c"
Invoking: Arm Compiler
"C:/ti/ccs1031/ccs/tools/compiler/ti-cgt-arm_20.2.4.LTS/bin/armcl" -mv7M4 --code_state=16 --float_support=FPv4SPD16 -me --include_path="C:/ti/TivaWare_C_Series-2.1.4.178" --include_path="C:/Users/dsr/Downloads/288Lab/288Lab-master/lab_9" --include_path="C:/ti/ccs1031/ccs/tools/compiler/ti-cgt-arm_20.2.4.LTS/include" --define=ccs="ccs" --define=PART_TM4C123GH6PM -g --gcc --diag_warning=225 --diag_wrap=off --display_error_number --abi=eabi --preproc_with_compile --preproc_dependency="extended_simple_mission_main.d_raw"  "../extended_simple_mission_main.c"
Finished building: "../extended_simple_mission_main.c"
 
Building target: "lab_9.out"
Invoking: Arm Linker
"C:/ti/ccs1031/ccs/tools/compiler/ti-cgt-arm_20.2.4.LTS/bin/armcl" -mv7M4 --code_state=16 --float_support=FPv4SPD16 -me --define=ccs="ccs" --define=PART_TM4C123GH6PM -g --gcc --diag_warning=225 --diag_wrap=off --display_error_number --abi=eabi -z -m"lab_9.map" --heap_size=1024 --stack_size=2048 -i"C:/ti/ccs1031/ccs/tools/compiler/ti-cgt-arm_20.2.4.LTS/lib" -i"C:/ti/ccs1031/ccs/tools/compiler/ti-cgt-arm_20.2.4.LTS/include" --reread_libs --diag_wrap=off --display_error_number --warn_sections --xml_link_info="lab_9_linkInfo.xml" --rom_model -o "lab_9.out" "./Timer.obj" "./adc.obj" "./button.obj" "./extended_simple_mission_main.obj" "./lcd.obj" "./main.obj" "./mission_helper.obj" "./movement.obj" "./open_interface.obj" "./ping.obj" "./tm4c123gh6pm_startup_ccs.obj" "./uart.obj" "../libcybotScan.lib" "../libcybotUART.lib" "../tm4c123gh6pm.cmd" "../dvt/libcybotScan.lib"  -l"C:/ti/TivaWare_C_Series-2.1.4.178/driverlib/ccs/Debug/driverlib.lib" -llibc.a 
<Linking>
error #10056: symbol "TIMER3B_Handler" redefined: first defined in "./ping.obj"; redefined in "../libcybotScan.lib<ping.obj>"
error #10056: symbol "ping_init" redefined: first defined in "./ping.obj"; redefined in "../libcybotScan.lib<ping.obj>"
error #10010: errors encountered during linking; "lab_9.out" not built
 
>> Compilation failure
makefile:158: recipe for target 'lab_9.out' failed
gmake[1]: *** [lab_9.out] Error 1
makefile:154: recipe for target 'all' failed
gmake: *** [all] Error 2

**** Build Finished ****

**** Build of configuration Debug for project lab_9 ****

"C:\\ti\\ccs1031\\ccs\\utils\\bin\\gmake" -k -j 8 all -O 
 
Building file: "../ping.c"
Invoking: Arm Compiler
"C:/ti/ccs1031/ccs/tools/compiler/ti-cgt-arm_20.2.4.LTS/bin/armcl" -mv7M4 --code_state=16 --float_support=FPv4SPD16 -me --include_path="C:/ti/TivaWare_C_Series-2.1.4.178" --include_path="C:/Users/dsr/Downloads/288Lab/288Lab-master/lab_9" --include_path="C:/ti/ccs1031/ccs/tools/compiler/ti-cgt-arm_20.2.4.LTS/include" --define=ccs="ccs" --define=PART_TM4C123GH6PM -g --gcc --diag_warning=225 --diag_wrap=off --display_error_number --abi=eabi --preproc_with_compile --preproc_dependency="ping.d_raw"  "../ping.c"
"../ping.c", line 51: warning #225-D: function "send_pulse" declared implicitly
"../ping.c", line 75: warning #161-D: declaration is incompatible with previous "send_pulse" (declared at line 51)
Finished building: "../ping.c"
 
Building target: "lab_9.out"
Invoking: Arm Linker
"C:/ti/ccs1031/ccs/tools/compiler/ti-cgt-arm_20.2.4.LTS/bin/armcl" -mv7M4 --code_state=16 --float_support=FPv4SPD16 -me --define=ccs="ccs" --define=PART_TM4C123GH6PM -g --gcc --diag_warning=225 --diag_wrap=off --display_error_number --abi=eabi -z -m"lab_9.map" --heap_size=1024 --stack_size=2048 -i"C:/ti/ccs1031/ccs/tools/compiler/ti-cgt-arm_20.2.4.LTS/lib" -i"C:/ti/ccs1031/ccs/tools/compiler/ti-cgt-arm_20.2.4.LTS/include" --reread_libs --diag_wrap=off --display_error_number --warn_sections --xml_link_info="lab_9_linkInfo.xml" --rom_model -o "lab_9.out" "./Timer.obj" "./adc.obj" "./button.obj" "./extended_simple_mission_main.obj" "./lcd.obj" "./main.obj" "./mission_helper.obj" "./movement.obj" "./open_interface.obj" "./ping.obj" "./tm4c123gh6pm_startup_ccs.obj" "./uart.obj" "../libcybotScan.lib" "../libcybotUART.lib" "../tm4c123gh6pm.cmd" "../dvt/libcybotScan.lib"  -l"C:/ti/TivaWare_C_Series-2.1.4.178/driverlib/ccs/Debug/driverlib.lib" -llibc.a 
<Linking>
error #10056: symbol "TIMER3B_Handler" redefined: first defined in "./ping.obj"; redefined in "../libcybotScan.lib<ping.obj>"
error #10056: symbol "ping_init" redefined: first defined in "./ping.obj"; redefined in "../libcybotScan.lib<ping.obj>"
error #10010: errors encountered during linking; "lab_9.out" not built
 
>> Compilation failure
makefile:158: recipe for target 'lab_9.out' failed
gmake[1]: *** [lab_9.out] Error 1
makefile:154: recipe for target 'all' failed
gmake: *** [all] Error 2

**** Build Finished ****

**** Build of configuration Debug for project lab_9 ****

"C:\\ti\\ccs1031\\ccs\\utils\\bin\\gmake" -k -j 8 all -O 
 
Building file: "../main.c"
Invoking: Arm Compiler
"C:/ti/ccs1031/ccs/tools/compiler/ti-cgt-arm_20.2.4.LTS/bin/armcl" -mv7M4 --code_state=16 --float_support=FPv4SPD16 -me --include_path="C:/ti/TivaWare_C_Series-2.1.4.178" --include_path="C:/Users/dsr/Downloads/288Lab/288Lab-master/lab_9" --include_path="C:/ti/ccs1031/ccs/tools/compiler/ti-cgt-arm_20.2.4.LTS/include" --define=ccs="ccs" --define=PART_TM4C123GH6PM -g --gcc --diag_warning=225 --diag_wrap=off --display_error_number --abi=eabi --preproc_with_compile --preproc_dependency="main.d_raw"  "../main.c"
"../main.c", line 16: warning #179-D: variable "ping_distance" was declared but never referenced
Finished building: "../main.c"
 
Building target: "lab_9.out"
Invoking: Arm Linker
"C:/ti/ccs1031/ccs/tools/compiler/ti-cgt-arm_20.2.4.LTS/bin/armcl" -mv7M4 --code_state=16 --float_support=FPv4SPD16 -me --define=ccs="ccs" --define=PART_TM4C123GH6PM -g --gcc --diag_warning=225 --diag_wrap=off --display_error_number --abi=eabi -z -m"lab_9.map" --heap_size=1024 --stack_size=2048 -i"C:/ti/ccs1031/ccs/tools/compiler/ti-cgt-arm_20.2.4.LTS/lib" -i"C:/ti/ccs1031/ccs/tools/compiler/ti-cgt-arm_20.2.4.LTS/include" --reread_libs --diag_wrap=off --display_error_number --warn_sections --xml_link_info="lab_9_linkInfo.xml" --rom_model -o "lab_9.out" "./Timer.obj" "./adc.obj" "./button.obj" "./extended_simple_mission_main.obj" "./lcd.obj" "./main.obj" "./mission_helper.obj" "./movement.obj" "./open_interface.obj" "./ping.obj" "./tm4c123gh6pm_startup_ccs.obj" "./uart.obj" "../libcybotScan.lib" "../libcybotUART.lib" "../tm4c123gh6pm.cmd" "../dvt/libcybotScan.lib"  -l"C:/ti/TivaWare_C_Series-2.1.4.178/driverlib/ccs/Debug/driverlib.lib" -llibc.a 
<Linking>
error #10056: symbol "TIMER3B_Handler" redefined: first defined in "./ping.obj"; redefined in "../libcybotScan.lib<ping.obj>"
error #10056: symbol "ping_init" redefined: first defined in "./ping.obj"; redefined in "../libcybotScan.lib<ping.obj>"
error #10010: errors encountered during linking; "lab_9.out" not built
 
>> Compilation failure
makefile:158: recipe for target 'lab_9.out' failed
gmake[1]: *** [lab_9.out] Error 1
makefile:154: recipe for target 'all' failed
gmake: *** [all] Error 2

**** Build Finished ****

**** Build of configuration Debug for project lab_9 ****

"C:\\ti\\ccs1031\\ccs\\utils\\bin\\gmake" -k -j 8 all -O 
 
Building file: "../main.c"
Invoking: Arm Compiler
"C:/ti/ccs1031/ccs/tools/compiler/ti-cgt-arm_20.2.4.LTS/bin/armcl" -mv7M4 --code_state=16 --float_support=FPv4SPD16 -me --include_path="C:/ti/TivaWare_C_Series-2.1.4.178" --include_path="C:/Users/dsr/Downloads/288Lab/288Lab-master/lab_9" --include_path="C:/ti/ccs1031/ccs/tools/compiler/ti-cgt-arm_20.2.4.LTS/include" --define=ccs="ccs" --define=PART_TM4C123GH6PM -g --gcc --diag_warning=225 --diag_wrap=off --display_error_number --abi=eabi --preproc_with_compile --preproc_dependency="main.d_raw"  "../main.c"
"../main.c", line 16: warning #179-D: variable "ping_distance" was declared but never referenced
Finished building: "../main.c"
 
Building target: "lab_9.out"
Invoking: Arm Linker
"C:/ti/ccs1031/ccs/tools/compiler/ti-cgt-arm_20.2.4.LTS/bin/armcl" -mv7M4 --code_state=16 --float_support=FPv4SPD16 -me --define=ccs="ccs" --define=PART_TM4C123GH6PM -g --gcc --diag_warning=225 --diag_wrap=off --display_error_number --abi=eabi -z -m"lab_9.map" --heap_size=1024 --stack_size=2048 -i"C:/ti/ccs1031/ccs/tools/compiler/ti-cgt-arm_20.2.4.LTS/lib" -i"C:/ti/ccs1031/ccs/tools/compiler/ti-cgt-arm_20.2.4.LTS/include" --reread_libs --diag_wrap=off --display_error_number --warn_sections --xml_link_info="lab_9_linkInfo.xml" --rom_model -o "lab_9.out" "./Timer.obj" "./adc.obj" "./button.obj" "./extended_simple_mission_main.obj" "./lcd.obj" "./main.obj" "./mission_helper.obj" "./movement.obj" "./open_interface.obj" "./ping.obj" "./tm4c123gh6pm_startup_ccs.obj" "./uart.obj" "../libcybotScan.lib" "../libcybotUART.lib" "../tm4c123gh6pm.cmd" "../dvt/libcybotScan.lib"  -l"C:/ti/TivaWare_C_Series-2.1.4.178/driverlib/ccs/Debug/driverlib.lib" -llibc.a 
<Linking>
error #10056: symbol "TIMER3B_Handler" redefined: first defined in "./ping.obj"; redefined in "../libcybotScan.lib<ping.obj>"
error #10056: symbol "ping_init" redefined: first defined in "./ping.obj"; redefined in "../libcybotScan.lib<ping.obj>"
error #10010: errors encountered during linking; "lab_9.out" not built
 
>> Compilation failure
makefile:158: recipe for target 'lab_9.out' failed
gmake[1]: *** [lab_9.out] Error 1
makefile:154: recipe for target 'all' failed
gmake: *** [all] Error 2

**** Build Finished ****

**** Build of configuration Debug for project lab_9 ****

"C:\\ti\\ccs1031\\ccs\\utils\\bin\\gmake" -k -j 8 all -O 
 
Building target: "lab_9.out"
Invoking: Arm Linker
"C:/ti/ccs1031/ccs/tools/compiler/ti-cgt-arm_20.2.4.LTS/bin/armcl" -mv7M4 --code_state=16 --float_support=FPv4SPD16 -me --define=ccs="ccs" --define=PART_TM4C123GH6PM -g --gcc --diag_warning=225 --diag_wrap=off --display_error_number --abi=eabi -z -m"lab_9.map" --heap_size=1024 --stack_size=2048 -i"C:/ti/ccs1031/ccs/tools/compiler/ti-cgt-arm_20.2.4.LTS/lib" -i"C:/ti/ccs1031/ccs/tools/compiler/ti-cgt-arm_20.2.4.LTS/include" --reread_libs --diag_wrap=off --display_error_number --warn_sections --xml_link_info="lab_9_linkInfo.xml" --rom_model -o "lab_9.out" "./Timer.obj" "./adc.obj" "./button.obj" "./extended_simple_mission_main.obj" "./lcd.obj" "./main.obj" "./mission_helper.obj" "./movement.obj" "./open_interface.obj" "./ping.obj" "./tm4c123gh6pm_startup_ccs.obj" "./uart.obj" "../libcybotScan.lib" "../libcybotUART.lib" "../tm4c123gh6pm.cmd" "../dvt/libcybotScan.lib"  -l"C:/ti/TivaWare_C_Series-2.1.4.178/driverlib/ccs/Debug/driverlib.lib" -llibc.a 
<Linking>
error #10056: symbol "TIMER3B_Handler" redefined: first defined in "./ping.obj"; redefined in "../libcybotScan.lib<ping.obj>"
 
error #10056: symbol "ping_init" redefined: first defined in "./ping.obj"; redefined in "../libcybotScan.lib<ping.obj>"
>> Compilation failure
makefile:158: recipe for target 'lab_9.out' failed
error #10010: errors encountered during linking; "lab_9.out" not built
gmake[1]: *** [lab_9.out] Error 1
gmake: *** [all] Error 2
makefile:154: recipe for target 'all' failed

**** Build Finished ****

**** Build of configuration Debug for project lab_9 ****

"C:\\ti\\ccs1031\\ccs\\utils\\bin\\gmake" -k -j 8 all -O 
 
Building file: "../ping.c"
Invoking: Arm Compiler
"C:/ti/ccs1031/ccs/tools/compiler/ti-cgt-arm_20.2.4.LTS/bin/armcl" -mv7M4 --code_state=16 --float_support=FPv4SPD16 -me --include_path="C:/ti/TivaWare_C_Series-2.1.4.178" --include_path="C:/Users/dsr/Downloads/288Lab/288Lab-master/lab_9" --include_path="C:/ti/ccs1031/ccs/tools/compiler/ti-cgt-arm_20.2.4.LTS/include" --define=ccs="ccs" --define=PART_TM4C123GH6PM -g --gcc --diag_warning=225 --diag_wrap=off --display_error_number --abi=eabi --preproc_with_compile --preproc_dependency="ping.d_raw"  "../ping.c"
Finished building: "../ping.c"
 
Building file: "../main.c"
Invoking: Arm Compiler
"C:/ti/ccs1031/ccs/tools/compiler/ti-cgt-arm_20.2.4.LTS/bin/armcl" -mv7M4 --code_state=16 --float_support=FPv4SPD16 -me --include_path="C:/ti/TivaWare_C_Series-2.1.4.178" --include_path="C:/Users/dsr/Downloads/288Lab/288Lab-master/lab_9" --include_path="C:/ti/ccs1031/ccs/tools/compiler/ti-cgt-arm_20.2.4.LTS/include" --define=ccs="ccs" --define=PART_TM4C123GH6PM -g --gcc --diag_warning=225 --diag_wrap=off --display_error_number --abi=eabi --preproc_with_compile --preproc_dependency="main.d_raw"  "../main.c"
"../main.c", line 16: warning #179-D: variable "ping_distance" was declared but never referenced
Finished building: "../main.c"
 
Building target: "lab_9.out"
Invoking: Arm Linker
"C:/ti/ccs1031/ccs/tools/compiler/ti-cgt-arm_20.2.4.LTS/bin/armcl" -mv7M4 --code_state=16 --float_support=FPv4SPD16 -me --define=ccs="ccs" --define=PART_TM4C123GH6PM -g --gcc --diag_warning=225 --diag_wrap=off --display_error_number --abi=eabi -z -m"lab_9.map" --heap_size=1024 --stack_size=2048 -i"C:/ti/ccs1031/ccs/tools/compiler/ti-cgt-arm_20.2.4.LTS/lib" -i"C:/ti/ccs1031/ccs/tools/compiler/ti-cgt-arm_20.2.4.LTS/include" --reread_libs --diag_wrap=off --display_error_number --warn_sections --xml_link_info="lab_9_linkInfo.xml" --rom_model -o "lab_9.out" "./Timer.obj" "./adc.obj" "./button.obj" "./extended_simple_mission_main.obj" "./lcd.obj" "./main.obj" "./mission_helper.obj" "./movement.obj" "./open_interface.obj" "./ping.obj" "./tm4c123gh6pm_startup_ccs.obj" "./uart.obj" "../libcybotScan.lib" "../libcybotUART.lib" "../tm4c123gh6pm.cmd" "../dvt/libcybotScan.lib"  -l"C:/ti/TivaWare_C_Series-2.1.4.178/driverlib/ccs/Debug/driverlib.lib" -llibc.a 
<Linking>
Finished building target: "lab_9.out"
 

**** Build Finished ****

**** Build of configuration Debug for project lab_9 ****

"C:\\ti\\ccs1031\\ccs\\utils\\bin\\gmake" -k -j 8 all -O 
 
Building file: "../ping.c"
Invoking: Arm Compiler
"C:/ti/ccs1031/ccs/tools/compiler/ti-cgt-arm_20.2.4.LTS/bin/armcl" -mv7M4 --code_state=16 --float_support=FPv4SPD16 -me --include_path="C:/ti/TivaWare_C_Series-2.1.4.178" --include_path="C:/Users/dsr/Downloads/288Lab/288Lab-master/lab_9" --include_path="C:/ti/ccs1031/ccs/tools/compiler/ti-cgt-arm_20.2.4.LTS/include" --define=ccs="ccs" --define=PART_TM4C123GH6PM -g --gcc --diag_warning=225 --diag_wrap=off --display_error_number --abi=eabi --preproc_with_compile --preproc_dependency="ping.d_raw"  "../ping.c"
 
>> Compilation failure
subdir_rules.mk:9: recipe for target 'ping.obj' failed
"../ping.c", line 34: error #20: identifier "TIMER3B_Handler" is undefined
1 error detected in the compilation of "../ping.c".
gmake: *** [ping.obj] Error 1
gmake: Target 'all' not remade because of errors.

**** Build Finished ****

**** Build of configuration Debug for project lab_9 ****

"C:\\ti\\ccs1031\\ccs\\utils\\bin\\gmake" -k -j 8 all -O 
 
Building file: "../ping.c"
Invoking: Arm Compiler
"C:/ti/ccs1031/ccs/tools/compiler/ti-cgt-arm_20.2.4.LTS/bin/armcl" -mv7M4 --code_state=16 --float_support=FPv4SPD16 -me --include_path="C:/ti/TivaWare_C_Series-2.1.4.178" --include_path="C:/Users/dsr/Downloads/288Lab/288Lab-master/lab_9" --include_path="C:/ti/ccs1031/ccs/tools/compiler/ti-cgt-arm_20.2.4.LTS/include" --define=ccs="ccs" --define=PART_TM4C123GH6PM -g --gcc --diag_warning=225 --diag_wrap=off --display_error_number --abi=eabi --preproc_with_compile --preproc_dependency="ping.d_raw"  "../ping.c"
Finished building: "../ping.c"
 
Building target: "lab_9.out"
Invoking: Arm Linker
"C:/ti/ccs1031/ccs/tools/compiler/ti-cgt-arm_20.2.4.LTS/bin/armcl" -mv7M4 --code_state=16 --float_support=FPv4SPD16 -me --define=ccs="ccs" --define=PART_TM4C123GH6PM -g --gcc --diag_warning=225 --diag_wrap=off --display_error_number --abi=eabi -z -m"lab_9.map" --heap_size=1024 --stack_size=2048 -i"C:/ti/ccs1031/ccs/tools/compiler/ti-cgt-arm_20.2.4.LTS/lib" -i"C:/ti/ccs1031/ccs/tools/compiler/ti-cgt-arm_20.2.4.LTS/include" --reread_libs --diag_wrap=off --display_error_number --warn_sections --xml_link_info="lab_9_linkInfo.xml" --rom_model -o "lab_9.out" "./Timer.obj" "./adc.obj" "./button.obj" "./extended_simple_mission_main.obj" "./lcd.obj" "./main.obj" "./mission_helper.obj" "./movement.obj" "./open_interface.obj" "./ping.obj" "./tm4c123gh6pm_startup_ccs.obj" "./uart.obj" "../libcybotScan.lib" "../libcybotUART.lib" "../tm4c123gh6pm.cmd" "../dvt/libcybotScan.lib"  -l"C:/ti/TivaWare_C_Series-2.1.4.178/driverlib/ccs/Debug/driverlib.lib" -llibc.a 
<Linking>
error #10056: symbol "ping_init" redefined: first defined in "./ping.obj"; redefined in "../libcybotScan.lib<ping.obj>"
error #10010: errors encountered during linking; "lab_9.out" not built
 
>> Compilation failure
makefile:158: recipe for target 'lab_9.out' failed
gmake[1]: *** [lab_9.out] Error 1
makefile:154: recipe for target 'all' failed
gmake: *** [all] Error 2

**** Build Finished ****

**** Build of configuration Debug for project lab_9 ****

"C:\\ti\\ccs1031\\ccs\\utils\\bin\\gmake" -k -j 8 all -O 
 
Building file: "../main.c"
Invoking: Arm Compiler
"C:/ti/ccs1031/ccs/tools/compiler/ti-cgt-arm_20.2.4.LTS/bin/armcl" -mv7M4 --code_state=16 --float_support=FPv4SPD16 -me --include_path="C:/ti/TivaWare_C_Series-2.1.4.178" --include_path="C:/Users/dsr/Downloads/288Lab/288Lab-master/lab_9" --include_path="C:/ti/ccs1031/ccs/tools/compiler/ti-cgt-arm_20.2.4.LTS/include" --define=ccs="ccs" --define=PART_TM4C123GH6PM -g --gcc --diag_warning=225 --diag_wrap=off --display_error_number --abi=eabi --preproc_with_compile --preproc_dependency="main.d_raw"  "../main.c"
"../main.c", line 16: warning #179-D: variable "ping_distance" was declared but never referenced
Finished building: "../main.c"
 
Building file: "../ping.c"
Invoking: Arm Compiler
"C:/ti/ccs1031/ccs/tools/compiler/ti-cgt-arm_20.2.4.LTS/bin/armcl" -mv7M4 --code_state=16 --float_support=FPv4SPD16 -me --include_path="C:/ti/TivaWare_C_Series-2.1.4.178" --include_path="C:/Users/dsr/Downloads/288Lab/288Lab-master/lab_9" --include_path="C:/ti/ccs1031/ccs/tools/compiler/ti-cgt-arm_20.2.4.LTS/include" --define=ccs="ccs" --define=PART_TM4C123GH6PM -g --gcc --diag_warning=225 --diag_wrap=off --display_error_number --abi=eabi --preproc_with_compile --preproc_dependency="ping.d_raw"  "../ping.c"
Finished building: "../ping.c"
 
Building target: "lab_9.out"
Invoking: Arm Linker
"C:/ti/ccs1031/ccs/tools/compiler/ti-cgt-arm_20.2.4.LTS/bin/armcl" -mv7M4 --code_state=16 --float_support=FPv4SPD16 -me --define=ccs="ccs" --define=PART_TM4C123GH6PM -g --gcc --diag_warning=225 --diag_wrap=off --display_error_number --abi=eabi -z -m"lab_9.map" --heap_size=1024 --stack_size=2048 -i"C:/ti/ccs1031/ccs/tools/compiler/ti-cgt-arm_20.2.4.LTS/lib" -i"C:/ti/ccs1031/ccs/tools/compiler/ti-cgt-arm_20.2.4.LTS/include" --reread_libs --diag_wrap=off --display_error_number --warn_sections --xml_link_info="lab_9_linkInfo.xml" --rom_model -o "lab_9.out" "./Timer.obj" "./adc.obj" "./button.obj" "./extended_simple_mission_main.obj" "./lcd.obj" "./main.obj" "./mission_helper.obj" "./movement.obj" "./open_interface.obj" "./ping.obj" "./tm4c123gh6pm_startup_ccs.obj" "./uart.obj" "../libcybotScan.lib" "../libcybotUART.lib" "../tm4c123gh6pm.cmd" "../dvt/libcybotScan.lib"  -l"C:/ti/TivaWare_C_Series-2.1.4.178/driverlib/ccs/Debug/driverlib.lib" -llibc.a 
<Linking>
error #10056: symbol "ping_init" redefined: first defined in "./ping.obj"; redefined in "../libcybotScan.lib<ping.obj>"
error #10010: errors encountered during linking; "lab_9.out" not built
 
>> Compilation failure
makefile:158: recipe for target 'lab_9.out' failed
gmake[1]: *** [lab_9.out] Error 1
makefile:154: recipe for target 'all' failed
gmake: *** [all] Error 2

**** Build Finished ****

**** Build of configuration Debug for project lab_9 ****

"C:\\ti\\ccs1031\\ccs\\utils\\bin\\gmake" -k -j 8 all -O 
 
Building file: "../main.c"
Invoking: Arm Compiler
"C:/ti/ccs1031/ccs/tools/compiler/ti-cgt-arm_20.2.4.LTS/bin/armcl" -mv7M4 --code_state=16 --float_support=FPv4SPD16 -me --include_path="C:/ti/TivaWare_C_Series-2.1.4.178" --include_path="C:/Users/dsr/Downloads/288Lab/288Lab-master/lab_9" --include_path="C:/ti/ccs1031/ccs/tools/compiler/ti-cgt-arm_20.2.4.LTS/include" --define=ccs="ccs" --define=PART_TM4C123GH6PM -g --gcc --diag_warning=225 --diag_wrap=off --display_error_number --abi=eabi --preproc_with_compile --preproc_dependency="main.d_raw"  "../main.c"
"../main.c", line 16: warning #179-D: variable "ping_distance" was declared but never referenced
Finished building: "../main.c"
 
Building file: "../ping.c"
Invoking: Arm Compiler
"C:/ti/ccs1031/ccs/tools/compiler/ti-cgt-arm_20.2.4.LTS/bin/armcl" -mv7M4 --code_state=16 --float_support=FPv4SPD16 -me --include_path="C:/ti/TivaWare_C_Series-2.1.4.178" --include_path="C:/Users/dsr/Downloads/288Lab/288Lab-master/lab_9" --include_path="C:/ti/ccs1031/ccs/tools/compiler/ti-cgt-arm_20.2.4.LTS/include" --define=ccs="ccs" --define=PART_TM4C123GH6PM -g --gcc --diag_warning=225 --diag_wrap=off --display_error_number --abi=eabi --preproc_with_compile --preproc_dependency="ping.d_raw"  "../ping.c"
Finished building: "../ping.c"
 
Building target: "lab_9.out"
Invoking: Arm Linker
"C:/ti/ccs1031/ccs/tools/compiler/ti-cgt-arm_20.2.4.LTS/bin/armcl" -mv7M4 --code_state=16 --float_support=FPv4SPD16 -me --define=ccs="ccs" --define=PART_TM4C123GH6PM -g --gcc --diag_warning=225 --diag_wrap=off --display_error_number --abi=eabi -z -m"lab_9.map" --heap_size=1024 --stack_size=2048 -i"C:/ti/ccs1031/ccs/tools/compiler/ti-cgt-arm_20.2.4.LTS/lib" -i"C:/ti/ccs1031/ccs/tools/compiler/ti-cgt-arm_20.2.4.LTS/include" --reread_libs --diag_wrap=off --display_error_number --warn_sections --xml_link_info="lab_9_linkInfo.xml" --rom_model -o "lab_9.out" "./Timer.obj" "./adc.obj" "./button.obj" "./extended_simple_mission_main.obj" "./lcd.obj" "./main.obj" "./mission_helper.obj" "./movement.obj" "./open_interface.obj" "./ping.obj" "./tm4c123gh6pm_startup_ccs.obj" "./uart.obj" "../libcybotScan.lib" "../libcybotUART.lib" "../tm4c123gh6pm.cmd" "../dvt/libcybotScan.lib"  -l"C:/ti/TivaWare_C_Series-2.1.4.178/driverlib/ccs/Debug/driverlib.lib" -llibc.a 
<Linking>
Finished building target: "lab_9.out"
 

**** Build Finished ****

**** Build of configuration Debug for project lab_9 ****

"C:\\ti\\ccs1031\\ccs\\utils\\bin\\gmake" -k -j 8 all -O 
 
Building file: "../main.c"
Invoking: Arm Compiler
"C:/ti/ccs1031/ccs/tools/compiler/ti-cgt-arm_20.2.4.LTS/bin/armcl" -mv7M4 --code_state=16 --float_support=FPv4SPD16 -me --include_path="C:/ti/TivaWare_C_Series-2.1.4.178" --include_path="C:/Users/dsr/Downloads/288Lab/288Lab-master/lab_9" --include_path="C:/ti/ccs1031/ccs/tools/compiler/ti-cgt-arm_20.2.4.LTS/include" --define=ccs="ccs" --define=PART_TM4C123GH6PM -g --gcc --diag_warning=225 --diag_wrap=off --display_error_number --abi=eabi --preproc_with_compile --preproc_dependency="main.d_raw"  "../main.c"
"../main.c", line 21: warning #225-D: function "ping_read" declared implicitly
"../main.c", line 16: warning #552-D: variable "ping_distance" was set but never used
Finished building: "../main.c"
 
Building file: "../ping.c"
Invoking: Arm Compiler
"C:/ti/ccs1031/ccs/tools/compiler/ti-cgt-arm_20.2.4.LTS/bin/armcl" -mv7M4 --code_state=16 --float_support=FPv4SPD16 -me --include_path="C:/ti/TivaWare_C_Series-2.1.4.178" --include_path="C:/Users/dsr/Downloads/288Lab/288Lab-master/lab_9" --include_path="C:/ti/ccs1031/ccs/tools/compiler/ti-cgt-arm_20.2.4.LTS/include" --define=ccs="ccs" --define=PART_TM4C123GH6PM -g --gcc --diag_warning=225 --diag_wrap=off --display_error_number --abi=eabi --preproc_with_compile --preproc_dependency="ping.d_raw"  "../ping.c"
Finished building: "../ping.c"
 
Building target: "lab_9.out"
Invoking: Arm Linker
"C:/ti/ccs1031/ccs/tools/compiler/ti-cgt-arm_20.2.4.LTS/bin/armcl" -mv7M4 --code_state=16 --float_support=FPv4SPD16 -me --define=ccs="ccs" --define=PART_TM4C123GH6PM -g --gcc --diag_warning=225 --diag_wrap=off --display_error_number --abi=eabi -z -m"lab_9.map" --heap_size=1024 --stack_size=2048 -i"C:/ti/ccs1031/ccs/tools/compiler/ti-cgt-arm_20.2.4.LTS/lib" -i"C:/ti/ccs1031/ccs/tools/compiler/ti-cgt-arm_20.2.4.LTS/include" --reread_libs --diag_wrap=off --display_error_number --warn_sections --xml_link_info="lab_9_linkInfo.xml" --rom_model -o "lab_9.out" "./Timer.obj" "./adc.obj" "./button.obj" "./extended_simple_mission_main.obj" "./lcd.obj" "./main.obj" "./mission_helper.obj" "./movement.obj" "./open_interface.obj" "./ping.obj" "./tm4c123gh6pm_startup_ccs.obj" "./uart.obj" "../libcybotScan.lib" "../libcybotUART.lib" "../tm4c123gh6pm.cmd" "../dvt/libcybotScan.lib"  -l"C:/ti/TivaWare_C_Series-2.1.4.178/driverlib/ccs/Debug/driverlib.lib" -llibc.a 
<Linking>
 
 undefined first referenced
  symbol       in file     
 --------- ----------------
 ping_read ./main.obj      
 
error #10234-D: unresolved symbols remain
error #10010: errors encountered during linking; "lab_9.out" not built
 
>> Compilation failure
makefile:158: recipe for target 'lab_9.out' failed
gmake[1]: *** [lab_9.out] Error 1
makefile:154: recipe for target 'all' failed
gmake: *** [all] Error 2

**** Build Finished ****

**** Build of configuration Debug for project lab_9 ****

"C:\\ti\\ccs1031\\ccs\\utils\\bin\\gmake" -k -j 8 all -O 
 
Building file: "../ping.c"
Invoking: Arm Compiler
"C:/ti/ccs1031/ccs/tools/compiler/ti-cgt-arm_20.2.4.LTS/bin/armcl" -mv7M4 --code_state=16 --float_support=FPv4SPD16 -me --include_path="C:/ti/TivaWare_C_Series-2.1.4.178" --include_path="C:/Users/dsr/Downloads/288Lab/288Lab-master/lab_9" --include_path="C:/ti/ccs1031/ccs/tools/compiler/ti-cgt-arm_20.2.4.LTS/include" --define=ccs="ccs" --define=PART_TM4C123GH6PM -g --gcc --diag_warning=225 --diag_wrap=off --display_error_number --abi=eabi --preproc_with_compile --preproc_dependency="ping.d_raw"  "../ping.c"
Finished building: "../ping.c"
 
Building file: "../main.c"
Invoking: Arm Compiler
"C:/ti/ccs1031/ccs/tools/compiler/ti-cgt-arm_20.2.4.LTS/bin/armcl" -mv7M4 --code_state=16 --float_support=FPv4SPD16 -me --include_path="C:/ti/TivaWare_C_Series-2.1.4.178" --include_path="C:/Users/dsr/Downloads/288Lab/288Lab-master/lab_9" --include_path="C:/ti/ccs1031/ccs/tools/compiler/ti-cgt-arm_20.2.4.LTS/include" --define=ccs="ccs" --define=PART_TM4C123GH6PM -g --gcc --diag_warning=225 --diag_wrap=off --display_error_number --abi=eabi --preproc_with_compile --preproc_dependency="main.d_raw"  "../main.c"
"../main.c", line 16: warning #552-D: variable "ping_distance" was set but never used
Finished building: "../main.c"
 
Building target: "lab_9.out"
Invoking: Arm Linker
"C:/ti/ccs1031/ccs/tools/compiler/ti-cgt-arm_20.2.4.LTS/bin/armcl" -mv7M4 --code_state=16 --float_support=FPv4SPD16 -me --define=ccs="ccs" --define=PART_TM4C123GH6PM -g --gcc --diag_warning=225 --diag_wrap=off --display_error_number --abi=eabi -z -m"lab_9.map" --heap_size=1024 --stack_size=2048 -i"C:/ti/ccs1031/ccs/tools/compiler/ti-cgt-arm_20.2.4.LTS/lib" -i"C:/ti/ccs1031/ccs/tools/compiler/ti-cgt-arm_20.2.4.LTS/include" --reread_libs --diag_wrap=off --display_error_number --warn_sections --xml_link_info="lab_9_linkInfo.xml" --rom_model -o "lab_9.out" "./Timer.obj" "./adc.obj" "./button.obj" "./extended_simple_mission_main.obj" "./lcd.obj" "./main.obj" "./mission_helper.obj" "./movement.obj" "./open_interface.obj" "./ping.obj" "./tm4c123gh6pm_startup_ccs.obj" "./uart.obj" "../libcybotScan.lib" "../libcybotUART.lib" "../tm4c123gh6pm.cmd" "../dvt/libcybotScan.lib"  -l"C:/ti/TivaWare_C_Series-2.1.4.178/driverlib/ccs/Debug/driverlib.lib" -llibc.a 
<Linking>
Finished building target: "lab_9.out"
 

**** Build Finished ****

**** Build of configuration Debug for project lab_9 ****

"C:\\ti\\ccs1031\\ccs\\utils\\bin\\gmake" -k -j 8 all -O 
 
Building file: "../main.c"
Invoking: Arm Compiler
"C:/ti/ccs1031/ccs/tools/compiler/ti-cgt-arm_20.2.4.LTS/bin/armcl" -mv7M4 --code_state=16 --float_support=FPv4SPD16 -me --include_path="C:/ti/TivaWare_C_Series-2.1.4.178" --include_path="C:/Users/dsr/Downloads/288Lab/288Lab-master/lab_9" --include_path="C:/ti/ccs1031/ccs/tools/compiler/ti-cgt-arm_20.2.4.LTS/include" --define=ccs="ccs" --define=PART_TM4C123GH6PM -g --gcc --diag_warning=225 --diag_wrap=off --display_error_number --abi=eabi --preproc_with_compile --preproc_dependency="main.d_raw"  "../main.c"
"../main.c", line 16: warning #179-D: variable "ping_distance" was declared but never referenced
Finished building: "../main.c"
 
Building target: "lab_9.out"
Invoking: Arm Linker
"C:/ti/ccs1031/ccs/tools/compiler/ti-cgt-arm_20.2.4.LTS/bin/armcl" -mv7M4 --code_state=16 --float_support=FPv4SPD16 -me --define=ccs="ccs" --define=PART_TM4C123GH6PM -g --gcc --diag_warning=225 --diag_wrap=off --display_error_number --abi=eabi -z -m"lab_9.map" --heap_size=1024 --stack_size=2048 -i"C:/ti/ccs1031/ccs/tools/compiler/ti-cgt-arm_20.2.4.LTS/lib" -i"C:/ti/ccs1031/ccs/tools/compiler/ti-cgt-arm_20.2.4.LTS/include" --reread_libs --diag_wrap=off --display_error_number --warn_sections --xml_link_info="lab_9_linkInfo.xml" --rom_model -o "lab_9.out" "./Timer.obj" "./adc.obj" "./button.obj" "./extended_simple_mission_main.obj" "./lcd.obj" "./main.obj" "./mission_helper.obj" "./movement.obj" "./open_interface.obj" "./ping.obj" "./tm4c123gh6pm_startup_ccs.obj" "./uart.obj" "../libcybotScan.lib" "../libcybotUART.lib" "../tm4c123gh6pm.cmd" "../dvt/libcybotScan.lib"  -l"C:/ti/TivaWare_C_Series-2.1.4.178/driverlib/ccs/Debug/driverlib.lib" -llibc.a 
<Linking>
Finished building target: "lab_9.out"
 

**** Build Finished ****

**** Build of configuration Debug for project lab_9 ****

"C:\\ti\\ccs1031\\ccs\\utils\\bin\\gmake" -k -j 8 all -O 
 
Building file: "../main.c"
Invoking: Arm Compiler
"C:/ti/ccs1031/ccs/tools/compiler/ti-cgt-arm_20.2.4.LTS/bin/armcl" -mv7M4 --code_state=16 --float_support=FPv4SPD16 -me --include_path="C:/ti/TivaWare_C_Series-2.1.4.178" --include_path="C:/Users/dsr/Downloads/288Lab/288Lab-master/lab_9" --include_path="C:/ti/ccs1031/ccs/tools/compiler/ti-cgt-arm_20.2.4.LTS/include" --define=ccs="ccs" --define=PART_TM4C123GH6PM -g --gcc --diag_warning=225 --diag_wrap=off --display_error_number --abi=eabi --preproc_with_compile --preproc_dependency="main.d_raw"  "../main.c"
"../main.c", line 16: warning #552-D: variable "ping_distance" was set but never used
Finished building: "../main.c"
 
Building target: "lab_9.out"
Invoking: Arm Linker
"C:/ti/ccs1031/ccs/tools/compiler/ti-cgt-arm_20.2.4.LTS/bin/armcl" -mv7M4 --code_state=16 --float_support=FPv4SPD16 -me --define=ccs="ccs" --define=PART_TM4C123GH6PM -g --gcc --diag_warning=225 --diag_wrap=off --display_error_number --abi=eabi -z -m"lab_9.map" --heap_size=1024 --stack_size=2048 -i"C:/ti/ccs1031/ccs/tools/compiler/ti-cgt-arm_20.2.4.LTS/lib" -i"C:/ti/ccs1031/ccs/tools/compiler/ti-cgt-arm_20.2.4.LTS/include" --reread_libs --diag_wrap=off --display_error_number --warn_sections --xml_link_info="lab_9_linkInfo.xml" --rom_model -o "lab_9.out" "./Timer.obj" "./adc.obj" "./button.obj" "./extended_simple_mission_main.obj" "./lcd.obj" "./main.obj" "./mission_helper.obj" "./movement.obj" "./open_interface.obj" "./ping.obj" "./tm4c123gh6pm_startup_ccs.obj" "./uart.obj" "../libcybotScan.lib" "../libcybotUART.lib" "../tm4c123gh6pm.cmd" "../dvt/libcybotScan.lib"  -l"C:/ti/TivaWare_C_Series-2.1.4.178/driverlib/ccs/Debug/driverlib.lib" -llibc.a 
<Linking>
Finished building target: "lab_9.out"
 

**** Build Finished ****

**** Build of configuration Debug for project lab_9 ****

"C:\\ti\\ccs1031\\ccs\\utils\\bin\\gmake" -k -j 8 all -O 
 
Building file: "../main.c"
Invoking: Arm Compiler
"C:/ti/ccs1031/ccs/tools/compiler/ti-cgt-arm_20.2.4.LTS/bin/armcl" -mv7M4 --code_state=16 --float_support=FPv4SPD16 -me --include_path="C:/ti/TivaWare_C_Series-2.1.4.178" --include_path="C:/Users/dsr/Downloads/288Lab/288Lab-master/lab_9" --include_path="C:/ti/ccs1031/ccs/tools/compiler/ti-cgt-arm_20.2.4.LTS/include" --define=ccs="ccs" --define=PART_TM4C123GH6PM -g --gcc --diag_warning=225 --diag_wrap=off --display_error_number --abi=eabi --preproc_with_compile --preproc_dependency="main.d_raw"  "../main.c"
"../main.c", line 16: warning #552-D: variable "ping_distance" was set but never used
Finished building: "../main.c"
 
Building target: "lab_9.out"
Invoking: Arm Linker
"C:/ti/ccs1031/ccs/tools/compiler/ti-cgt-arm_20.2.4.LTS/bin/armcl" -mv7M4 --code_state=16 --float_support=FPv4SPD16 -me --define=ccs="ccs" --define=PART_TM4C123GH6PM -g --gcc --diag_warning=225 --diag_wrap=off --display_error_number --abi=eabi -z -m"lab_9.map" --heap_size=1024 --stack_size=2048 -i"C:/ti/ccs1031/ccs/tools/compiler/ti-cgt-arm_20.2.4.LTS/lib" -i"C:/ti/ccs1031/ccs/tools/compiler/ti-cgt-arm_20.2.4.LTS/include" --reread_libs --diag_wrap=off --display_error_number --warn_sections --xml_link_info="lab_9_linkInfo.xml" --rom_model -o "lab_9.out" "./Timer.obj" "./adc.obj" "./button.obj" "./extended_simple_mission_main.obj" "./lcd.obj" "./main.obj" "./mission_helper.obj" "./movement.obj" "./open_interface.obj" "./ping.obj" "./tm4c123gh6pm_startup_ccs.obj" "./uart.obj" "../libcybotScan.lib" "../libcybotUART.lib" "../tm4c123gh6pm.cmd" "../dvt/libcybotScan.lib"  -l"C:/ti/TivaWare_C_Series-2.1.4.178/driverlib/ccs/Debug/driverlib.lib" -llibc.a 
<Linking>
Finished building target: "lab_9.out"
 

**** Build Finished ****

**** Build of configuration Debug for project lab_9 ****

"C:\\ti\\ccs1031\\ccs\\utils\\bin\\gmake" -k -j 8 all -O 
 
Building file: "../main.c"
Invoking: Arm Compiler
"C:/ti/ccs1031/ccs/tools/compiler/ti-cgt-arm_20.2.4.LTS/bin/armcl" -mv7M4 --code_state=16 --float_support=FPv4SPD16 -me --include_path="C:/ti/TivaWare_C_Series-2.1.4.178" --include_path="C:/Users/dsr/Downloads/288Lab/288Lab-master/lab_9" --include_path="C:/ti/ccs1031/ccs/tools/compiler/ti-cgt-arm_20.2.4.LTS/include" --define=ccs="ccs" --define=PART_TM4C123GH6PM -g --gcc --diag_warning=225 --diag_wrap=off --display_error_number --abi=eabi --preproc_with_compile --preproc_dependency="main.d_raw"  "../main.c"
"../main.c", line 16: warning #552-D: variable "ping_distance" was set but never used
Finished building: "../main.c"
 
Building target: "lab_9.out"
Invoking: Arm Linker
"C:/ti/ccs1031/ccs/tools/compiler/ti-cgt-arm_20.2.4.LTS/bin/armcl" -mv7M4 --code_state=16 --float_support=FPv4SPD16 -me --define=ccs="ccs" --define=PART_TM4C123GH6PM -g --gcc --diag_warning=225 --diag_wrap=off --display_error_number --abi=eabi -z -m"lab_9.map" --heap_size=1024 --stack_size=2048 -i"C:/ti/ccs1031/ccs/tools/compiler/ti-cgt-arm_20.2.4.LTS/lib" -i"C:/ti/ccs1031/ccs/tools/compiler/ti-cgt-arm_20.2.4.LTS/include" --reread_libs --diag_wrap=off --display_error_number --warn_sections --xml_link_info="lab_9_linkInfo.xml" --rom_model -o "lab_9.out" "./Timer.obj" "./adc.obj" "./button.obj" "./extended_simple_mission_main.obj" "./lcd.obj" "./main.obj" "./mission_helper.obj" "./movement.obj" "./open_interface.obj" "./ping.obj" "./tm4c123gh6pm_startup_ccs.obj" "./uart.obj" "../libcybotScan.lib" "../libcybotUART.lib" "../tm4c123gh6pm.cmd" "../dvt/libcybotScan.lib"  -l"C:/ti/TivaWare_C_Series-2.1.4.178/driverlib/ccs/Debug/driverlib.lib" -llibc.a 
<Linking>
Finished building target: "lab_9.out"
 

**** Build Finished ****

**** Build of configuration Debug for project lab_9 ****

"C:\\ti\\ccs1031\\ccs\\utils\\bin\\gmake" -k -j 8 all -O 
 
Building file: "../ping.c"
Invoking: Arm Compiler
"C:/ti/ccs1031/ccs/tools/compiler/ti-cgt-arm_20.2.4.LTS/bin/armcl" -mv7M4 --code_state=16 --float_support=FPv4SPD16 -me --include_path="C:/ti/TivaWare_C_Series-2.1.4.178" --include_path="C:/Users/dsr/Downloads/288Lab/288Lab-master/lab_9" --include_path="C:/ti/ccs1031/ccs/tools/compiler/ti-cgt-arm_20.2.4.LTS/include" --define=ccs="ccs" --define=PART_TM4C123GH6PM -g --gcc --diag_warning=225 --diag_wrap=off --display_error_number --abi=eabi --preproc_with_compile --preproc_dependency="ping.d_raw"  "../ping.c"
 
>> Compilation failure
subdir_rules.mk:9: recipe for target 'ping.obj' failed
"../ping.c", line 35: error #20: identifier "TIMER3B_Handler" is undefined
1 error detected in the compilation of "../ping.c".
gmake: *** [ping.obj] Error 1
gmake: Target 'all' not remade because of errors.

**** Build Finished ****

**** Build of configuration Debug for project lab_9 ****

"C:\\ti\\ccs1031\\ccs\\utils\\bin\\gmake" -k -j 8 all -O 
 
Building file: "../main.c"
Invoking: Arm Compiler
"C:/ti/ccs1031/ccs/tools/compiler/ti-cgt-arm_20.2.4.LTS/bin/armcl" -mv7M4 --code_state=16 --float_support=FPv4SPD16 -me --include_path="C:/ti/TivaWare_C_Series-2.1.4.178" --include_path="C:/Users/dsr/Downloads/288Lab/288Lab-master/lab_9" --include_path="C:/ti/ccs1031/ccs/tools/compiler/ti-cgt-arm_20.2.4.LTS/include" --define=ccs="ccs" --define=PART_TM4C123GH6PM -g --gcc --diag_warning=225 --diag_wrap=off --display_error_number --abi=eabi --preproc_with_compile --preproc_dependency="main.d_raw"  "../main.c"
"../main.c", line 16: warning #552-D: variable "ping_distance" was set but never used
Finished building: "../main.c"
 
Building file: "../ping.c"
Invoking: Arm Compiler
"C:/ti/ccs1031/ccs/tools/compiler/ti-cgt-arm_20.2.4.LTS/bin/armcl" -mv7M4 --code_state=16 --float_support=FPv4SPD16 -me --include_path="C:/ti/TivaWare_C_Series-2.1.4.178" --include_path="C:/Users/dsr/Downloads/288Lab/288Lab-master/lab_9" --include_path="C:/ti/ccs1031/ccs/tools/compiler/ti-cgt-arm_20.2.4.LTS/include" --define=ccs="ccs" --define=PART_TM4C123GH6PM -g --gcc --diag_warning=225 --diag_wrap=off --display_error_number --abi=eabi --preproc_with_compile --preproc_dependency="ping.d_raw"  "../ping.c"
Finished building: "../ping.c"
 
Building target: "lab_9.out"
Invoking: Arm Linker
"C:/ti/ccs1031/ccs/tools/compiler/ti-cgt-arm_20.2.4.LTS/bin/armcl" -mv7M4 --code_state=16 --float_support=FPv4SPD16 -me --define=ccs="ccs" --define=PART_TM4C123GH6PM -g --gcc --diag_warning=225 --diag_wrap=off --display_error_number --abi=eabi -z -m"lab_9.map" --heap_size=1024 --stack_size=2048 -i"C:/ti/ccs1031/ccs/tools/compiler/ti-cgt-arm_20.2.4.LTS/lib" -i"C:/ti/ccs1031/ccs/tools/compiler/ti-cgt-arm_20.2.4.LTS/include" --reread_libs --diag_wrap=off --display_error_number --warn_sections --xml_link_info="lab_9_linkInfo.xml" --rom_model -o "lab_9.out" "./Timer.obj" "./adc.obj" "./button.obj" "./extended_simple_mission_main.obj" "./lcd.obj" "./main.obj" "./mission_helper.obj" "./movement.obj" "./open_interface.obj" "./ping.obj" "./tm4c123gh6pm_startup_ccs.obj" "./uart.obj" "../libcybotScan.lib" "../libcybotUART.lib" "../tm4c123gh6pm.cmd" "../dvt/libcybotScan.lib"  -l"C:/ti/TivaWare_C_Series-2.1.4.178/driverlib/ccs/Debug/driverlib.lib" -llibc.a 
<Linking>
error #10056: symbol "TIMER3B_Handler" redefined: first defined in "./ping.obj"; redefined in "../libcybotScan.lib<ping.obj>"
error #10010: errors encountered during linking; "lab_9.out" not built
 
>> Compilation failure
makefile:158: recipe for target 'lab_9.out' failed
gmake[1]: *** [lab_9.out] Error 1
makefile:154: recipe for target 'all' failed
gmake: *** [all] Error 2

**** Build Finished ****

**** Build of configuration Debug for project lab_9 ****

"C:\\ti\\ccs1031\\ccs\\utils\\bin\\gmake" -k -j 8 all -O 
 
Building file: "../main.c"
Invoking: Arm Compiler
"C:/ti/ccs1031/ccs/tools/compiler/ti-cgt-arm_20.2.4.LTS/bin/armcl" -mv7M4 --code_state=16 --float_support=FPv4SPD16 -me --include_path="C:/ti/TivaWare_C_Series-2.1.4.178" --include_path="C:/Users/dsr/Downloads/288Lab/288Lab-master/lab_9" --include_path="C:/ti/ccs1031/ccs/tools/compiler/ti-cgt-arm_20.2.4.LTS/include" --define=ccs="ccs" --define=PART_TM4C123GH6PM -g --gcc --diag_warning=225 --diag_wrap=off --display_error_number --abi=eabi --preproc_with_compile --preproc_dependency="main.d_raw"  "../main.c"
"../main.c", line 16: warning #552-D: variable "ping_distance" was set but never used
Finished building: "../main.c"
 
Building file: "../ping.c"
Invoking: Arm Compiler
"C:/ti/ccs1031/ccs/tools/compiler/ti-cgt-arm_20.2.4.LTS/bin/armcl" -mv7M4 --code_state=16 --float_support=FPv4SPD16 -me --include_path="C:/ti/TivaWare_C_Series-2.1.4.178" --include_path="C:/Users/dsr/Downloads/288Lab/288Lab-master/lab_9" --include_path="C:/ti/ccs1031/ccs/tools/compiler/ti-cgt-arm_20.2.4.LTS/include" --define=ccs="ccs" --define=PART_TM4C123GH6PM -g --gcc --diag_warning=225 --diag_wrap=off --display_error_number --abi=eabi --preproc_with_compile --preproc_dependency="ping.d_raw"  "../ping.c"
Finished building: "../ping.c"
 
Building target: "lab_9.out"
Invoking: Arm Linker
"C:/ti/ccs1031/ccs/tools/compiler/ti-cgt-arm_20.2.4.LTS/bin/armcl" -mv7M4 --code_state=16 --float_support=FPv4SPD16 -me --define=ccs="ccs" --define=PART_TM4C123GH6PM -g --gcc --diag_warning=225 --diag_wrap=off --display_error_number --abi=eabi -z -m"lab_9.map" --heap_size=1024 --stack_size=2048 -i"C:/ti/ccs1031/ccs/tools/compiler/ti-cgt-arm_20.2.4.LTS/lib" -i"C:/ti/ccs1031/ccs/tools/compiler/ti-cgt-arm_20.2.4.LTS/include" --reread_libs --diag_wrap=off --display_error_number --warn_sections --xml_link_info="lab_9_linkInfo.xml" --rom_model -o "lab_9.out" "./Timer.obj" "./adc.obj" "./button.obj" "./extended_simple_mission_main.obj" "./lcd.obj" "./main.obj" "./mission_helper.obj" "./movement.obj" "./open_interface.obj" "./ping.obj" "./tm4c123gh6pm_startup_ccs.obj" "./uart.obj" "../libcybotScan.lib" "../libcybotUART.lib" "../tm4c123gh6pm.cmd" "../dvt/libcybotScan.lib"  -l"C:/ti/TivaWare_C_Series-2.1.4.178/driverlib/ccs/Debug/driverlib.lib" -llibc.a 
<Linking>
error #10056: symbol "TIMER3B_Handler" redefined: first defined in "./ping.obj"; redefined in "../libcybotScan.lib<ping.obj>"
 
 undefined       first referenced
  symbol             in file     
 ---------       ----------------
 TIMER3B_handler ./ping.obj      
 
error #10234-D: unresolved symbols remain
error #10010: errors encountered during linking; "lab_9.out" not built
 
>> Compilation failure
makefile:158: recipe for target 'lab_9.out' failed
gmake[1]: *** [lab_9.out] Error 1
makefile:154: recipe for target 'all' failed
gmake: *** [all] Error 2

**** Build Finished ****

**** Build of configuration Debug for project lab_9 ****

"C:\\ti\\ccs1031\\ccs\\utils\\bin\\gmake" -k -j 8 all -O 
 
Building file: "../ping.c"
Invoking: Arm Compiler
"C:/ti/ccs1031/ccs/tools/compiler/ti-cgt-arm_20.2.4.LTS/bin/armcl" -mv7M4 --code_state=16 --float_support=FPv4SPD16 -me --include_path="C:/ti/TivaWare_C_Series-2.1.4.178" --include_path="C:/Users/dsr/Downloads/288Lab/288Lab-master/lab_9" --include_path="C:/ti/ccs1031/ccs/tools/compiler/ti-cgt-arm_20.2.4.LTS/include" --define=ccs="ccs" --define=PART_TM4C123GH6PM -g --gcc --diag_warning=225 --diag_wrap=off --display_error_number --abi=eabi --preproc_with_compile --preproc_dependency="ping.d_raw"  "../ping.c"
Finished building: "../ping.c"
 
Building target: "lab_9.out"
Invoking: Arm Linker
"C:/ti/ccs1031/ccs/tools/compiler/ti-cgt-arm_20.2.4.LTS/bin/armcl" -mv7M4 --code_state=16 --float_support=FPv4SPD16 -me --define=ccs="ccs" --define=PART_TM4C123GH6PM -g --gcc --diag_warning=225 --diag_wrap=off --display_error_number --abi=eabi -z -m"lab_9.map" --heap_size=1024 --stack_size=2048 -i"C:/ti/ccs1031/ccs/tools/compiler/ti-cgt-arm_20.2.4.LTS/lib" -i"C:/ti/ccs1031/ccs/tools/compiler/ti-cgt-arm_20.2.4.LTS/include" --reread_libs --diag_wrap=off --display_error_number --warn_sections --xml_link_info="lab_9_linkInfo.xml" --rom_model -o "lab_9.out" "./Timer.obj" "./adc.obj" "./button.obj" "./extended_simple_mission_main.obj" "./lcd.obj" "./main.obj" "./mission_helper.obj" "./movement.obj" "./open_interface.obj" "./ping.obj" "./tm4c123gh6pm_startup_ccs.obj" "./uart.obj" "../libcybotScan.lib" "../libcybotUART.lib" "../tm4c123gh6pm.cmd" "../dvt/libcybotScan.lib"  -l"C:/ti/TivaWare_C_Series-2.1.4.178/driverlib/ccs/Debug/driverlib.lib" -llibc.a 
<Linking>
Finished building target: "lab_9.out"
 

**** Build Finished ****
